TpTrace Verbose: 0 : 19592, 1, 2025/03/17, 18:14:49.982, 4687914252759, vstest.console.dll, Version: 17.12.0-release-24508-01 Current process architecture: X64
TpTrace Verbose: 0 : 19592, 1, 2025/03/17, 18:14:49.985, 4687914283563, vstest.console.dll, Runtime location: C:\Program Files\dotnet\shared\Microsoft.NETCore.App\9.0.0
TpTrace Verbose: 0 : 19592, 1, 2025/03/17, 18:14:49.989, 4687914322103, vstest.console.dll, ArtifactProcessingPostProcessModeProcessorExecutor.Initialize: ArtifactProcessingMode.Collect
TpTrace Verbose: 0 : 19592, 1, 2025/03/17, 18:14:49.989, 4687914323180, vstest.console.dll, TestSessionCorrelationIdProcessorModeProcessorExecutor.Initialize: TestSessionCorrelationId '35524_67f88229-6cf1-4219-817a-41f7484d86b8'
TpTrace Information: 0 : 19592, 1, 2025/03/17, 18:14:49.995, 4687914384648, vstest.console.dll, FilePatternParser: The given file C:\Users\Allessi\Downloads\abi-gth-omnia-developer-evaluation\template\backend\tests\Ambev.DeveloperEvaluation.Unit\bin\Debug\net8.0\fine-code-coverage\build-output\Ambev.DeveloperEvaluation.Unit.dll is a full path.
TpTrace Verbose: 0 : 19592, 1, 2025/03/17, 18:14:50.003, 4687914461178, vstest.console.dll, TestPluginCache.DiscoverTestExtensions: finding test extensions in assemblies ends with: RuntimeProvider.dll TPluginInfo: Microsoft.VisualStudio.TestPlatform.Common.ExtensionFramework.Utilities.TestRuntimePluginInformation TExtension: Microsoft.VisualStudio.TestPlatform.ObjectModel.Host.ITestRuntimeProvider
TpTrace Verbose: 0 : 19592, 1, 2025/03/17, 18:14:50.003, 4687914463902, vstest.console.dll, TestPluginCache.GetExtensionPaths: Filtered extension paths: 
TpTrace Verbose: 0 : 19592, 1, 2025/03/17, 18:14:50.003, 4687914464343, vstest.console.dll, TestPluginCache.GetExtensionPaths: Added default extension paths: C:\Program Files\dotnet\sdk\9.0.101\Extensions\Microsoft.Diagnostics.NETCore.Client.dll
C:\Program Files\dotnet\sdk\9.0.101\Extensions\Microsoft.TestPlatform.Extensions.BlameDataCollector.dll
C:\Program Files\dotnet\sdk\9.0.101\Extensions\Microsoft.TestPlatform.Extensions.EventLogCollector.dll
C:\Program Files\dotnet\sdk\9.0.101\Extensions\Microsoft.TestPlatform.TestHostRuntimeProvider.dll
C:\Program Files\dotnet\sdk\9.0.101\Extensions\Microsoft.VisualStudio.TestPlatform.Extensions.Html.TestLogger.dll
C:\Program Files\dotnet\sdk\9.0.101\Extensions\Microsoft.VisualStudio.TestPlatform.Extensions.Trx.TestLogger.dll
TpTrace Verbose: 0 : 19592, 1, 2025/03/17, 18:14:50.003, 4687914464531, vstest.console.dll, TestPluginCache.GetExtensionPaths: Added unfilterableExtensionPaths: 
TpTrace Information: 0 : 19592, 1, 2025/03/17, 18:14:50.004, 4687914469928, vstest.console.dll, AssemblyResolver.ctor: Creating AssemblyResolver with searchDirectories C:\Program Files\dotnet\sdk\9.0.101\Extensions,C:\Program Files\dotnet\sdk\9.0.101
TpTrace Verbose: 0 : 19592, 1, 2025/03/17, 18:14:50.005, 4687914486718, vstest.console.dll, TestPluginCache.DiscoverTestExtensions: Discovering the extensions using extension path.
TpTrace Verbose: 0 : 19592, 1, 2025/03/17, 18:14:50.005, 4687914487511, vstest.console.dll, TestPluginCache.GetExtensionPaths: Filtered extension paths: 
TpTrace Verbose: 0 : 19592, 1, 2025/03/17, 18:14:50.005, 4687914487704, vstest.console.dll, TestPluginCache.GetExtensionPaths: Added default extension paths: C:\Program Files\dotnet\sdk\9.0.101\Extensions\Microsoft.Diagnostics.NETCore.Client.dll
C:\Program Files\dotnet\sdk\9.0.101\Extensions\Microsoft.TestPlatform.Extensions.BlameDataCollector.dll
C:\Program Files\dotnet\sdk\9.0.101\Extensions\Microsoft.TestPlatform.Extensions.EventLogCollector.dll
C:\Program Files\dotnet\sdk\9.0.101\Extensions\Microsoft.TestPlatform.TestHostRuntimeProvider.dll
C:\Program Files\dotnet\sdk\9.0.101\Extensions\Microsoft.VisualStudio.TestPlatform.Extensions.Html.TestLogger.dll
C:\Program Files\dotnet\sdk\9.0.101\Extensions\Microsoft.VisualStudio.TestPlatform.Extensions.Trx.TestLogger.dll
TpTrace Verbose: 0 : 19592, 1, 2025/03/17, 18:14:50.005, 4687914487887, vstest.console.dll, TestPluginCache.GetExtensionPaths: Added unfilterableExtensionPaths: 
TpTrace Verbose: 0 : 19592, 1, 2025/03/17, 18:14:50.005, 4687914488492, vstest.console.dll, TestPluginCache.DiscoverTestExtensions: Discovering the extensions using allExtensionPaths: C:\Program Files\dotnet\sdk\9.0.101\Extensions\Microsoft.Diagnostics.NETCore.Client.dll
C:\Program Files\dotnet\sdk\9.0.101\Extensions\Microsoft.TestPlatform.Extensions.BlameDataCollector.dll
C:\Program Files\dotnet\sdk\9.0.101\Extensions\Microsoft.TestPlatform.Extensions.EventLogCollector.dll
C:\Program Files\dotnet\sdk\9.0.101\Extensions\Microsoft.TestPlatform.TestHostRuntimeProvider.dll
C:\Program Files\dotnet\sdk\9.0.101\Extensions\Microsoft.VisualStudio.TestPlatform.Extensions.Html.TestLogger.dll
C:\Program Files\dotnet\sdk\9.0.101\Extensions\Microsoft.VisualStudio.TestPlatform.Extensions.Trx.TestLogger.dll
TpTrace Information: 0 : 19592, 1, 2025/03/17, 18:14:50.005, 4687914489139, vstest.console.dll, AssemblyResolver.AddSearchDirectories: Adding more searchDirectories C:\Program Files\dotnet\sdk\9.0.101\Extensions,C:\Program Files\dotnet\sdk\9.0.101
TpTrace Information: 0 : 19592, 1, 2025/03/17, 18:14:50.006, 4687914489460, vstest.console.dll, AssemblyResolver.AddSearchDirectories: Adding more searchDirectories C:\Program Files\dotnet\sdk\9.0.101\Extensions,C:\Program Files\dotnet\sdk\9.0.101
TpTrace Information: 0 : 19592, 1, 2025/03/17, 18:14:50.006, 4687914489609, vstest.console.dll, AssemblyResolver.AddSearchDirectories: Adding more searchDirectories C:\Program Files\dotnet\sdk\9.0.101\Extensions,C:\Program Files\dotnet\sdk\9.0.101
TpTrace Information: 0 : 19592, 1, 2025/03/17, 18:14:50.006, 4687914489734, vstest.console.dll, AssemblyResolver.AddSearchDirectories: Adding more searchDirectories C:\Program Files\dotnet\sdk\9.0.101\Extensions,C:\Program Files\dotnet\sdk\9.0.101
TpTrace Information: 0 : 19592, 1, 2025/03/17, 18:14:50.006, 4687914489867, vstest.console.dll, AssemblyResolver.AddSearchDirectories: Adding more searchDirectories C:\Program Files\dotnet\sdk\9.0.101\Extensions,C:\Program Files\dotnet\sdk\9.0.101
TpTrace Information: 0 : 19592, 1, 2025/03/17, 18:14:50.006, 4687914490026, vstest.console.dll, AssemblyResolver.AddSearchDirectories: Adding more searchDirectories C:\Program Files\dotnet\sdk\9.0.101\Extensions,C:\Program Files\dotnet\sdk\9.0.101
TpTrace Information: 0 : 19592, 1, 2025/03/17, 18:14:50.006, 4687914493181, vstest.console.dll, AssemblyResolver.OnResolve: Microsoft.Diagnostics.NETCore.Client: Resolving assembly.
TpTrace Information: 0 : 19592, 1, 2025/03/17, 18:14:50.006, 4687914493737, vstest.console.dll, AssemblyResolver.OnResolve: Microsoft.Diagnostics.NETCore.Client: Searching in: 'C:\Program Files\dotnet\sdk\9.0.101\Extensions'.
TpTrace Information: 0 : 19592, 1, 2025/03/17, 18:14:50.018, 4687914616347, vstest.console.dll, AssemblyResolver.OnResolve: Microsoft.Diagnostics.NETCore.Client: Loading assembly 'C:\Program Files\dotnet\sdk\9.0.101\Extensions\Microsoft.Diagnostics.NETCore.Client.dll'.
TpTrace Information: 0 : 19592, 1, 2025/03/17, 18:14:50.020, 4687914629539, vstest.console.dll, AssemblyResolver.OnResolve: Resolved assembly: Microsoft.Diagnostics.NETCore.Client, from path: C:\Program Files\dotnet\sdk\9.0.101\Extensions\Microsoft.Diagnostics.NETCore.Client.dll
TpTrace Verbose: 0 : 19592, 1, 2025/03/17, 18:14:50.020, 4687914636629, vstest.console.dll, MetadataReaderExtensionsHelper: Discovering extensions inside assembly 'Microsoft.Diagnostics.NETCore.Client, Version=0.2.10.41601, Culture=neutral, PublicKeyToken=31bf3856ad364e35' file path 'C:\Program Files\dotnet\sdk\9.0.101\Extensions\Microsoft.Diagnostics.NETCore.Client.dll'
TpTrace Information: 0 : 19592, 1, 2025/03/17, 18:14:50.025, 4687914684442, vstest.console.dll, AssemblyResolver.OnResolve: Microsoft.Bcl.AsyncInterfaces: Resolving assembly.
TpTrace Information: 0 : 19592, 1, 2025/03/17, 18:14:50.025, 4687914685274, vstest.console.dll, AssemblyResolver.OnResolve: Microsoft.Bcl.AsyncInterfaces: Searching in: 'C:\Program Files\dotnet\sdk\9.0.101\Extensions'.
TpTrace Information: 0 : 19592, 1, 2025/03/17, 18:14:50.025, 4687914685831, vstest.console.dll, AssemblyResolver.OnResolve: Microsoft.Bcl.AsyncInterfaces: Assembly path does not exist: 'C:\Program Files\dotnet\sdk\9.0.101\Extensions\Microsoft.Bcl.AsyncInterfaces.dll', returning.
TpTrace Information: 0 : 19592, 1, 2025/03/17, 18:14:50.025, 4687914686421, vstest.console.dll, AssemblyResolver.OnResolve: Microsoft.Bcl.AsyncInterfaces: Assembly path does not exist: 'C:\Program Files\dotnet\sdk\9.0.101\Extensions\Microsoft.Bcl.AsyncInterfaces.exe', returning.
TpTrace Information: 0 : 19592, 1, 2025/03/17, 18:14:50.025, 4687914686598, vstest.console.dll, AssemblyResolver.OnResolve: Microsoft.Bcl.AsyncInterfaces: Searching in: 'C:\Program Files\dotnet\sdk\9.0.101'.
TpTrace Information: 0 : 19592, 1, 2025/03/17, 18:14:50.025, 4687914686880, vstest.console.dll, AssemblyResolver.OnResolve: Microsoft.Bcl.AsyncInterfaces: Assembly path does not exist: 'C:\Program Files\dotnet\sdk\9.0.101\Microsoft.Bcl.AsyncInterfaces.dll', returning.
TpTrace Information: 0 : 19592, 1, 2025/03/17, 18:14:50.025, 4687914687169, vstest.console.dll, AssemblyResolver.OnResolve: Microsoft.Bcl.AsyncInterfaces: Assembly path does not exist: 'C:\Program Files\dotnet\sdk\9.0.101\Microsoft.Bcl.AsyncInterfaces.exe', returning.
TpTrace Information: 0 : 19592, 1, 2025/03/17, 18:14:50.025, 4687914687301, vstest.console.dll, AssemblyResolver.OnResolve: Microsoft.Bcl.AsyncInterfaces: Failed to load assembly.
TpTrace Verbose: 0 : 19592, 1, 2025/03/17, 18:14:50.025, 4687914687516, vstest.console.dll, CurrentDomainAssemblyResolve: Resolving assembly 'Microsoft.Bcl.AsyncInterfaces'.
TpTrace Information: 0 : 19592, 1, 2025/03/17, 18:14:50.025, 4687914687843, vstest.console.dll, AssemblyResolver.OnResolve: Microsoft.Bcl.AsyncInterfaces: Resolving assembly.
TpTrace Information: 0 : 19592, 1, 2025/03/17, 18:14:50.025, 4687914688013, vstest.console.dll, AssemblyResolver.OnResolve: Microsoft.Bcl.AsyncInterfaces: Resolved from cache.
TpTrace Verbose: 0 : 19592, 1, 2025/03/17, 18:14:50.025, 4687914688164, vstest.console.dll, CurrentDomainAssemblyResolve: Resolving assembly 'Microsoft.Bcl.AsyncInterfaces'.
TpTrace Verbose: 0 : 19592, 1, 2025/03/17, 18:14:50.025, 4687914688329, vstest.console.dll, CurrentDomainAssemblyResolve: Failed to resolve assembly 'Microsoft.Bcl.AsyncInterfaces'.
TpTrace Verbose: 0 : 19592, 1, 2025/03/17, 18:14:50.030, 4687914735280, vstest.console.dll, CurrentDomainAssemblyResolve: Failed to resolve assembly 'Microsoft.Bcl.AsyncInterfaces'.
TpTrace Warning: 0 : 19592, 1, 2025/03/17, 18:14:50.046, 4687914896736, vstest.console.dll, TestPluginDiscoverer: Failed to get types from assembly 'Microsoft.Diagnostics.NETCore.Client, Version=0.2.10.41601, Culture=neutral, PublicKeyToken=31bf3856ad364e35'. Error: System.Reflection.ReflectionTypeLoadException: Unable to load one or more of the requested types.
Could not load file or assembly 'Microsoft.Bcl.AsyncInterfaces, Version=6.0.0.0, Culture=neutral, PublicKeyToken=cc7b13ffcd2ddd51'. The system cannot find the file specified.
   at System.Reflection.RuntimeModule.GetDefinedTypes()
   at System.Reflection.RuntimeModule.GetTypes()
   at Microsoft.VisualStudio.TestPlatform.Common.ExtensionFramework.TestPluginDiscoverer.GetTestExtensionsFromAssembly[TPluginInfo,TExtension](Assembly assembly, Dictionary`2 pluginInfos, String filePath) in /_/src/Microsoft.TestPlatform.Common/ExtensionFramework/TestPluginDiscoverer.cs:line 159
System.IO.FileNotFoundException: Could not load file or assembly 'Microsoft.Bcl.AsyncInterfaces, Version=6.0.0.0, Culture=neutral, PublicKeyToken=cc7b13ffcd2ddd51'. The system cannot find the file specified.
File name: 'Microsoft.Bcl.AsyncInterfaces, Version=6.0.0.0, Culture=neutral, PublicKeyToken=cc7b13ffcd2ddd51'
 ---> System.IO.FileNotFoundException: Could not load file or assembly 'Microsoft.Bcl.AsyncInterfaces, Culture=neutral, PublicKeyToken=null'. The system cannot find the file specified.
File name: 'Microsoft.Bcl.AsyncInterfaces, Culture=neutral, PublicKeyToken=null'
   at System.Reflection.RuntimeAssembly.InternalLoad(AssemblyName assemblyName, StackCrawlMark& stackMark, AssemblyLoadContext assemblyLoadContext, RuntimeAssembly requestingAssembly, Boolean throwOnFileNotFound)
   at System.Reflection.Assembly.Load(AssemblyName assemblyRef)
   at Microsoft.VisualStudio.TestPlatform.Common.ExtensionFramework.TestPluginCache.CurrentDomainAssemblyResolve(Object sender, AssemblyResolveEventArgs args) in /_/src/Microsoft.TestPlatform.Common/ExtensionFramework/TestPluginCache.cs:line 514
   at System.Runtime.Loader.AssemblyLoadContext.GetFirstResolvedAssemblyFromResolvingEvent(AssemblyName assemblyName)
   at System.Runtime.Loader.AssemblyLoadContext.ResolveUsingEvent(AssemblyName assemblyName)
   at System.Runtime.Loader.AssemblyLoadContext.ResolveUsingResolvingEvent(IntPtr gchManagedAssemblyLoadContext, AssemblyName assemblyName)
TpTrace Warning: 0 : 19592, 1, 2025/03/17, 18:14:50.047, 4687914899463, vstest.console.dll, LoaderExceptions: System.IO.FileNotFoundException: Could not load file or assembly 'Microsoft.Bcl.AsyncInterfaces, Version=6.0.0.0, Culture=neutral, PublicKeyToken=cc7b13ffcd2ddd51'. The system cannot find the file specified.
File name: 'Microsoft.Bcl.AsyncInterfaces, Version=6.0.0.0, Culture=neutral, PublicKeyToken=cc7b13ffcd2ddd51'
 ---> System.IO.FileNotFoundException: Could not load file or assembly 'Microsoft.Bcl.AsyncInterfaces, Culture=neutral, PublicKeyToken=null'. The system cannot find the file specified.
File name: 'Microsoft.Bcl.AsyncInterfaces, Culture=neutral, PublicKeyToken=null'
   at System.Reflection.RuntimeAssembly.InternalLoad(AssemblyName assemblyName, StackCrawlMark& stackMark, AssemblyLoadContext assemblyLoadContext, RuntimeAssembly requestingAssembly, Boolean throwOnFileNotFound)
   at System.Reflection.Assembly.Load(AssemblyName assemblyRef)
   at Microsoft.VisualStudio.TestPlatform.Common.ExtensionFramework.TestPluginCache.CurrentDomainAssemblyResolve(Object sender, AssemblyResolveEventArgs args) in /_/src/Microsoft.TestPlatform.Common/ExtensionFramework/TestPluginCache.cs:line 514
   at System.Runtime.Loader.AssemblyLoadContext.GetFirstResolvedAssemblyFromResolvingEvent(AssemblyName assemblyName)
   at System.Runtime.Loader.AssemblyLoadContext.ResolveUsingEvent(AssemblyName assemblyName)
   at System.Runtime.Loader.AssemblyLoadContext.ResolveUsingResolvingEvent(IntPtr gchManagedAssemblyLoadContext, AssemblyName assemblyName)
TpTrace Information: 0 : 19592, 1, 2025/03/17, 18:14:50.047, 4687914900476, vstest.console.dll, AssemblyResolver.OnResolve: Microsoft.TestPlatform.Extensions.BlameDataCollector: Resolving assembly.
TpTrace Information: 0 : 19592, 1, 2025/03/17, 18:14:50.047, 4687914900786, vstest.console.dll, AssemblyResolver.OnResolve: Microsoft.TestPlatform.Extensions.BlameDataCollector: Searching in: 'C:\Program Files\dotnet\sdk\9.0.101\Extensions'.
TpTrace Information: 0 : 19592, 1, 2025/03/17, 18:14:50.047, 4687914908970, vstest.console.dll, AssemblyResolver.OnResolve: Microsoft.TestPlatform.Extensions.BlameDataCollector: Loading assembly 'C:\Program Files\dotnet\sdk\9.0.101\Extensions\Microsoft.TestPlatform.Extensions.BlameDataCollector.dll'.
TpTrace Information: 0 : 19592, 1, 2025/03/17, 18:14:50.048, 4687914919074, vstest.console.dll, AssemblyResolver.OnResolve: Resolved assembly: Microsoft.TestPlatform.Extensions.BlameDataCollector, from path: C:\Program Files\dotnet\sdk\9.0.101\Extensions\Microsoft.TestPlatform.Extensions.BlameDataCollector.dll
TpTrace Verbose: 0 : 19592, 1, 2025/03/17, 18:14:50.049, 4687914919710, vstest.console.dll, MetadataReaderExtensionsHelper: Discovering extensions inside assembly 'Microsoft.TestPlatform.Extensions.BlameDataCollector, Version=15.0.0.0, Culture=neutral, PublicKeyToken=b03f5f7f11d50a3a' file path 'C:\Program Files\dotnet\sdk\9.0.101\Extensions\Microsoft.TestPlatform.Extensions.BlameDataCollector.dll'
TpTrace Information: 0 : 19592, 1, 2025/03/17, 18:14:50.050, 4687914935235, vstest.console.dll, AssemblyResolver.OnResolve: Microsoft.TestPlatform.Extensions.EventLogCollector: Resolving assembly.
TpTrace Information: 0 : 19592, 1, 2025/03/17, 18:14:50.050, 4687914935988, vstest.console.dll, AssemblyResolver.OnResolve: Microsoft.TestPlatform.Extensions.EventLogCollector: Searching in: 'C:\Program Files\dotnet\sdk\9.0.101\Extensions'.
TpTrace Information: 0 : 19592, 1, 2025/03/17, 18:14:50.051, 4687914941589, vstest.console.dll, AssemblyResolver.OnResolve: Microsoft.TestPlatform.Extensions.EventLogCollector: Loading assembly 'C:\Program Files\dotnet\sdk\9.0.101\Extensions\Microsoft.TestPlatform.Extensions.EventLogCollector.dll'.
TpTrace Information: 0 : 19592, 1, 2025/03/17, 18:14:50.051, 4687914945458, vstest.console.dll, AssemblyResolver.OnResolve: Resolved assembly: Microsoft.TestPlatform.Extensions.EventLogCollector, from path: C:\Program Files\dotnet\sdk\9.0.101\Extensions\Microsoft.TestPlatform.Extensions.EventLogCollector.dll
TpTrace Verbose: 0 : 19592, 1, 2025/03/17, 18:14:50.051, 4687914945958, vstest.console.dll, MetadataReaderExtensionsHelper: Discovering extensions inside assembly 'Microsoft.TestPlatform.Extensions.EventLogCollector, Version=15.0.0.0, Culture=neutral, PublicKeyToken=b03f5f7f11d50a3a' file path 'C:\Program Files\dotnet\sdk\9.0.101\Extensions\Microsoft.TestPlatform.Extensions.EventLogCollector.dll'
TpTrace Information: 0 : 19592, 1, 2025/03/17, 18:14:50.053, 4687914967791, vstest.console.dll, AssemblyResolver.OnResolve: Microsoft.TestPlatform.TestHostRuntimeProvider: Resolving assembly.
TpTrace Information: 0 : 19592, 1, 2025/03/17, 18:14:50.053, 4687914968491, vstest.console.dll, AssemblyResolver.OnResolve: Microsoft.TestPlatform.TestHostRuntimeProvider: Searching in: 'C:\Program Files\dotnet\sdk\9.0.101\Extensions'.
TpTrace Information: 0 : 19592, 1, 2025/03/17, 18:14:50.054, 4687914974561, vstest.console.dll, AssemblyResolver.OnResolve: Microsoft.TestPlatform.TestHostRuntimeProvider: Loading assembly 'C:\Program Files\dotnet\sdk\9.0.101\Extensions\Microsoft.TestPlatform.TestHostRuntimeProvider.dll'.
TpTrace Information: 0 : 19592, 1, 2025/03/17, 18:14:50.055, 4687914979563, vstest.console.dll, AssemblyResolver.OnResolve: Resolved assembly: Microsoft.TestPlatform.TestHostRuntimeProvider, from path: C:\Program Files\dotnet\sdk\9.0.101\Extensions\Microsoft.TestPlatform.TestHostRuntimeProvider.dll
TpTrace Verbose: 0 : 19592, 1, 2025/03/17, 18:14:50.055, 4687914980055, vstest.console.dll, MetadataReaderExtensionsHelper: Discovering extensions inside assembly 'Microsoft.TestPlatform.TestHostRuntimeProvider, Version=15.0.0.0, Culture=neutral, PublicKeyToken=b03f5f7f11d50a3a' file path 'C:\Program Files\dotnet\sdk\9.0.101\Extensions\Microsoft.TestPlatform.TestHostRuntimeProvider.dll'
TpTrace Information: 0 : 19592, 1, 2025/03/17, 18:14:50.057, 4687915000414, vstest.console.dll, GetTestExtensionFromType: Register extension with identifier data 'HostProvider://DefaultTestHost' and type 'Microsoft.VisualStudio.TestPlatform.CrossPlatEngine.Hosting.DefaultTestHostManager, Microsoft.TestPlatform.TestHostRuntimeProvider, Version=15.0.0.0, Culture=neutral, PublicKeyToken=b03f5f7f11d50a3a' inside file 'C:\Program Files\dotnet\sdk\9.0.101\Extensions\Microsoft.TestPlatform.TestHostRuntimeProvider.dll'
TpTrace Information: 0 : 19592, 1, 2025/03/17, 18:14:50.057, 4687915002958, vstest.console.dll, GetTestExtensionFromType: Register extension with identifier data 'HostProvider://DotnetTestHost' and type 'Microsoft.VisualStudio.TestPlatform.CrossPlatEngine.Hosting.DotnetTestHostManager, Microsoft.TestPlatform.TestHostRuntimeProvider, Version=15.0.0.0, Culture=neutral, PublicKeyToken=b03f5f7f11d50a3a' inside file 'C:\Program Files\dotnet\sdk\9.0.101\Extensions\Microsoft.TestPlatform.TestHostRuntimeProvider.dll'
TpTrace Information: 0 : 19592, 1, 2025/03/17, 18:14:50.057, 4687915003594, vstest.console.dll, AssemblyResolver.OnResolve: Microsoft.VisualStudio.TestPlatform.Extensions.Html.TestLogger: Resolving assembly.
TpTrace Information: 0 : 19592, 1, 2025/03/17, 18:14:50.057, 4687915003863, vstest.console.dll, AssemblyResolver.OnResolve: Microsoft.VisualStudio.TestPlatform.Extensions.Html.TestLogger: Searching in: 'C:\Program Files\dotnet\sdk\9.0.101\Extensions'.
TpTrace Information: 0 : 19592, 1, 2025/03/17, 18:14:50.058, 4687915011736, vstest.console.dll, AssemblyResolver.OnResolve: Microsoft.VisualStudio.TestPlatform.Extensions.Html.TestLogger: Loading assembly 'C:\Program Files\dotnet\sdk\9.0.101\Extensions\Microsoft.VisualStudio.TestPlatform.Extensions.Html.TestLogger.dll'.
TpTrace Information: 0 : 19592, 1, 2025/03/17, 18:14:50.059, 4687915021615, vstest.console.dll, AssemblyResolver.OnResolve: Resolved assembly: Microsoft.VisualStudio.TestPlatform.Extensions.Html.TestLogger, from path: C:\Program Files\dotnet\sdk\9.0.101\Extensions\Microsoft.VisualStudio.TestPlatform.Extensions.Html.TestLogger.dll
TpTrace Verbose: 0 : 19592, 1, 2025/03/17, 18:14:50.059, 4687915022406, vstest.console.dll, MetadataReaderExtensionsHelper: Discovering extensions inside assembly 'Microsoft.VisualStudio.TestPlatform.Extensions.Html.TestLogger, Version=15.0.0.0, Culture=neutral, PublicKeyToken=b03f5f7f11d50a3a' file path 'C:\Program Files\dotnet\sdk\9.0.101\Extensions\Microsoft.VisualStudio.TestPlatform.Extensions.Html.TestLogger.dll'
TpTrace Information: 0 : 19592, 1, 2025/03/17, 18:14:50.060, 4687915032179, vstest.console.dll, AssemblyResolver.OnResolve: Microsoft.VisualStudio.TestPlatform.Extensions.Trx.TestLogger: Resolving assembly.
TpTrace Information: 0 : 19592, 1, 2025/03/17, 18:14:50.060, 4687915032852, vstest.console.dll, AssemblyResolver.OnResolve: Microsoft.VisualStudio.TestPlatform.Extensions.Trx.TestLogger: Searching in: 'C:\Program Files\dotnet\sdk\9.0.101\Extensions'.
TpTrace Information: 0 : 19592, 1, 2025/03/17, 18:14:50.061, 4687915043748, vstest.console.dll, AssemblyResolver.OnResolve: Microsoft.VisualStudio.TestPlatform.Extensions.Trx.TestLogger: Loading assembly 'C:\Program Files\dotnet\sdk\9.0.101\Extensions\Microsoft.VisualStudio.TestPlatform.Extensions.Trx.TestLogger.dll'.
TpTrace Information: 0 : 19592, 1, 2025/03/17, 18:14:50.062, 4687915056332, vstest.console.dll, AssemblyResolver.OnResolve: Resolved assembly: Microsoft.VisualStudio.TestPlatform.Extensions.Trx.TestLogger, from path: C:\Program Files\dotnet\sdk\9.0.101\Extensions\Microsoft.VisualStudio.TestPlatform.Extensions.Trx.TestLogger.dll
TpTrace Verbose: 0 : 19592, 1, 2025/03/17, 18:14:50.062, 4687915057226, vstest.console.dll, MetadataReaderExtensionsHelper: Discovering extensions inside assembly 'Microsoft.VisualStudio.TestPlatform.Extensions.Trx.TestLogger, Version=15.0.0.0, Culture=neutral, PublicKeyToken=b03f5f7f11d50a3a' file path 'C:\Program Files\dotnet\sdk\9.0.101\Extensions\Microsoft.VisualStudio.TestPlatform.Extensions.Trx.TestLogger.dll'
TpTrace Verbose: 0 : 19592, 1, 2025/03/17, 18:14:50.064, 4687915075205, vstest.console.dll, TestPluginCache: Discovered the extensions using extension path ''.
TpTrace Verbose: 0 : 19592, 1, 2025/03/17, 18:14:50.064, 4687915075712, vstest.console.dll, TestPluginCache: Discoverers are ''.
TpTrace Verbose: 0 : 19592, 1, 2025/03/17, 18:14:50.064, 4687915075861, vstest.console.dll, TestPluginCache: Executors are ''.
TpTrace Verbose: 0 : 19592, 1, 2025/03/17, 18:14:50.064, 4687915075970, vstest.console.dll, TestPluginCache: Executors2 are ''.
TpTrace Verbose: 0 : 19592, 1, 2025/03/17, 18:14:50.064, 4687915076076, vstest.console.dll, TestPluginCache: Setting providers are ''.
TpTrace Verbose: 0 : 19592, 1, 2025/03/17, 18:14:50.064, 4687915076187, vstest.console.dll, TestPluginCache: Loggers are ''.
TpTrace Verbose: 0 : 19592, 1, 2025/03/17, 18:14:50.064, 4687915077246, vstest.console.dll, TestPluginCache: TestHosts are 'HostProvider://DefaultTestHost,HostProvider://DotnetTestHost'.
TpTrace Verbose: 0 : 19592, 1, 2025/03/17, 18:14:50.064, 4687915077433, vstest.console.dll, TestPluginCache: DataCollectors are ''.
TpTrace Information: 0 : 19592, 1, 2025/03/17, 18:14:50.085, 4687915286313, vstest.console.dll, RunTestsArgumentProcessor:Execute: Test run is starting.
TpTrace Verbose: 0 : 19592, 1, 2025/03/17, 18:14:50.085, 4687915287329, vstest.console.dll, RunTestsArgumentProcessor:Execute: Queuing Test run.
TpTrace Information: 0 : 19592, 1, 2025/03/17, 18:14:50.086, 4687915289255, vstest.console.dll, TestRequestManager.RunTests: run tests started.
TpTrace Information: 0 : 19592, 1, 2025/03/17, 18:14:50.086, 4687915299015, vstest.console.dll, AssemblyMetadataProvider.GetFrameworkName: Determined framework:'.NETCoreApp,Version=v8.0' for source: 'C:\Users\Allessi\Downloads\abi-gth-omnia-developer-evaluation\template\backend\tests\Ambev.DeveloperEvaluation.Unit\bin\Debug\net8.0\fine-code-coverage\build-output\Ambev.DeveloperEvaluation.Unit.dll'
TpTrace Information: 0 : 19592, 1, 2025/03/17, 18:14:50.087, 4687915300139, vstest.console.dll, Determined framework for all sources: .NETCoreApp,Version=v8.0
TpTrace Verbose: 0 : 19592, 1, 2025/03/17, 18:14:50.087, 4687915302396, vstest.console.dll, TestRequestManager.UpdateRunSettingsIfRequired: Default architecture: X64 IsDefaultTargetArchitecture: True, Current process architecture: X64 OperatingSystem: Windows.
TpTrace Information: 0 : 19592, 1, 2025/03/17, 18:14:50.088, 4687915312421, vstest.console.dll, AssemblyMetadataProvider.GetArchitecture: Determined architecture:AnyCPU info for assembly: C:\Users\Allessi\Downloads\abi-gth-omnia-developer-evaluation\template\backend\tests\Ambev.DeveloperEvaluation.Unit\bin\Debug\net8.0\fine-code-coverage\build-output\Ambev.DeveloperEvaluation.Unit.dll
TpTrace Information: 0 : 19592, 1, 2025/03/17, 18:14:50.088, 4687915312820, vstest.console.dll, Determined platform for source 'C:\Users\Allessi\Downloads\abi-gth-omnia-developer-evaluation\template\backend\tests\Ambev.DeveloperEvaluation.Unit\bin\Debug\net8.0\fine-code-coverage\build-output\Ambev.DeveloperEvaluation.Unit.dll' was AnyCPU and it will use the default plaform X64.
TpTrace Information: 0 : 19592, 1, 2025/03/17, 18:14:50.088, 4687915312957, vstest.console.dll, None of the sources provided any runnable platform, using the default platform: X64
TpTrace Information: 0 : 19592, 1, 2025/03/17, 18:14:50.088, 4687915313491, vstest.console.dll, Platform was updated to 'X64'.
TpTrace Information: 0 : 19592, 1, 2025/03/17, 18:14:50.092, 4687915352070, vstest.console.dll, InferRunSettingsHelper.IsTestSettingsEnabled: Unable to navigate to RunSettings/MSTest. Current node: RunSettings
TpTrace Information: 0 : 19592, 1, 2025/03/17, 18:14:50.092, 4687915356581, vstest.console.dll, AssemblyResolver.OnResolve: Microsoft.VisualStudio.TestPlatform.Fakes: Resolving assembly.
TpTrace Information: 0 : 19592, 1, 2025/03/17, 18:14:50.092, 4687915357093, vstest.console.dll, AssemblyResolver.OnResolve: Microsoft.VisualStudio.TestPlatform.Fakes: Searching in: 'C:\Program Files\dotnet\sdk\9.0.101\Extensions'.
TpTrace Information: 0 : 19592, 1, 2025/03/17, 18:14:50.092, 4687915357576, vstest.console.dll, AssemblyResolver.OnResolve: Microsoft.VisualStudio.TestPlatform.Fakes: Assembly path does not exist: 'C:\Program Files\dotnet\sdk\9.0.101\Extensions\Microsoft.VisualStudio.TestPlatform.Fakes.dll', returning.
TpTrace Information: 0 : 19592, 1, 2025/03/17, 18:14:50.092, 4687915357916, vstest.console.dll, AssemblyResolver.OnResolve: Microsoft.VisualStudio.TestPlatform.Fakes: Assembly path does not exist: 'C:\Program Files\dotnet\sdk\9.0.101\Extensions\Microsoft.VisualStudio.TestPlatform.Fakes.exe', returning.
TpTrace Information: 0 : 19592, 1, 2025/03/17, 18:14:50.092, 4687915358053, vstest.console.dll, AssemblyResolver.OnResolve: Microsoft.VisualStudio.TestPlatform.Fakes: Searching in: 'C:\Program Files\dotnet\sdk\9.0.101'.
TpTrace Information: 0 : 19592, 1, 2025/03/17, 18:14:50.092, 4687915358355, vstest.console.dll, AssemblyResolver.OnResolve: Microsoft.VisualStudio.TestPlatform.Fakes: Assembly path does not exist: 'C:\Program Files\dotnet\sdk\9.0.101\Microsoft.VisualStudio.TestPlatform.Fakes.dll', returning.
TpTrace Information: 0 : 19592, 1, 2025/03/17, 18:14:50.092, 4687915358603, vstest.console.dll, AssemblyResolver.OnResolve: Microsoft.VisualStudio.TestPlatform.Fakes: Assembly path does not exist: 'C:\Program Files\dotnet\sdk\9.0.101\Microsoft.VisualStudio.TestPlatform.Fakes.exe', returning.
TpTrace Information: 0 : 19592, 1, 2025/03/17, 18:14:50.092, 4687915358803, vstest.console.dll, AssemblyResolver.OnResolve: Microsoft.VisualStudio.TestPlatform.Fakes: Failed to load assembly.
TpTrace Information: 0 : 19592, 1, 2025/03/17, 18:14:50.093, 4687915360771, vstest.console.dll, Failed to load assembly Microsoft.VisualStudio.TestPlatform.Fakes, Version=17.0.0.0, Culture=neutral. Reason:System.IO.FileNotFoundException: Could not load file or assembly 'Microsoft.VisualStudio.TestPlatform.Fakes, Version=17.0.0.0, Culture=neutral, PublicKeyToken=null'. The system cannot find the file specified.
File name: 'Microsoft.VisualStudio.TestPlatform.Fakes, Version=17.0.0.0, Culture=neutral, PublicKeyToken=null'
   at System.Reflection.RuntimeAssembly.InternalLoad(AssemblyName assemblyName, StackCrawlMark& stackMark, AssemblyLoadContext assemblyLoadContext, RuntimeAssembly requestingAssembly, Boolean throwOnFileNotFound)
   at System.Reflection.Assembly.Load(AssemblyName assemblyRef)
   at Microsoft.VisualStudio.TestPlatform.Common.Utilities.FakesUtilities.LoadTestPlatformAssembly() in /_/src/Microsoft.TestPlatform.Common/Utilities/FakesUtilities.cs:line 273
TpTrace Verbose: 0 : 19592, 1, 2025/03/17, 18:14:50.096, 4687915396846, vstest.console.dll, TestPluginCache.DiscoverTestExtensions: finding test extensions in assemblies ends with: TestLogger.dll TPluginInfo: Microsoft.VisualStudio.TestPlatform.Common.ExtensionFramework.Utilities.TestLoggerPluginInformation TExtension: Microsoft.VisualStudio.TestPlatform.ObjectModel.Client.ITestLogger
TpTrace Verbose: 0 : 19592, 1, 2025/03/17, 18:14:50.096, 4687915397824, vstest.console.dll, TestPluginCache.GetExtensionPaths: Filtered extension paths: 
TpTrace Verbose: 0 : 19592, 1, 2025/03/17, 18:14:50.096, 4687915398000, vstest.console.dll, TestPluginCache.GetExtensionPaths: Added default extension paths: C:\Program Files\dotnet\sdk\9.0.101\Extensions\Microsoft.Diagnostics.NETCore.Client.dll
C:\Program Files\dotnet\sdk\9.0.101\Extensions\Microsoft.TestPlatform.Extensions.BlameDataCollector.dll
C:\Program Files\dotnet\sdk\9.0.101\Extensions\Microsoft.TestPlatform.Extensions.EventLogCollector.dll
C:\Program Files\dotnet\sdk\9.0.101\Extensions\Microsoft.TestPlatform.TestHostRuntimeProvider.dll
C:\Program Files\dotnet\sdk\9.0.101\Extensions\Microsoft.VisualStudio.TestPlatform.Extensions.Html.TestLogger.dll
C:\Program Files\dotnet\sdk\9.0.101\Extensions\Microsoft.VisualStudio.TestPlatform.Extensions.Trx.TestLogger.dll
TpTrace Verbose: 0 : 19592, 1, 2025/03/17, 18:14:50.096, 4687915398133, vstest.console.dll, TestPluginCache.GetExtensionPaths: Added unfilterableExtensionPaths: 
TpTrace Information: 0 : 19592, 1, 2025/03/17, 18:14:50.096, 4687915399043, vstest.console.dll, AssemblyResolver.AddSearchDirectories: Adding more searchDirectories C:\Program Files\dotnet\sdk\9.0.101\Extensions,C:\Program Files\dotnet\sdk\9.0.101
TpTrace Verbose: 0 : 19592, 1, 2025/03/17, 18:14:50.097, 4687915399300, vstest.console.dll, TestPluginCache.DiscoverTestExtensions: Discovering the extensions using extension path.
TpTrace Verbose: 0 : 19592, 1, 2025/03/17, 18:14:50.097, 4687915399531, vstest.console.dll, TestPluginCache.GetExtensionPaths: Filtered extension paths: 
TpTrace Verbose: 0 : 19592, 1, 2025/03/17, 18:14:50.097, 4687915399703, vstest.console.dll, TestPluginCache.GetExtensionPaths: Added default extension paths: C:\Program Files\dotnet\sdk\9.0.101\Extensions\Microsoft.Diagnostics.NETCore.Client.dll
C:\Program Files\dotnet\sdk\9.0.101\Extensions\Microsoft.TestPlatform.Extensions.BlameDataCollector.dll
C:\Program Files\dotnet\sdk\9.0.101\Extensions\Microsoft.TestPlatform.Extensions.EventLogCollector.dll
C:\Program Files\dotnet\sdk\9.0.101\Extensions\Microsoft.TestPlatform.TestHostRuntimeProvider.dll
C:\Program Files\dotnet\sdk\9.0.101\Extensions\Microsoft.VisualStudio.TestPlatform.Extensions.Html.TestLogger.dll
C:\Program Files\dotnet\sdk\9.0.101\Extensions\Microsoft.VisualStudio.TestPlatform.Extensions.Trx.TestLogger.dll
TpTrace Verbose: 0 : 19592, 1, 2025/03/17, 18:14:50.097, 4687915399830, vstest.console.dll, TestPluginCache.GetExtensionPaths: Added unfilterableExtensionPaths: 
TpTrace Verbose: 0 : 19592, 1, 2025/03/17, 18:14:50.097, 4687915400359, vstest.console.dll, TestPluginCache.DiscoverTestExtensions: Discovering the extensions using allExtensionPaths: C:\Program Files\dotnet\sdk\9.0.101\Extensions\Microsoft.Diagnostics.NETCore.Client.dll
C:\Program Files\dotnet\sdk\9.0.101\Extensions\Microsoft.TestPlatform.Extensions.BlameDataCollector.dll
C:\Program Files\dotnet\sdk\9.0.101\Extensions\Microsoft.TestPlatform.Extensions.EventLogCollector.dll
C:\Program Files\dotnet\sdk\9.0.101\Extensions\Microsoft.TestPlatform.TestHostRuntimeProvider.dll
C:\Program Files\dotnet\sdk\9.0.101\Extensions\Microsoft.VisualStudio.TestPlatform.Extensions.Html.TestLogger.dll
C:\Program Files\dotnet\sdk\9.0.101\Extensions\Microsoft.VisualStudio.TestPlatform.Extensions.Trx.TestLogger.dll
TpTrace Information: 0 : 19592, 1, 2025/03/17, 18:14:50.097, 4687915400625, vstest.console.dll, AssemblyResolver.AddSearchDirectories: Adding more searchDirectories C:\Program Files\dotnet\sdk\9.0.101\Extensions,C:\Program Files\dotnet\sdk\9.0.101
TpTrace Information: 0 : 19592, 1, 2025/03/17, 18:14:50.097, 4687915400814, vstest.console.dll, AssemblyResolver.AddSearchDirectories: Adding more searchDirectories C:\Program Files\dotnet\sdk\9.0.101\Extensions,C:\Program Files\dotnet\sdk\9.0.101
TpTrace Information: 0 : 19592, 1, 2025/03/17, 18:14:50.097, 4687915400948, vstest.console.dll, AssemblyResolver.AddSearchDirectories: Adding more searchDirectories C:\Program Files\dotnet\sdk\9.0.101\Extensions,C:\Program Files\dotnet\sdk\9.0.101
TpTrace Information: 0 : 19592, 1, 2025/03/17, 18:14:50.097, 4687915401075, vstest.console.dll, AssemblyResolver.AddSearchDirectories: Adding more searchDirectories C:\Program Files\dotnet\sdk\9.0.101\Extensions,C:\Program Files\dotnet\sdk\9.0.101
TpTrace Information: 0 : 19592, 1, 2025/03/17, 18:14:50.097, 4687915401197, vstest.console.dll, AssemblyResolver.AddSearchDirectories: Adding more searchDirectories C:\Program Files\dotnet\sdk\9.0.101\Extensions,C:\Program Files\dotnet\sdk\9.0.101
TpTrace Information: 0 : 19592, 1, 2025/03/17, 18:14:50.097, 4687915401373, vstest.console.dll, AssemblyResolver.AddSearchDirectories: Adding more searchDirectories C:\Program Files\dotnet\sdk\9.0.101\Extensions,C:\Program Files\dotnet\sdk\9.0.101
TpTrace Verbose: 0 : 19592, 1, 2025/03/17, 18:14:50.097, 4687915402065, vstest.console.dll, MetadataReaderExtensionsHelper: Discovering extensions inside assembly 'Microsoft.Diagnostics.NETCore.Client, Version=0.2.10.41601, Culture=neutral, PublicKeyToken=31bf3856ad364e35' file path 'C:\Program Files\dotnet\sdk\9.0.101\Extensions\Microsoft.Diagnostics.NETCore.Client.dll'
TpTrace Information: 0 : 19592, 1, 2025/03/17, 18:14:50.098, 4687915409595, vstest.console.dll, AssemblyResolver.OnResolve: Microsoft.Bcl.AsyncInterfaces: Resolving assembly.
TpTrace Information: 0 : 19592, 1, 2025/03/17, 18:14:50.098, 4687915410035, vstest.console.dll, AssemblyResolver.OnResolve: Microsoft.Bcl.AsyncInterfaces: Resolved from cache.
TpTrace Verbose: 0 : 19592, 1, 2025/03/17, 18:14:50.098, 4687915410180, vstest.console.dll, CurrentDomainAssemblyResolve: Resolving assembly 'Microsoft.Bcl.AsyncInterfaces'.
TpTrace Information: 0 : 19592, 1, 2025/03/17, 18:14:50.098, 4687915410398, vstest.console.dll, AssemblyResolver.OnResolve: Microsoft.Bcl.AsyncInterfaces: Resolving assembly.
TpTrace Information: 0 : 19592, 1, 2025/03/17, 18:14:50.098, 4687915410550, vstest.console.dll, AssemblyResolver.OnResolve: Microsoft.Bcl.AsyncInterfaces: Resolved from cache.
TpTrace Verbose: 0 : 19592, 1, 2025/03/17, 18:14:50.098, 4687915410664, vstest.console.dll, CurrentDomainAssemblyResolve: Resolving assembly 'Microsoft.Bcl.AsyncInterfaces'.
TpTrace Verbose: 0 : 19592, 1, 2025/03/17, 18:14:50.098, 4687915410780, vstest.console.dll, CurrentDomainAssemblyResolve: Failed to resolve assembly 'Microsoft.Bcl.AsyncInterfaces'.
TpTrace Verbose: 0 : 19592, 1, 2025/03/17, 18:14:50.098, 4687915411704, vstest.console.dll, CurrentDomainAssemblyResolve: Failed to resolve assembly 'Microsoft.Bcl.AsyncInterfaces'.
TpTrace Warning: 0 : 19592, 1, 2025/03/17, 18:14:50.098, 4687915414096, vstest.console.dll, TestPluginDiscoverer: Failed to get types from assembly 'Microsoft.Diagnostics.NETCore.Client, Version=0.2.10.41601, Culture=neutral, PublicKeyToken=31bf3856ad364e35'. Error: System.Reflection.ReflectionTypeLoadException: Unable to load one or more of the requested types.
Could not load file or assembly 'Microsoft.Bcl.AsyncInterfaces, Version=6.0.0.0, Culture=neutral, PublicKeyToken=cc7b13ffcd2ddd51'. The system cannot find the file specified.
   at System.Reflection.RuntimeModule.GetDefinedTypes()
   at System.Reflection.RuntimeModule.GetTypes()
   at Microsoft.VisualStudio.TestPlatform.Common.ExtensionFramework.TestPluginDiscoverer.GetTestExtensionsFromAssembly[TPluginInfo,TExtension](Assembly assembly, Dictionary`2 pluginInfos, String filePath) in /_/src/Microsoft.TestPlatform.Common/ExtensionFramework/TestPluginDiscoverer.cs:line 159
System.IO.FileNotFoundException: Could not load file or assembly 'Microsoft.Bcl.AsyncInterfaces, Version=6.0.0.0, Culture=neutral, PublicKeyToken=cc7b13ffcd2ddd51'. The system cannot find the file specified.
File name: 'Microsoft.Bcl.AsyncInterfaces, Version=6.0.0.0, Culture=neutral, PublicKeyToken=cc7b13ffcd2ddd51'
 ---> System.IO.FileNotFoundException: Could not load file or assembly 'Microsoft.Bcl.AsyncInterfaces, Culture=neutral, PublicKeyToken=null'. The system cannot find the file specified.
File name: 'Microsoft.Bcl.AsyncInterfaces, Culture=neutral, PublicKeyToken=null'
   at System.Reflection.RuntimeAssembly.InternalLoad(AssemblyName assemblyName, StackCrawlMark& stackMark, AssemblyLoadContext assemblyLoadContext, RuntimeAssembly requestingAssembly, Boolean throwOnFileNotFound)
   at System.Reflection.Assembly.Load(AssemblyName assemblyRef)
   at Microsoft.VisualStudio.TestPlatform.Common.ExtensionFramework.TestPluginCache.CurrentDomainAssemblyResolve(Object sender, AssemblyResolveEventArgs args) in /_/src/Microsoft.TestPlatform.Common/ExtensionFramework/TestPluginCache.cs:line 514
   at System.Runtime.Loader.AssemblyLoadContext.GetFirstResolvedAssemblyFromResolvingEvent(AssemblyName assemblyName)
   at System.Runtime.Loader.AssemblyLoadContext.ResolveUsingEvent(AssemblyName assemblyName)
   at System.Runtime.Loader.AssemblyLoadContext.ResolveUsingResolvingEvent(IntPtr gchManagedAssemblyLoadContext, AssemblyName assemblyName)
TpTrace Warning: 0 : 19592, 1, 2025/03/17, 18:14:50.098, 4687915414990, vstest.console.dll, LoaderExceptions: System.IO.FileNotFoundException: Could not load file or assembly 'Microsoft.Bcl.AsyncInterfaces, Version=6.0.0.0, Culture=neutral, PublicKeyToken=cc7b13ffcd2ddd51'. The system cannot find the file specified.
File name: 'Microsoft.Bcl.AsyncInterfaces, Version=6.0.0.0, Culture=neutral, PublicKeyToken=cc7b13ffcd2ddd51'
 ---> System.IO.FileNotFoundException: Could not load file or assembly 'Microsoft.Bcl.AsyncInterfaces, Culture=neutral, PublicKeyToken=null'. The system cannot find the file specified.
File name: 'Microsoft.Bcl.AsyncInterfaces, Culture=neutral, PublicKeyToken=null'
   at System.Reflection.RuntimeAssembly.InternalLoad(AssemblyName assemblyName, StackCrawlMark& stackMark, AssemblyLoadContext assemblyLoadContext, RuntimeAssembly requestingAssembly, Boolean throwOnFileNotFound)
   at System.Reflection.Assembly.Load(AssemblyName assemblyRef)
   at Microsoft.VisualStudio.TestPlatform.Common.ExtensionFramework.TestPluginCache.CurrentDomainAssemblyResolve(Object sender, AssemblyResolveEventArgs args) in /_/src/Microsoft.TestPlatform.Common/ExtensionFramework/TestPluginCache.cs:line 514
   at System.Runtime.Loader.AssemblyLoadContext.GetFirstResolvedAssemblyFromResolvingEvent(AssemblyName assemblyName)
   at System.Runtime.Loader.AssemblyLoadContext.ResolveUsingEvent(AssemblyName assemblyName)
   at System.Runtime.Loader.AssemblyLoadContext.ResolveUsingResolvingEvent(IntPtr gchManagedAssemblyLoadContext, AssemblyName assemblyName)
TpTrace Verbose: 0 : 19592, 1, 2025/03/17, 18:14:50.098, 4687915415575, vstest.console.dll, MetadataReaderExtensionsHelper: Discovering extensions inside assembly 'Microsoft.TestPlatform.Extensions.BlameDataCollector, Version=15.0.0.0, Culture=neutral, PublicKeyToken=b03f5f7f11d50a3a' file path 'C:\Program Files\dotnet\sdk\9.0.101\Extensions\Microsoft.TestPlatform.Extensions.BlameDataCollector.dll'
TpTrace Information: 0 : 19592, 1, 2025/03/17, 18:14:50.099, 4687915420780, vstest.console.dll, GetTestExtensionFromType: Register extension with identifier data 'logger://Microsoft/TestPlatform/Extensions/Blame/v1' and type 'Microsoft.TestPlatform.Extensions.BlameDataCollector.BlameLogger, Microsoft.TestPlatform.Extensions.BlameDataCollector, Version=15.0.0.0, Culture=neutral, PublicKeyToken=b03f5f7f11d50a3a' inside file 'C:\Program Files\dotnet\sdk\9.0.101\Extensions\Microsoft.TestPlatform.Extensions.BlameDataCollector.dll'
TpTrace Verbose: 0 : 19592, 1, 2025/03/17, 18:14:50.099, 4687915421789, vstest.console.dll, MetadataReaderExtensionsHelper: Discovering extensions inside assembly 'Microsoft.TestPlatform.Extensions.EventLogCollector, Version=15.0.0.0, Culture=neutral, PublicKeyToken=b03f5f7f11d50a3a' file path 'C:\Program Files\dotnet\sdk\9.0.101\Extensions\Microsoft.TestPlatform.Extensions.EventLogCollector.dll'
TpTrace Verbose: 0 : 19592, 1, 2025/03/17, 18:14:50.099, 4687915424845, vstest.console.dll, MetadataReaderExtensionsHelper: Discovering extensions inside assembly 'Microsoft.TestPlatform.TestHostRuntimeProvider, Version=15.0.0.0, Culture=neutral, PublicKeyToken=b03f5f7f11d50a3a' file path 'C:\Program Files\dotnet\sdk\9.0.101\Extensions\Microsoft.TestPlatform.TestHostRuntimeProvider.dll'
TpTrace Verbose: 0 : 19592, 1, 2025/03/17, 18:14:50.099, 4687915427342, vstest.console.dll, MetadataReaderExtensionsHelper: Discovering extensions inside assembly 'Microsoft.VisualStudio.TestPlatform.Extensions.Html.TestLogger, Version=15.0.0.0, Culture=neutral, PublicKeyToken=b03f5f7f11d50a3a' file path 'C:\Program Files\dotnet\sdk\9.0.101\Extensions\Microsoft.VisualStudio.TestPlatform.Extensions.Html.TestLogger.dll'
TpTrace Information: 0 : 19592, 1, 2025/03/17, 18:14:50.100, 4687915431168, vstest.console.dll, GetTestExtensionFromType: Register extension with identifier data 'logger://Microsoft/TestPlatform/HtmlLogger/v1' and type 'Microsoft.VisualStudio.TestPlatform.Extensions.HtmlLogger.HtmlLogger, Microsoft.VisualStudio.TestPlatform.Extensions.Html.TestLogger, Version=15.0.0.0, Culture=neutral, PublicKeyToken=b03f5f7f11d50a3a' inside file 'C:\Program Files\dotnet\sdk\9.0.101\Extensions\Microsoft.VisualStudio.TestPlatform.Extensions.Html.TestLogger.dll'
TpTrace Verbose: 0 : 19592, 1, 2025/03/17, 18:14:50.100, 4687915431548, vstest.console.dll, MetadataReaderExtensionsHelper: Discovering extensions inside assembly 'Microsoft.VisualStudio.TestPlatform.Extensions.Trx.TestLogger, Version=15.0.0.0, Culture=neutral, PublicKeyToken=b03f5f7f11d50a3a' file path 'C:\Program Files\dotnet\sdk\9.0.101\Extensions\Microsoft.VisualStudio.TestPlatform.Extensions.Trx.TestLogger.dll'
TpTrace Information: 0 : 19592, 1, 2025/03/17, 18:14:50.100, 4687915434417, vstest.console.dll, GetTestExtensionFromType: Register extension with identifier data 'logger://Microsoft/TestPlatform/TrxLogger/v1' and type 'Microsoft.VisualStudio.TestPlatform.Extensions.TrxLogger.TrxLogger, Microsoft.VisualStudio.TestPlatform.Extensions.Trx.TestLogger, Version=15.0.0.0, Culture=neutral, PublicKeyToken=b03f5f7f11d50a3a' inside file 'C:\Program Files\dotnet\sdk\9.0.101\Extensions\Microsoft.VisualStudio.TestPlatform.Extensions.Trx.TestLogger.dll'
TpTrace Verbose: 0 : 19592, 1, 2025/03/17, 18:14:50.100, 4687915434837, vstest.console.dll, TestPluginCache: Discovered the extensions using extension path ''.
TpTrace Verbose: 0 : 19592, 1, 2025/03/17, 18:14:50.100, 4687915435010, vstest.console.dll, TestPluginCache: Discoverers are ''.
TpTrace Verbose: 0 : 19592, 1, 2025/03/17, 18:14:50.100, 4687915435119, vstest.console.dll, TestPluginCache: Executors are ''.
TpTrace Verbose: 0 : 19592, 1, 2025/03/17, 18:14:50.100, 4687915435477, vstest.console.dll, TestPluginCache: Executors2 are ''.
TpTrace Verbose: 0 : 19592, 1, 2025/03/17, 18:14:50.100, 4687915435673, vstest.console.dll, TestPluginCache: Setting providers are ''.
TpTrace Verbose: 0 : 19592, 1, 2025/03/17, 18:14:50.101, 4687915440066, vstest.console.dll, TestPluginCache: Loggers are 'logger://Microsoft/TestPlatform/Extensions/Blame/v1,logger://Microsoft/TestPlatform/HtmlLogger/v1,logger://Microsoft/TestPlatform/TrxLogger/v1'.
TpTrace Verbose: 0 : 19592, 1, 2025/03/17, 18:14:50.101, 4687915440445, vstest.console.dll, TestPluginCache: TestHosts are 'HostProvider://DefaultTestHost,HostProvider://DotnetTestHost'.
TpTrace Verbose: 0 : 19592, 1, 2025/03/17, 18:14:50.101, 4687915440610, vstest.console.dll, TestPluginCache: DataCollectors are ''.
TpTrace Information: 0 : 19592, 1, 2025/03/17, 18:14:50.101, 4687915445373, vstest.console.dll, TestPluginManager.CreateTestExtension: Attempting to load test extension: Microsoft.TestPlatform.Extensions.BlameDataCollector.BlameLogger
TpTrace Verbose: 0 : 19592, 1, 2025/03/17, 18:14:50.110, 4687915536261, vstest.console.dll, TestEngine: Initializing Parallel Execution as MaxCpuCount is set to: 1
TpTrace Information: 0 : 19592, 1, 2025/03/17, 18:14:50.111, 4687915547553, vstest.console.dll, TestPluginManager.CreateTestExtension: Attempting to load test extension: Microsoft.VisualStudio.TestPlatform.CrossPlatEngine.Hosting.DefaultTestHostManager
TpTrace Information: 0 : 19592, 1, 2025/03/17, 18:14:50.112, 4687915552446, vstest.console.dll, TestPluginManager.CreateTestExtension: Attempting to load test extension: Microsoft.VisualStudio.TestPlatform.CrossPlatEngine.Hosting.DotnetTestHostManager
TpTrace Verbose: 0 : 19592, 1, 2025/03/17, 18:14:50.112, 4687915553806, vstest.console.dll, TestHostManagerCallbacks.ctor: Forwarding output is enabled.
TpTrace Information: 0 : 19592, 1, 2025/03/17, 18:14:50.112, 4687915556058, vstest.console.dll, InferRunSettingsHelper.IsTestSettingsEnabled: Unable to navigate to RunSettings/MSTest. Current node: RunSettings
TpTrace Verbose: 0 : 19592, 1, 2025/03/17, 18:14:50.113, 4687915560906, vstest.console.dll, ParallelOperationManager.ClearSlots: Clearing all slots. Slots should accept more work: True
TpTrace Verbose: 0 : 19592, 1, 2025/03/17, 18:14:50.113, 4687915564301, vstest.console.dll, ParallelOperationManager.SetOccupiedSlotCount: Setting slot counts AvailableSlotCount = 1, OccupiedSlotCount = 0.
TpTrace Verbose: 0 : 19592, 1, 2025/03/17, 18:14:50.113, 4687915569113, vstest.console.dll, Occupied slots:

TpTrace Verbose: 0 : 19592, 1, 2025/03/17, 18:14:50.116, 4687915591774, vstest.console.dll, TestEngine.GetExecutionManager: Chosen execution manager 'Microsoft.VisualStudio.TestPlatform.CrossPlatEngine.Client.Parallel.ParallelProxyExecutionManager, Microsoft.TestPlatform.CrossPlatEngine, Version=15.0.0.0, Culture=neutral, PublicKeyToken=b03f5f7f11d50a3a' ParallelLevel '1'.
TpTrace Verbose: 0 : 19592, 1, 2025/03/17, 18:14:50.116, 4687915593234, vstest.console.dll, TestPlatform.GetSkipDefaultAdapters: Not skipping default adapters SkipDefaultAdapters was false.
TpTrace Verbose: 0 : 19592, 1, 2025/03/17, 18:14:50.116, 4687915593792, vstest.console.dll, TestRunRequest.ExecuteAsync: Creating test run request.
TpTrace Verbose: 0 : 19592, 1, 2025/03/17, 18:14:50.116, 4687915595702, vstest.console.dll, TestRunRequest.ExecuteAsync: Starting.
TpTrace Information: 0 : 19592, 1, 2025/03/17, 18:14:50.117, 4687915602479, vstest.console.dll, TestRunRequest.ExecuteAsync: Starting run with settings:TestRunCriteria:
   KeepAlive=False,FrequencyOfRunStatsChangeEvent=10,RunStatsChangeEventTimeout=00:00:01.5000000,TestCaseFilter=,TestExecutorLauncher=
   Settingsxml=<RunSettings>
  <RunConfiguration>
    <ResultsDirectory>C:\Users\Allessi\Downloads\abi-gth-omnia-developer-evaluation\template\backend\tests\Ambev.DeveloperEvaluation.Unit\bin\Debug\net8.0\fine-code-coverage\coverage-tool-output</ResultsDirectory>
    <TargetPlatform>X64</TargetPlatform>
    <TargetFrameworkVersion>.NETCoreApp,Version=v8.0</TargetFrameworkVersion>
    <DesignMode>False</DesignMode>
    <CollectSourceInformation>False</CollectSourceInformation>
  </RunConfiguration>
  <LoggerRunSettings>
    <Loggers>
      <Logger friendlyName="blame" enabled="True" />
      <Logger friendlyName="Console" uri="logger://microsoft/TestPlatform/ConsoleLogger/v1" assemblyQualifiedName="Microsoft.VisualStudio.TestPlatform.CommandLine.Internal.ConsoleLogger, vstest.console, Version=15.0.0.0, Culture=neutral, PublicKeyToken=b03f5f7f11d50a3a" codeBase="C:\Program Files\dotnet\sdk\9.0.101\vstest.console.dll" enabled="True" />
    </Loggers>
  </LoggerRunSettings>
  <DataCollectionRunSettings>
    <DataCollectors>
      <DataCollector friendlyName="blame" enabled="True">
        <Configuration>
          <ResultsDirectory>C:\Users\Allessi\Downloads\abi-gth-omnia-developer-evaluation\template\backend\tests\Ambev.DeveloperEvaluation.Unit\bin\Debug\net8.0\fine-code-coverage\coverage-tool-output</ResultsDirectory>
        </Configuration>
      </DataCollector>
    </DataCollectors>
  </DataCollectionRunSettings>
</RunSettings>

TpTrace Verbose: 0 : 19592, 1, 2025/03/17, 18:14:50.117, 4687915603475, vstest.console.dll, TestRunRequest.ExecuteAsync: Wait for the first run request is over.
TpTrace Verbose: 0 : 19592, 1, 2025/03/17, 18:14:50.117, 4687915605635, vstest.console.dll, MulticastDelegateUtilities.SafeInvoke: TestRun.TestRunStart: Invoking callbacks was skipped because there are no subscribers.
TpTrace Verbose: 0 : 19592, 4, 2025/03/17, 18:14:50.117, 4687915607109, vstest.console.dll, MulticastDelegateUtilities.SafeInvoke: InternalTestLoggerEvents.SendTestRunStart: Invoking callback 1/1 for Microsoft.VisualStudio.TestPlatform.CommandLine.Internal.ConsoleLogger., took 0 ms.
TpTrace Verbose: 0 : 19592, 1, 2025/03/17, 18:14:50.118, 4687915612944, vstest.console.dll, ParallelProxyExecutionManager: Start execution. Total sources: 1
TpTrace Verbose: 0 : 19592, 1, 2025/03/17, 18:14:50.118, 4687915614994, vstest.console.dll, ParallelOperationManager.StartWork: Starting adding 1 workloads.
TpTrace Verbose: 0 : 19592, 1, 2025/03/17, 18:14:50.118, 4687915615370, vstest.console.dll, ParallelOperationManager.ClearSlots: Clearing all slots. Slots should accept more work: True
TpTrace Verbose: 0 : 19592, 1, 2025/03/17, 18:14:50.118, 4687915615844, vstest.console.dll, ParallelOperationManager.SetOccupiedSlotCount: Setting slot counts AvailableSlotCount = 1, OccupiedSlotCount = 0.
TpTrace Verbose: 0 : 19592, 1, 2025/03/17, 18:14:50.118, 4687915616019, vstest.console.dll, Occupied slots:

TpTrace Verbose: 0 : 19592, 1, 2025/03/17, 18:14:50.119, 4687915623199, vstest.console.dll, TestHostManagerCallbacks.ctor: Forwarding output is enabled.
TpTrace Verbose: 0 : 19592, 1, 2025/03/17, 18:14:50.119, 4687915624499, vstest.console.dll, TestRequestSender is acting as server.
TpTrace Verbose: 0 : 19592, 1, 2025/03/17, 18:14:50.120, 4687915633284, vstest.console.dll, ParallelOperationManager.RunWorkInParallel: Adding 1 workload to slot, remaining workloads 0.
TpTrace Verbose: 0 : 19592, 1, 2025/03/17, 18:14:50.120, 4687915633678, vstest.console.dll, ParallelOperationManager.SetOccupiedSlotCount: Setting slot counts AvailableSlotCount = 0, OccupiedSlotCount = 1.
TpTrace Verbose: 0 : 19592, 1, 2025/03/17, 18:14:50.120, 4687915634220, vstest.console.dll, Occupied slots:
0: C:\Users\Allessi\Downloads\abi-gth-omnia-developer-evaluation\template\backend\tests\Ambev.DeveloperEvaluation.Unit\bin\Debug\net8.0\fine-code-coverage\build-output\Ambev.DeveloperEvaluation.Unit.dll
TpTrace Verbose: 0 : 19592, 1, 2025/03/17, 18:14:50.121, 4687915643641, vstest.console.dll, ParallelOperationManager.RunWorkInParallel: Started host in slot number 0 for work (source): C:\Users\Allessi\Downloads\abi-gth-omnia-developer-evaluation\template\backend\tests\Ambev.DeveloperEvaluation.Unit\bin\Debug\net8.0\fine-code-coverage\build-output\Ambev.DeveloperEvaluation.Unit.dll.
TpTrace Verbose: 0 : 19592, 5, 2025/03/17, 18:14:50.121, 4687915648498, vstest.console.dll, ParallelProxyExecutionManager.StartTestRunOnConcurrentManager: Initializing uninitialized client. Started clients: 0
TpTrace Verbose: 0 : 19592, 1, 2025/03/17, 18:14:50.121, 4687915648751, vstest.console.dll, ParallelOperationManager.RunWorkInParallel: We started 1 work items, which is the max parallel level. Won't start more work.
TpTrace Verbose: 0 : 19592, 1, 2025/03/17, 18:14:50.122, 4687915649290, vstest.console.dll, ParallelOperationManager.RunWorkInParallel: We started 1 work items in here, returning True.
TpTrace Verbose: 0 : 19592, 5, 2025/03/17, 18:14:50.122, 4687915649465, vstest.console.dll, DataCollectionRequestSender.InitializeCommunication : Initialize communication. 
TpTrace Information: 0 : 19592, 1, 2025/03/17, 18:14:50.122, 4687915649467, vstest.console.dll, TestRunRequest.ExecuteAsync: Started.
TpTrace Verbose: 0 : 19592, 1, 2025/03/17, 18:14:50.122, 4687915653034, vstest.console.dll, TestRunRequest.WaitForCompletion: Waiting with timeout -1.
TpTrace Information: 0 : 19592, 5, 2025/03/17, 18:14:50.127, 4687915699711, vstest.console.dll, Listening on Endpoint : 127.0.0.1:53065
TpTrace Verbose: 0 : 19592, 5, 2025/03/17, 18:14:50.131, 4687915741231, vstest.console.dll, DotnetDataCollectionLauncher: Adding  --runtimeconfig "C:\Program Files\dotnet\sdk\9.0.101\datacollector.runtimeconfig.json" in args
TpTrace Verbose: 0 : 19592, 5, 2025/03/17, 18:14:50.131, 4687915744179, vstest.console.dll, DotnetDataCollectionLauncher: Adding  --depsfile "C:\Program Files\dotnet\sdk\9.0.101\datacollector.deps.json" in args
TpTrace Verbose: 0 : 19592, 5, 2025/03/17, 18:14:50.131, 4687915745439, vstest.console.dll, DotnetDataCollectionLauncher: Full path of dotnet.exe is C:\Program Files\dotnet\dotnet.exe
TpTrace Information: 0 : 19592, 5, 2025/03/17, 18:14:50.138, 4687915812152, vstest.console.dll, ProxyDataCollectionManager.Initialize: Launched datacollector processId: 18764 port: 53065
TpTrace Information: 0 : 19592, 5, 2025/03/17, 18:14:50.138, 4687915813723, vstest.console.dll, ProxyDataCollectionManager.Initialize: waiting for connection with timeout: 90 seconds
TpTrace Verbose: 0 : 19592, 5, 2025/03/17, 18:14:50.138, 4687915814384, vstest.console.dll, DataCollectionRequestSender.WaitForRequestHandlerConnection : Waiting for connection with timeout: 90000
TpTrace Information: 0 : 19592, 9, 2025/03/17, 18:14:50.227, 4687916703331, vstest.console.dll, Using the buffer size of 16384 bytes
TpTrace Verbose: 0 : 19592, 5, 2025/03/17, 18:14:50.227, 4687916703484, vstest.console.dll, SocketCommunicationManager.WaitForClientConnection took: 88 ms, with 90000 ms timeout, and finished with True.
TpTrace Information: 0 : 19592, 9, 2025/03/17, 18:14:50.227, 4687916704420, vstest.console.dll, Accepted Client request and set the flag
TpTrace Verbose: 0 : 19592, 5, 2025/03/17, 18:14:50.227, 4687916705606, vstest.console.dll, ProxyDataCollectionManager.InvokeDataCollectionServiceAction: Starting.
TpTrace Information: 0 : 19592, 5, 2025/03/17, 18:14:50.227, 4687916706250, vstest.console.dll, ProxyDataCollectionManager.BeforeTestRunStart: Get environment variable and port for datacollector processId: 18764 port: 53065
TpTrace Verbose: 0 : 19592, 5, 2025/03/17, 18:14:50.227, 4687916707253, vstest.console.dll, DataCollectionRequestSender.SendBeforeTestRunStartAndGetResult: Send BeforeTestRunStart message with settingsXml <RunSettings><RunConfiguration><ResultsDirectory>C:\Users\Allessi\Downloads\abi-gth-omnia-developer-evaluation\template\backend\tests\Ambev.DeveloperEvaluation.Unit\bin\Debug\net8.0\fine-code-coverage\coverage-tool-output</ResultsDirectory><TargetPlatform>X64</TargetPlatform><TargetFrameworkVersion>.NETCoreApp,Version=v8.0</TargetFrameworkVersion><DesignMode>False</DesignMode><CollectSourceInformation>False</CollectSourceInformation><TestAdaptersPaths>C:\Program Files\dotnet\sdk\9.0.101\Extensions</TestAdaptersPaths></RunConfiguration><LoggerRunSettings><Loggers><Logger friendlyName="blame" enabled="True" /><Logger friendlyName="Console" uri="logger://microsoft/TestPlatform/ConsoleLogger/v1" assemblyQualifiedName="Microsoft.VisualStudio.TestPlatform.CommandLine.Internal.ConsoleLogger, vstest.console, Version=15.0.0.0, Culture=neutral, PublicKeyToken=b03f5f7f11d50a3a" codeBase="C:\Program Files\dotnet\sdk\9.0.101\vstest.console.dll" enabled="True" /></Loggers></LoggerRunSettings><DataCollectionRunSettings><DataCollectors><DataCollector friendlyName="blame" enabled="True"><Configuration><ResultsDirectory>C:\Users\Allessi\Downloads\abi-gth-omnia-developer-evaluation\template\backend\tests\Ambev.DeveloperEvaluation.Unit\bin\Debug\net8.0\fine-code-coverage\coverage-tool-output</ResultsDirectory></Configuration></DataCollector></DataCollectors></DataCollectionRunSettings></RunSettings> and sources System.Collections.Generic.List`1[System.String]: 
TpTrace Verbose: 0 : 19592, 5, 2025/03/17, 18:14:50.287, 4687917306623, vstest.console.dll, DataCollectionRequestSender.SendBeforeTestRunStartAndGetResult: Received message: (DataCollection.SendMessage) -> {"MessageType":"DataCollection.SendMessage","Payload":{"FriendlyName":null,"Uri":null,"TestCaseId":"00000000-0000-0000-0000-000000000000","Message":"Logging DataCollector Diagnostics in file: C:\\Users\\Allessi\\Downloads\\abi-gth-omnia-developer-evaluation\\template\\backend\\tests\\Ambev.DeveloperEvaluation.Unit\\bin\\Debug\\net8.0\\fine-code-coverage\\coverage-tool-output\\diagnostics.datacollector.25-03-17_18-14-50_13102_5.log","Level":0}}
TpTrace Verbose: 0 : 19592, 5, 2025/03/17, 18:14:50.350, 4687917936999, vstest.console.dll, DataCollectionRequestSender.SendBeforeTestRunStartAndGetResult: Received message: (DataCollection.BeforeTestRunStartResult) -> {"MessageType":"DataCollection.BeforeTestRunStartResult","Payload":{"EnvironmentVariables":{},"DataCollectionEventsPort":53067}}
TpTrace Information: 0 : 19592, 5, 2025/03/17, 18:14:50.353, 4687917966395, vstest.console.dll, ProxyDataCollectionManager.BeforeTestRunStart: SendBeforeTestRunStartAndGetResult successful, env variable from datacollector:   and testhost port: 53067
TpTrace Information: 0 : 19592, 5, 2025/03/17, 18:14:50.353, 4687917967183, vstest.console.dll, ProxyDataCollectionManager.InvokeDataCollectionServiceAction: Completed.
TpTrace Verbose: 0 : 19592, 5, 2025/03/17, 18:14:50.353, 4687917967355, vstest.console.dll, ParallelProxyExecutionManager.StartTestRunOnConcurrentManager: Initializing test run. Started clients: 0
TpTrace Verbose: 0 : 19592, 5, 2025/03/17, 18:14:50.353, 4687917967933, vstest.console.dll, ProxyExecutionManager: Test host is always Lazy initialize.
TpTrace Verbose: 0 : 19592, 5, 2025/03/17, 18:14:50.354, 4687917969323, vstest.console.dll, TestRequestSender.InitializeCommunication: initialize communication. 
TpTrace Information: 0 : 19592, 5, 2025/03/17, 18:14:50.354, 4687917973007, vstest.console.dll, SocketServer.Start: Listening on endpoint : 127.0.0.1:53068
TpTrace Verbose: 0 : 19592, 5, 2025/03/17, 18:14:50.354, 4687917977792, vstest.console.dll, DotnetTestHostmanager.GetTestHostProcessStartInfo: Platform environment 'X64' target architecture 'X64' framework '.NETCoreApp,Version=v8.0' OS 'Windows'
TpTrace Verbose: 0 : 19592, 5, 2025/03/17, 18:14:50.355, 4687917979396, vstest.console.dll, DotnetTestHostmanager: Adding  --runtimeconfig "C:\Users\Allessi\Downloads\abi-gth-omnia-developer-evaluation\template\backend\tests\Ambev.DeveloperEvaluation.Unit\bin\Debug\net8.0\fine-code-coverage\build-output\Ambev.DeveloperEvaluation.Unit.runtimeconfig.json" in args
TpTrace Verbose: 0 : 19592, 5, 2025/03/17, 18:14:50.355, 4687917980009, vstest.console.dll, DotnetTestHostmanager: Adding  --depsfile "C:\Users\Allessi\Downloads\abi-gth-omnia-developer-evaluation\template\backend\tests\Ambev.DeveloperEvaluation.Unit\bin\Debug\net8.0\fine-code-coverage\build-output\Ambev.DeveloperEvaluation.Unit.deps.json" in args
TpTrace Verbose: 0 : 19592, 5, 2025/03/17, 18:14:50.355, 4687917981669, vstest.console.dll, DotnetTestHostmanager.IsWinOnArm: Current PROCESSOR_ARCHITECTURE from environment variable 'AMD64'
TpTrace Verbose: 0 : 19592, 5, 2025/03/17, 18:14:50.355, 4687917982015, vstest.console.dll, DotnetTestHostmanager.IsWinOnArm: Is Windows on ARM 'False'
TpTrace Verbose: 0 : 19592, 5, 2025/03/17, 18:14:50.355, 4687917982557, vstest.console.dll, DotnetTestHostManager: testhost.exe found at path: C:\Users\Allessi\Downloads\abi-gth-omnia-developer-evaluation\template\backend\tests\Ambev.DeveloperEvaluation.Unit\bin\Debug\net8.0\fine-code-coverage\build-output\testhost.exe
TpTrace Verbose: 0 : 19592, 5, 2025/03/17, 18:14:50.355, 4687917982780, vstest.console.dll, DotnetTestHostmanager: Full path of host exe is C:\Users\Allessi\Downloads\abi-gth-omnia-developer-evaluation\template\backend\tests\Ambev.DeveloperEvaluation.Unit\bin\Debug\net8.0\fine-code-coverage\build-output\testhost.exe
TpTrace Verbose: 0 : 19592, 5, 2025/03/17, 18:14:50.355, 4687917983525, vstest.console.dll, DotnetTestHostmanager.LaunchTestHostAsync: Found 'VSTEST_WINAPPHOST_DOTNET_ROOT' in env variables, value 'C:\Program Files\dotnet', forwarding to 'DOTNET_ROOT'
TpTrace Verbose: 0 : 19592, 5, 2025/03/17, 18:14:50.355, 4687917984311, vstest.console.dll, DotnetTestHostManager: Starting process 'C:\Users\Allessi\Downloads\abi-gth-omnia-developer-evaluation\template\backend\tests\Ambev.DeveloperEvaluation.Unit\bin\Debug\net8.0\fine-code-coverage\build-output\testhost.exe' with command line ' --runtimeconfig "C:\Users\Allessi\Downloads\abi-gth-omnia-developer-evaluation\template\backend\tests\Ambev.DeveloperEvaluation.Unit\bin\Debug\net8.0\fine-code-coverage\build-output\Ambev.DeveloperEvaluation.Unit.runtimeconfig.json" --depsfile "C:\Users\Allessi\Downloads\abi-gth-omnia-developer-evaluation\template\backend\tests\Ambev.DeveloperEvaluation.Unit\bin\Debug\net8.0\fine-code-coverage\build-output\Ambev.DeveloperEvaluation.Unit.deps.json" --port 53068 --endpoint 127.0.0.1:053068 --role client --parentprocessid 19592 --diag "C:\Users\Allessi\Downloads\abi-gth-omnia-developer-evaluation\template\backend\tests\Ambev.DeveloperEvaluation.Unit\bin\Debug\net8.0\fine-code-coverage\coverage-tool-output\diagnostics.host.25-03-17_18-14-50_35462_5.log" --tracelevel 4 --datacollectionport 53067 --telemetryoptedin false'
TpTrace Verbose: 0 : 19592, 5, 2025/03/17, 18:14:50.362, 4687918054899, vstest.console.dll, MulticastDelegateUtilities.SafeInvoke: HostProviderEvents.OnHostLaunched: Invoking callback 1/2 for Microsoft.VisualStudio.TestPlatform.CrossPlatEngine.Client.ProxyExecutionManagerWithDataCollection., took 1 ms.
TpTrace Verbose: 0 : 19592, 5, 2025/03/17, 18:14:50.362, 4687918058080, vstest.console.dll, Test Runtime launched
TpTrace Verbose: 0 : 19592, 5, 2025/03/17, 18:14:50.362, 4687918058643, vstest.console.dll, MulticastDelegateUtilities.SafeInvoke: HostProviderEvents.OnHostLaunched: Invoking callback 2/2 for Microsoft.VisualStudio.TestPlatform.CrossPlatEngine.Client.ProxyOperationManager., took 0 ms.
TpTrace Verbose: 0 : 19592, 5, 2025/03/17, 18:14:50.363, 4687918060076, vstest.console.dll, TestRequestSender.WaitForRequestHandlerConnection: waiting for connection with timeout: 90000.
TpTrace Verbose: 0 : 19592, 12, 2025/03/17, 18:14:50.485, 4687919285561, vstest.console.dll, MulticastDelegateUtilities.SafeInvoke: SocketServer: ClientConnected: Invoking callback 1/1 for Microsoft.VisualStudio.TestPlatform.CommunicationUtilities.TestRequestSender., took 0 ms.
TpTrace Verbose: 0 : 19592, 12, 2025/03/17, 18:14:50.485, 4687919286378, vstest.console.dll, SocketServer.OnClientConnected: Client connected for endPoint: 127.0.0.1:53068, starting MessageLoopAsync:
TpTrace Verbose: 0 : 19592, 5, 2025/03/17, 18:14:50.485, 4687919285654, vstest.console.dll, TestRequestSender.WaitForRequestHandlerConnection: waiting took 122 ms, with timeout 90000 ms, and result 0, which is success.
TpTrace Verbose: 0 : 19592, 13, 2025/03/17, 18:14:50.486, 4687919290828, vstest.console.dll, TcpClientExtensions.MessageLoopAsync: Polling on remoteEndPoint: 127.0.0.1:53069 localEndPoint: 127.0.0.1:53068 after 0 ms
TpTrace Verbose: 0 : 19592, 5, 2025/03/17, 18:14:50.486, 4687919293147, vstest.console.dll, TestRequestSender.CheckVersionWithTestHost: Sending check version message: {"MessageType":"ProtocolVersion","Payload":7}
TpTrace Verbose: 0 : 19592, 13, 2025/03/17, 18:14:50.551, 4687919947004, vstest.console.dll, TcpClientExtensions.MessageLoopAsync: NotifyDataAvailable remoteEndPoint: 127.0.0.1:53069 localEndPoint: 127.0.0.1:53068
TpTrace Verbose: 0 : 19592, 13, 2025/03/17, 18:14:50.551, 4687919948872, vstest.console.dll, TestRequestSender.CheckVersionWithTestHost: onMessageReceived received message: (ProtocolVersion) -> {"MessageType":"ProtocolVersion","Payload":7}
TpTrace Verbose: 0 : 19592, 13, 2025/03/17, 18:14:50.552, 4687919959006, vstest.console.dll, MulticastDelegateUtilities.SafeInvoke: LengthPrefixCommunicationChannel: MessageReceived: Invoking callback 1/1 for Microsoft.VisualStudio.TestPlatform.CommunicationUtilities.TestRequestSender+<>c__DisplayClass29_0., took 1 ms.
TpTrace Verbose: 0 : 19592, 13, 2025/03/17, 18:14:50.553, 4687919959855, vstest.console.dll, TcpClientExtensions.MessageLoopAsync: Polling on remoteEndPoint: 127.0.0.1:53069 localEndPoint: 127.0.0.1:53068 after 66 ms
TpTrace Verbose: 0 : 19592, 5, 2025/03/17, 18:14:50.553, 4687919960302, vstest.console.dll, TestPluginCache.GetExtensionPaths: Filtered extension paths: 
TpTrace Verbose: 0 : 19592, 5, 2025/03/17, 18:14:50.553, 4687919960735, vstest.console.dll, TestPluginCache.GetExtensionPaths: Added default extension paths: C:\Program Files\dotnet\sdk\9.0.101\Extensions\Microsoft.Diagnostics.NETCore.Client.dll
C:\Program Files\dotnet\sdk\9.0.101\Extensions\Microsoft.TestPlatform.Extensions.BlameDataCollector.dll
C:\Program Files\dotnet\sdk\9.0.101\Extensions\Microsoft.TestPlatform.Extensions.EventLogCollector.dll
C:\Program Files\dotnet\sdk\9.0.101\Extensions\Microsoft.TestPlatform.TestHostRuntimeProvider.dll
C:\Program Files\dotnet\sdk\9.0.101\Extensions\Microsoft.VisualStudio.TestPlatform.Extensions.Html.TestLogger.dll
C:\Program Files\dotnet\sdk\9.0.101\Extensions\Microsoft.VisualStudio.TestPlatform.Extensions.Trx.TestLogger.dll
TpTrace Verbose: 0 : 19592, 5, 2025/03/17, 18:14:50.553, 4687919960947, vstest.console.dll, TestPluginCache.GetExtensionPaths: Added unfilterableExtensionPaths: 
TpTrace Verbose: 0 : 19592, 5, 2025/03/17, 18:14:50.554, 4687919975580, vstest.console.dll, TestRequestSender.InitializeExecution: Sending initialize execution with message: {"Version":7,"MessageType":"TestExecution.Initialize","Payload":["C:\\Users\\Allessi\\Downloads\\abi-gth-omnia-developer-evaluation\\template\\backend\\tests\\Ambev.DeveloperEvaluation.Unit\\bin\\Debug\\net8.0\\fine-code-coverage\\build-output\\xunit.runner.visualstudio.testadapter.dll"]}
TpTrace Verbose: 0 : 19592, 5, 2025/03/17, 18:14:50.554, 4687919977007, vstest.console.dll, ParallelProxyExecutionManager.StartTestRunOnConcurrentManager: Execution starting. Started clients: 1
TpTrace Verbose: 0 : 19592, 13, 2025/03/17, 18:14:50.554, 4687919978361, vstest.console.dll, TcpClientExtensions.MessageLoopAsync: NotifyDataAvailable remoteEndPoint: 127.0.0.1:53069 localEndPoint: 127.0.0.1:53068
TpTrace Verbose: 0 : 19592, 5, 2025/03/17, 18:14:50.554, 4687919978713, vstest.console.dll, TestRunRequest:SendTestRunMessage: Starting.
TpTrace Verbose: 0 : 19592, 5, 2025/03/17, 18:14:50.555, 4687919979613, vstest.console.dll, MulticastDelegateUtilities.SafeInvoke: TestRun.LogMessages: Invoking callback 1/1 for Microsoft.VisualStudio.TestPlatform.CommandLine.TestRunResultAggregator., took 0 ms.
TpTrace Information: 0 : 19592, 5, 2025/03/17, 18:14:50.555, 4687919979968, vstest.console.dll, TestRunRequest:SendTestRunMessage: Completed.
TpTrace Verbose: 0 : 19592, 4, 2025/03/17, 18:14:50.555, 4687919981488, vstest.console.dll, MulticastDelegateUtilities.SafeInvoke: InternalTestLoggerEvents.SendTestRunMessage: Invoking callback 1/1 for Microsoft.VisualStudio.TestPlatform.CommandLine.Internal.ConsoleLogger., took 0 ms.
TpTrace Warning: 0 : 19592, 5, 2025/03/17, 18:14:50.555, 4687919982320, vstest.console.dll, InferRunSettingsHelper.MakeRunsettingsCompatible: Removing the following settings: TargetPlatform from RunSettings file. To use those settings please move to latest version of Microsoft.NET.Test.Sdk
TpTrace Verbose: 0 : 19592, 13, 2025/03/17, 18:14:50.555, 4687919986590, vstest.console.dll, TestRequestSender.OnExecutionMessageReceived: Received message: {"Version":7,"MessageType":"TestSession.Message","Payload":{"MessageLevel":0,"Message":"Logging TestHost Diagnostics in file: C:\\Users\\Allessi\\Downloads\\abi-gth-omnia-developer-evaluation\\template\\backend\\tests\\Ambev.DeveloperEvaluation.Unit\\bin\\Debug\\net8.0\\fine-code-coverage\\coverage-tool-output\\diagnostics.host.25-03-17_18-14-50_35462_5.log"}}
TpTrace Verbose: 0 : 19592, 13, 2025/03/17, 18:14:50.557, 4687920004745, vstest.console.dll, TestRunRequest:SendTestRunMessage: Starting.
TpTrace Verbose: 0 : 19592, 13, 2025/03/17, 18:14:50.557, 4687920005516, vstest.console.dll, MulticastDelegateUtilities.SafeInvoke: TestRun.LogMessages: Invoking callback 1/1 for Microsoft.VisualStudio.TestPlatform.CommandLine.TestRunResultAggregator., took 0 ms.
TpTrace Information: 0 : 19592, 13, 2025/03/17, 18:14:50.557, 4687920005835, vstest.console.dll, TestRunRequest:SendTestRunMessage: Completed.
TpTrace Verbose: 0 : 19592, 13, 2025/03/17, 18:14:50.557, 4687920006011, vstest.console.dll, MulticastDelegateUtilities.SafeInvoke: LengthPrefixCommunicationChannel: MessageReceived: Invoking callback 1/1 for Microsoft.VisualStudio.TestPlatform.CommunicationUtilities.TestRequestSender+<>c__DisplayClass34_0., took 2 ms.
TpTrace Verbose: 0 : 19592, 4, 2025/03/17, 18:14:50.557, 4687920006052, vstest.console.dll, MulticastDelegateUtilities.SafeInvoke: InternalTestLoggerEvents.SendTestRunMessage: Invoking callback 1/1 for Microsoft.VisualStudio.TestPlatform.CommandLine.Internal.ConsoleLogger., took 0 ms.
TpTrace Verbose: 0 : 19592, 13, 2025/03/17, 18:14:50.557, 4687920006160, vstest.console.dll, TcpClientExtensions.MessageLoopAsync: Polling on remoteEndPoint: 127.0.0.1:53069 localEndPoint: 127.0.0.1:53068 after 4 ms
TpTrace Verbose: 0 : 19592, 5, 2025/03/17, 18:14:50.559, 4687920024793, vstest.console.dll, TestRequestSender.StartTestRun: Sending test run with message: {"Version":7,"MessageType":"TestExecution.StartWithSources","Payload":{"AdapterSourceMap":{"_none_":["C:\\Users\\Allessi\\Downloads\\abi-gth-omnia-developer-evaluation\\template\\backend\\tests\\Ambev.DeveloperEvaluation.Unit\\bin\\Debug\\net8.0\\fine-code-coverage\\build-output\\Ambev.DeveloperEvaluation.Unit.dll"]},"RunSettings":"<RunSettings>\r\n  <RunConfiguration>\r\n    <ResultsDirectory>C:\\Users\\Allessi\\Downloads\\abi-gth-omnia-developer-evaluation\\template\\backend\\tests\\Ambev.DeveloperEvaluation.Unit\\bin\\Debug\\net8.0\\fine-code-coverage\\coverage-tool-output</ResultsDirectory>\r\n    <TargetFrameworkVersion>.NETCoreApp,Version=v8.0</TargetFrameworkVersion>\r\n    <DesignMode>False</DesignMode>\r\n    <CollectSourceInformation>False</CollectSourceInformation>\r\n  </RunConfiguration>\r\n  <LoggerRunSettings>\r\n    <Loggers>\r\n      <Logger friendlyName=\"blame\" enabled=\"True\" />\r\n      <Logger friendlyName=\"Console\" uri=\"logger://microsoft/TestPlatform/ConsoleLogger/v1\" assemblyQualifiedName=\"Microsoft.VisualStudio.TestPlatform.CommandLine.Internal.ConsoleLogger, vstest.console, Version=15.0.0.0, Culture=neutral, PublicKeyToken=b03f5f7f11d50a3a\" codeBase=\"C:\\Program Files\\dotnet\\sdk\\9.0.101\\vstest.console.dll\" enabled=\"True\" />\r\n    </Loggers>\r\n  </LoggerRunSettings>\r\n  <DataCollectionRunSettings>\r\n    <DataCollectors>\r\n      <DataCollector friendlyName=\"blame\" enabled=\"True\">\r\n        <Configuration>\r\n          <ResultsDirectory>C:\\Users\\Allessi\\Downloads\\abi-gth-omnia-developer-evaluation\\template\\backend\\tests\\Ambev.DeveloperEvaluation.Unit\\bin\\Debug\\net8.0\\fine-code-coverage\\coverage-tool-output</ResultsDirectory>\r\n        </Configuration>\r\n      </DataCollector>\r\n    </DataCollectors>\r\n  </DataCollectionRunSettings>\r\n</RunSettings>","TestExecutionContext":{"FrequencyOfRunStatsChangeEvent":10,"RunStatsChangeEventTimeout":"00:00:01.5000000","InIsolation":false,"KeepAlive":false,"AreTestCaseLevelEventsRequired":false,"IsDebug":false,"TestCaseFilter":null,"FilterOptions":null},"Package":null}}
TpTrace Verbose: 0 : 19592, 5, 2025/03/17, 18:14:50.559, 4687920026437, vstest.console.dll, ParallelProxyExecutionManager.StartTestRunOnConcurrentManager: Execution started. Started clients: 1
TpTrace Verbose: 0 : 19592, 13, 2025/03/17, 18:14:50.664, 4687921070561, vstest.console.dll, TcpClientExtensions.MessageLoopAsync: NotifyDataAvailable remoteEndPoint: 127.0.0.1:53069 localEndPoint: 127.0.0.1:53068
TpTrace Verbose: 0 : 19592, 13, 2025/03/17, 18:14:50.664, 4687921071883, vstest.console.dll, TestRequestSender.OnExecutionMessageReceived: Received message: {"Version":7,"MessageType":"TestSession.Message","Payload":{"MessageLevel":0,"Message":"[xUnit.net 00:00:00.00] xUnit.net VSTest Adapter v2.8.2+699d445a1a (64-bit .NET 8.0.14)"}}
TpTrace Verbose: 0 : 19592, 13, 2025/03/17, 18:14:50.664, 4687921073648, vstest.console.dll, TestRunRequest:SendTestRunMessage: Starting.
TpTrace Verbose: 0 : 19592, 13, 2025/03/17, 18:14:50.664, 4687921074099, vstest.console.dll, MulticastDelegateUtilities.SafeInvoke: TestRun.LogMessages: Invoking callback 1/1 for Microsoft.VisualStudio.TestPlatform.CommandLine.TestRunResultAggregator., took 0 ms.
TpTrace Verbose: 0 : 19592, 4, 2025/03/17, 18:14:50.664, 4687921074248, vstest.console.dll, MulticastDelegateUtilities.SafeInvoke: InternalTestLoggerEvents.SendTestRunMessage: Invoking callback 1/1 for Microsoft.VisualStudio.TestPlatform.CommandLine.Internal.ConsoleLogger., took 0 ms.
TpTrace Information: 0 : 19592, 13, 2025/03/17, 18:14:50.664, 4687921074278, vstest.console.dll, TestRunRequest:SendTestRunMessage: Completed.
TpTrace Verbose: 0 : 19592, 13, 2025/03/17, 18:14:50.664, 4687921074781, vstest.console.dll, MulticastDelegateUtilities.SafeInvoke: LengthPrefixCommunicationChannel: MessageReceived: Invoking callback 1/1 for Microsoft.VisualStudio.TestPlatform.CommunicationUtilities.TestRequestSender+<>c__DisplayClass34_0., took 0 ms.
TpTrace Verbose: 0 : 19592, 13, 2025/03/17, 18:14:50.664, 4687921074989, vstest.console.dll, TcpClientExtensions.MessageLoopAsync: Polling on remoteEndPoint: 127.0.0.1:53069 localEndPoint: 127.0.0.1:53068 after 106 ms
TpTrace Verbose: 0 : 19592, 13, 2025/03/17, 18:14:50.725, 4687921679754, vstest.console.dll, TcpClientExtensions.MessageLoopAsync: NotifyDataAvailable remoteEndPoint: 127.0.0.1:53069 localEndPoint: 127.0.0.1:53068
TpTrace Verbose: 0 : 19592, 13, 2025/03/17, 18:14:50.725, 4687921681322, vstest.console.dll, TestRequestSender.OnExecutionMessageReceived: Received message: {"Version":7,"MessageType":"TestSession.Message","Payload":{"MessageLevel":0,"Message":"[xUnit.net 00:00:00.06]   Discovering: Ambev.DeveloperEvaluation.Unit"}}
TpTrace Verbose: 0 : 19592, 13, 2025/03/17, 18:14:50.725, 4687921682573, vstest.console.dll, TestRunRequest:SendTestRunMessage: Starting.
TpTrace Verbose: 0 : 19592, 13, 2025/03/17, 18:14:50.725, 4687921683185, vstest.console.dll, MulticastDelegateUtilities.SafeInvoke: TestRun.LogMessages: Invoking callback 1/1 for Microsoft.VisualStudio.TestPlatform.CommandLine.TestRunResultAggregator., took 0 ms.
TpTrace Information: 0 : 19592, 13, 2025/03/17, 18:14:50.725, 4687921683395, vstest.console.dll, TestRunRequest:SendTestRunMessage: Completed.
TpTrace Verbose: 0 : 19592, 4, 2025/03/17, 18:14:50.725, 4687921683441, vstest.console.dll, MulticastDelegateUtilities.SafeInvoke: InternalTestLoggerEvents.SendTestRunMessage: Invoking callback 1/1 for Microsoft.VisualStudio.TestPlatform.CommandLine.Internal.ConsoleLogger., took 0 ms.
TpTrace Verbose: 0 : 19592, 13, 2025/03/17, 18:14:50.725, 4687921683587, vstest.console.dll, MulticastDelegateUtilities.SafeInvoke: LengthPrefixCommunicationChannel: MessageReceived: Invoking callback 1/1 for Microsoft.VisualStudio.TestPlatform.CommunicationUtilities.TestRequestSender+<>c__DisplayClass34_0., took 0 ms.
TpTrace Verbose: 0 : 19592, 13, 2025/03/17, 18:14:50.725, 4687921684579, vstest.console.dll, TcpClientExtensions.MessageLoopAsync: Polling on remoteEndPoint: 127.0.0.1:53069 localEndPoint: 127.0.0.1:53068 after 60 ms
TpTrace Verbose: 0 : 19592, 13, 2025/03/17, 18:14:50.765, 4687922083339, vstest.console.dll, TcpClientExtensions.MessageLoopAsync: NotifyDataAvailable remoteEndPoint: 127.0.0.1:53069 localEndPoint: 127.0.0.1:53068
TpTrace Verbose: 0 : 19592, 13, 2025/03/17, 18:14:50.765, 4687922084656, vstest.console.dll, TestRequestSender.OnExecutionMessageReceived: Received message: {"Version":7,"MessageType":"TestSession.Message","Payload":{"MessageLevel":0,"Message":"[xUnit.net 00:00:00.10]   Discovered:  Ambev.DeveloperEvaluation.Unit"}}
TpTrace Verbose: 0 : 19592, 13, 2025/03/17, 18:14:50.765, 4687922085554, vstest.console.dll, TestRunRequest:SendTestRunMessage: Starting.
TpTrace Verbose: 0 : 19592, 13, 2025/03/17, 18:14:50.765, 4687922085911, vstest.console.dll, MulticastDelegateUtilities.SafeInvoke: TestRun.LogMessages: Invoking callback 1/1 for Microsoft.VisualStudio.TestPlatform.CommandLine.TestRunResultAggregator., took 0 ms.
TpTrace Information: 0 : 19592, 13, 2025/03/17, 18:14:50.765, 4687922086201, vstest.console.dll, TestRunRequest:SendTestRunMessage: Completed.
TpTrace Verbose: 0 : 19592, 13, 2025/03/17, 18:14:50.765, 4687922086337, vstest.console.dll, MulticastDelegateUtilities.SafeInvoke: LengthPrefixCommunicationChannel: MessageReceived: Invoking callback 1/1 for Microsoft.VisualStudio.TestPlatform.CommunicationUtilities.TestRequestSender+<>c__DisplayClass34_0., took 0 ms.
TpTrace Verbose: 0 : 19592, 13, 2025/03/17, 18:14:50.765, 4687922086535, vstest.console.dll, TcpClientExtensions.MessageLoopAsync: Polling on remoteEndPoint: 127.0.0.1:53069 localEndPoint: 127.0.0.1:53068 after 40 ms
TpTrace Verbose: 0 : 19592, 4, 2025/03/17, 18:14:50.765, 4687922087241, vstest.console.dll, MulticastDelegateUtilities.SafeInvoke: InternalTestLoggerEvents.SendTestRunMessage: Invoking callback 1/1 for Microsoft.VisualStudio.TestPlatform.CommandLine.Internal.ConsoleLogger., took 0 ms.
TpTrace Verbose: 0 : 19592, 13, 2025/03/17, 18:14:50.767, 4687922102462, vstest.console.dll, TcpClientExtensions.MessageLoopAsync: NotifyDataAvailable remoteEndPoint: 127.0.0.1:53069 localEndPoint: 127.0.0.1:53068
TpTrace Verbose: 0 : 19592, 13, 2025/03/17, 18:14:50.767, 4687922103020, vstest.console.dll, TestRequestSender.OnExecutionMessageReceived: Received message: {"Version":7,"MessageType":"TestSession.Message","Payload":{"MessageLevel":0,"Message":"[xUnit.net 00:00:00.10]   Starting:    Ambev.DeveloperEvaluation.Unit"}}
TpTrace Verbose: 0 : 19592, 13, 2025/03/17, 18:14:50.767, 4687922103450, vstest.console.dll, TestRunRequest:SendTestRunMessage: Starting.
TpTrace Verbose: 0 : 19592, 13, 2025/03/17, 18:14:50.767, 4687922103710, vstest.console.dll, MulticastDelegateUtilities.SafeInvoke: TestRun.LogMessages: Invoking callback 1/1 for Microsoft.VisualStudio.TestPlatform.CommandLine.TestRunResultAggregator., took 0 ms.
TpTrace Information: 0 : 19592, 13, 2025/03/17, 18:14:50.767, 4687922103869, vstest.console.dll, TestRunRequest:SendTestRunMessage: Completed.
TpTrace Verbose: 0 : 19592, 13, 2025/03/17, 18:14:50.767, 4687922104058, vstest.console.dll, MulticastDelegateUtilities.SafeInvoke: LengthPrefixCommunicationChannel: MessageReceived: Invoking callback 1/1 for Microsoft.VisualStudio.TestPlatform.CommunicationUtilities.TestRequestSender+<>c__DisplayClass34_0., took 0 ms.
TpTrace Verbose: 0 : 19592, 13, 2025/03/17, 18:14:50.767, 4687922104231, vstest.console.dll, TcpClientExtensions.MessageLoopAsync: Polling on remoteEndPoint: 127.0.0.1:53069 localEndPoint: 127.0.0.1:53068 after 1 ms
TpTrace Verbose: 0 : 19592, 4, 2025/03/17, 18:14:50.767, 4687922105003, vstest.console.dll, MulticastDelegateUtilities.SafeInvoke: InternalTestLoggerEvents.SendTestRunMessage: Invoking callback 1/1 for Microsoft.VisualStudio.TestPlatform.CommandLine.Internal.ConsoleLogger., took 0 ms.
TpTrace Verbose: 0 : 19592, 13, 2025/03/17, 18:14:50.920, 4687923632354, vstest.console.dll, TcpClientExtensions.MessageLoopAsync: NotifyDataAvailable remoteEndPoint: 127.0.0.1:53069 localEndPoint: 127.0.0.1:53068
TpTrace Verbose: 0 : 19592, 13, 2025/03/17, 18:14:50.920, 4687923636380, vstest.console.dll, TestRequestSender.OnExecutionMessageReceived: Received message: {"Version":7,"MessageType":"TestExecution.StatsChange","Payload":{"NewTestResults":[{"TestCase":{"Id":"30b2ccc7-6f01-c69c-51bd-a3581c9094f2","FullyQualifiedName":"Ambev.DeveloperEvaluation.Unit.Domain.Validation.PhoneValidatorTests.Given_PhoneNumber_When_Validating_Then_ShouldValidateAccordingToPattern","DisplayName":"Given a phone number When validating Then should validate according to regex pattern(phone: \"11999999999\", expectedResult: True)","ExecutorUri":"executor://xunit/VsTestRunner2/netcoreapp","Source":"C:\\Users\\Allessi\\Downloads\\abi-gth-omnia-developer-evaluation\\template\\backend\\tests\\Ambev.DeveloperEvaluation.Unit\\bin\\Debug\\net8.0\\fine-code-coverage\\build-output\\Ambev.DeveloperEvaluation.Unit.dll","CodeFilePath":null,"LineNumber":0,"Properties":[]},"Attachments":[],"Outcome":1,"ErrorMessage":null,"ErrorStackTrace":null,"DisplayName":"Given a phone number When validating Then should validate according to regex pattern(phone: \"11999999999\", expectedResult: True)","Messages":[],"ComputerName":"ALLESSINOTE","Duration":"00:00:00.0492044","StartTime":"2025-03-17T21:14:50.85718+00:00","EndTime":"2025-03-17T21:14:50.8572052+00:00","Properties":[]},{"TestCase":{"Id":"4ddf4a3c-ac48-5b20-70c8-d8aaadd9c7c1","FullyQualifiedName":"Ambev.DeveloperEvaluation.Unit.Domain.Validation.PhoneValidatorTests.Given_PhoneNumber_When_Validating_Then_ShouldValidateAccordingToPattern","DisplayName":"Given a phone number When validating Then should validate according to regex pattern(phone: \"12345678901234567\", expectedResult: False)","ExecutorUri":"executor://xunit/VsTestRunner2/netcoreapp","Source":"C:\\Users\\Allessi\\Downloads\\abi-gth-omnia-developer-evaluation\\template\\backend\\tests\\Ambev.DeveloperEvaluation.Unit\\bin\\Debug\\net8.0\\fine-code-coverage\\build-output\\Ambev.DeveloperEvaluation.Unit.dll","CodeFilePath":null,"LineNumber":0,"Properties":[]},"Attachments":[],"Outcome":1,"ErrorMessage":null,"ErrorStackTrace":null,"DisplayName":"Given a phone number When validating Then should validate according to regex pattern(phone: \"12345678901234567\", expectedResult: False)","Messages":[],"ComputerName":"ALLESSINOTE","Duration":"00:00:00.0011865","StartTime":"2025-03-17T21:14:50.885466+00:00","EndTime":"2025-03-17T21:14:50.8854662+00:00","Properties":[]},{"TestCase":{"Id":"c262e8d9-a46a-1c5f-097b-b630ea4e1b04","FullyQualifiedName":"Ambev.DeveloperEvaluation.Unit.Domain.Validation.PhoneValidatorTests.Given_PhoneNumber_When_Validating_Then_ShouldValidateAccordingToPattern","DisplayName":"Given a phone number When validating Then should validate according to regex pattern(phone: \"+551199999999\", expectedResult: True)","ExecutorUri":"executor://xunit/VsTestRunner2/netcoreapp","Source":"C:\\Users\\Allessi\\Downloads\\abi-gth-omnia-developer-evaluation\\template\\backend\\tests\\Ambev.DeveloperEvaluation.Unit\\bin\\Debug\\net8.0\\fine-code-coverage\\build-output\\Ambev.DeveloperEvaluation.Unit.dll","CodeFilePath":null,"LineNumber":0,"Properties":[]},"Attachments":[],"Outcome":1,"ErrorMessage":null,"ErrorStackTrace":null,"DisplayName":"Given a phone number When validating Then should validate according to regex pattern(phone: \"+551199999999\", expectedResult: True)","Messages":[],"ComputerName":"ALLESSINOTE","Duration":"00:00:00.0000898","StartTime":"2025-03-17T21:14:50.8888333+00:00","EndTime":"2025-03-17T21:14:50.8888335+00:00","Properties":[]}],"TestRunStatistics":{"ExecutedTests":3,"Stats":{"Passed":3}},"ActiveTests":[{"Id":"2b7c2972-bfbf-bdea-fb42-8c84f3c0fd88","FullyQualifiedName":"Ambev.DeveloperEvaluation.Unit.Domain.Specifications.ActiveUserSpecificationTests.IsSatisfiedBy_ShouldValidateUserStatus","DisplayName":"Ambev.DeveloperEvaluation.Unit.Domain.Specifications.ActiveUserSpecificationTests.IsSatisfiedBy_ShouldValidateUserStatus(status: Inactive, expectedResult: False)","ExecutorUri":"executor://xunit/VsTestRunner2/netcoreapp","Source":"C:\\Users\\Allessi\\Downloads\\abi-gth-omnia-developer-evaluation\\template\\backend\\tests\\Ambev.DeveloperEvaluation.Unit\\bin\\Debug\\net8.0\\fine-code-coverage\\build-output\\Ambev.DeveloperEvaluation.Unit.dll","CodeFilePath":null,"LineNumber":0,"Properties":[]},{"Id":"57bb9484-7e37-11ca-7580-c746a8edf828","FullyQualifiedName":"Ambev.DeveloperEvaluation.Unit.Domain.Validation.EmailValidatorTests.Given_ValidEmailFormat_When_Validated_Then_ShouldNotHaveErrors","DisplayName":"Valid email formats should pass validation","ExecutorUri":"executor://xunit/VsTestRunner2/netcoreapp","Source":"C:\\Users\\Allessi\\Downloads\\abi-gth-omnia-developer-evaluation\\template\\backend\\tests\\Ambev.DeveloperEvaluation.Unit\\bin\\Debug\\net8.0\\fine-code-coverage\\build-output\\Ambev.DeveloperEvaluation.Unit.dll","CodeFilePath":null,"LineNumber":0,"Properties":[]},{"Id":"a42901aa-5def-595a-ca0a-a860643c76e1","FullyQualifiedName":"Ambev.DeveloperEvaluation.Unit.Domain.Validation.UserValidatorTests.Given_UnknownStatus_When_Validated_Then_ShouldHaveError","DisplayName":"Unknown status should fail validation","ExecutorUri":"executor://xunit/VsTestRunner2/netcoreapp","Source":"C:\\Users\\Allessi\\Downloads\\abi-gth-omnia-developer-evaluation\\template\\backend\\tests\\Ambev.DeveloperEvaluation.Unit\\bin\\Debug\\net8.0\\fine-code-coverage\\build-output\\Ambev.DeveloperEvaluation.Unit.dll","CodeFilePath":null,"LineNumber":0,"Properties":[]},{"Id":"01cd5714-2013-06ba-d92f-6cd03ed6bd91","FullyQualifiedName":"Ambev.DeveloperEvaluation.Unit.Application.CreateUserHandlerTests.Handle_ValidRequest_ReturnsSuccessResponse","DisplayName":"Given valid user data When creating user Then returns success response","ExecutorUri":"executor://xunit/VsTestRunner2/netcoreapp","Source":"C:\\Users\\Allessi\\Downloads\\abi-gth-omnia-developer-evaluation\\template\\backend\\tests\\Ambev.DeveloperEvaluation.Unit\\bin\\Debug\\net8.0\\fine-code-coverage\\build-output\\Ambev.DeveloperEvaluation.Unit.dll","CodeFilePath":null,"LineNumber":0,"Properties":[]},{"Id":"5ff3020c-61b2-e302-ce89-94418b924b66","FullyQualifiedName":"Ambev.DeveloperEvaluation.Unit.Domain.Entities.UserTests.Given_InvalidUserData_When_Validated_Then_ShouldReturnInvalid","DisplayName":"Validation should fail for invalid user data","ExecutorUri":"executor://xunit/VsTestRunner2/netcoreapp","Source":"C:\\Users\\Allessi\\Downloads\\abi-gth-omnia-developer-evaluation\\template\\backend\\tests\\Ambev.DeveloperEvaluation.Unit\\bin\\Debug\\net8.0\\fine-code-coverage\\build-output\\Ambev.DeveloperEvaluation.Unit.dll","CodeFilePath":null,"LineNumber":0,"Properties":[]},{"Id":"7e769a8c-92b0-081d-09d2-c2a10b19fa3a","FullyQualifiedName":"Ambev.DeveloperEvaluation.Unit.Domain.Validation.PasswordValidatorTests.Given_PasswordShorterThanMinimum_When_Validated_Then_ShouldHaveError","DisplayName":"Password shorter than minimum length should fail validation(password: \"Pass#2\")","ExecutorUri":"executor://xunit/VsTestRunner2/netcoreapp","Source":"C:\\Users\\Allessi\\Downloads\\abi-gth-omnia-developer-evaluation\\template\\backend\\tests\\Ambev.DeveloperEvaluation.Unit\\bin\\Debug\\net8.0\\fine-code-coverage\\build-output\\Ambev.DeveloperEvaluation.Unit.dll","CodeFilePath":null,"LineNumber":0,"Properties":[]},{"Id":"40583f21-a8c0-8580-c1bc-a697da3a43a5","FullyQualifiedName":"Ambev.DeveloperEvaluation.Unit.Domain.Validation.PhoneValidatorTests.Given_PhoneNumber_When_Validating_Then_ShouldValidateAccordingToPattern","DisplayName":"Given a phone number When validating Then should validate according to regex pattern(phone: \"999999999\", expectedResult: True)","ExecutorUri":"executor://xunit/VsTestRunner2/netcoreapp","Source":"C:\\Users\\Allessi\\Downloads\\abi-gth-omnia-developer-evaluation\\template\\backend\\tests\\Ambev.DeveloperEvaluation.Unit\\bin\\Debug\\net8.0\\fine-code-coverage\\build-output\\Ambev.DeveloperEvaluation.Unit.dll","CodeFilePath":null,"LineNumber":0,"Properties":[]}]}}
TpTrace Verbose: 0 : 19592, 13, 2025/03/17, 18:14:50.945, 4687923880604, vstest.console.dll, TestRunRequest:SendTestRunStatsChange: Starting.
TpTrace Verbose: 0 : 19592, 13, 2025/03/17, 18:14:50.945, 4687923882550, vstest.console.dll, InProgress is Ambev.DeveloperEvaluation.Unit.Domain.Specifications.ActiveUserSpecificationTests.IsSatisfiedBy_ShouldValidateUserStatus(status: Inactive, expectedResult: False)
TpTrace Verbose: 0 : 19592, 13, 2025/03/17, 18:14:50.945, 4687923883066, vstest.console.dll, InProgress is Valid email formats should pass validation
TpTrace Verbose: 0 : 19592, 13, 2025/03/17, 18:14:50.945, 4687923883560, vstest.console.dll, InProgress is Unknown status should fail validation
TpTrace Verbose: 0 : 19592, 13, 2025/03/17, 18:14:50.945, 4687923883889, vstest.console.dll, InProgress is Given valid user data When creating user Then returns success response
TpTrace Verbose: 0 : 19592, 13, 2025/03/17, 18:14:50.945, 4687923884196, vstest.console.dll, InProgress is Validation should fail for invalid user data
TpTrace Verbose: 0 : 19592, 13, 2025/03/17, 18:14:50.945, 4687923887963, vstest.console.dll, InProgress is Password shorter than minimum length should fail validation(password: "Pass#2")
TpTrace Verbose: 0 : 19592, 13, 2025/03/17, 18:14:50.945, 4687923889034, vstest.console.dll, InProgress is Given a phone number When validating Then should validate according to regex pattern(phone: "999999999", expectedResult: True)
TpTrace Verbose: 0 : 19592, 13, 2025/03/17, 18:14:50.946, 4687923894200, vstest.console.dll, MulticastDelegateUtilities.SafeInvoke: TestRun.RunStatsChanged: Invoking callbacks was skipped because there are no subscribers.
TpTrace Information: 0 : 19592, 13, 2025/03/17, 18:14:50.946, 4687923895618, vstest.console.dll, TestRunRequest:SendTestRunStatsChange: Completed.
TpTrace Verbose: 0 : 19592, 13, 2025/03/17, 18:14:50.946, 4687923896466, vstest.console.dll, MulticastDelegateUtilities.SafeInvoke: LengthPrefixCommunicationChannel: MessageReceived: Invoking callback 1/1 for Microsoft.VisualStudio.TestPlatform.CommunicationUtilities.TestRequestSender+<>c__DisplayClass34_0., took 26 ms.
TpTrace Verbose: 0 : 19592, 13, 2025/03/17, 18:14:50.946, 4687923896881, vstest.console.dll, TcpClientExtensions.MessageLoopAsync: Polling on remoteEndPoint: 127.0.0.1:53069 localEndPoint: 127.0.0.1:53068 after 179 ms
TpTrace Verbose: 0 : 19592, 13, 2025/03/17, 18:14:50.947, 4687923906515, vstest.console.dll, TcpClientExtensions.MessageLoopAsync: NotifyDataAvailable remoteEndPoint: 127.0.0.1:53069 localEndPoint: 127.0.0.1:53068
TpTrace Verbose: 0 : 19592, 13, 2025/03/17, 18:14:50.948, 4687923911110, vstest.console.dll, TestRequestSender.OnExecutionMessageReceived: Received message: {"Version":7,"MessageType":"TestExecution.StatsChange","Payload":{"NewTestResults":[{"TestCase":{"Id":"40583f21-a8c0-8580-c1bc-a697da3a43a5","FullyQualifiedName":"Ambev.DeveloperEvaluation.Unit.Domain.Validation.PhoneValidatorTests.Given_PhoneNumber_When_Validating_Then_ShouldValidateAccordingToPattern","DisplayName":"Given a phone number When validating Then should validate according to regex pattern(phone: \"999999999\", expectedResult: True)","ExecutorUri":"executor://xunit/VsTestRunner2/netcoreapp","Source":"C:\\Users\\Allessi\\Downloads\\abi-gth-omnia-developer-evaluation\\template\\backend\\tests\\Ambev.DeveloperEvaluation.Unit\\bin\\Debug\\net8.0\\fine-code-coverage\\build-output\\Ambev.DeveloperEvaluation.Unit.dll","CodeFilePath":null,"LineNumber":0,"Properties":[]},"Attachments":[],"Outcome":1,"ErrorMessage":null,"ErrorStackTrace":null,"DisplayName":"Given a phone number When validating Then should validate according to regex pattern(phone: \"999999999\", expectedResult: True)","Messages":[],"ComputerName":"ALLESSINOTE","Duration":"00:00:00.0000359","StartTime":"2025-03-17T21:14:50.9221675+00:00","EndTime":"2025-03-17T21:14:50.9221677+00:00","Properties":[]},{"TestCase":{"Id":"04891dd5-f293-9015-80e1-ad0510a711c6","FullyQualifiedName":"Ambev.DeveloperEvaluation.Unit.Domain.Validation.PhoneValidatorTests.Given_PhoneNumber_When_Validating_Then_ShouldValidateAccordingToPattern","DisplayName":"Given a phone number When validating Then should validate according to regex pattern(phone: \"+12345678901234567\", expectedResult: False)","ExecutorUri":"executor://xunit/VsTestRunner2/netcoreapp","Source":"C:\\Users\\Allessi\\Downloads\\abi-gth-omnia-developer-evaluation\\template\\backend\\tests\\Ambev.DeveloperEvaluation.Unit\\bin\\Debug\\net8.0\\fine-code-coverage\\build-output\\Ambev.DeveloperEvaluation.Unit.dll","CodeFilePath":null,"LineNumber":0,"Properties":[]},"Attachments":[],"Outcome":1,"ErrorMessage":null,"ErrorStackTrace":null,"DisplayName":"Given a phone number When validating Then should validate according to regex pattern(phone: \"+12345678901234567\", expectedResult: False)","Messages":[],"ComputerName":"ALLESSINOTE","Duration":"00:00:00.0000640","StartTime":"2025-03-17T21:14:50.9251814+00:00","EndTime":"2025-03-17T21:14:50.9251817+00:00","Properties":[]},{"TestCase":{"Id":"1cb56a67-748d-fee1-db79-7914f5c99ca7","FullyQualifiedName":"Ambev.DeveloperEvaluation.Unit.Domain.Validation.PhoneValidatorTests.Given_PhoneNumber_When_Validating_Then_ShouldValidateAccordingToPattern","DisplayName":"Given a phone number When validating Then should validate according to regex pattern(phone: \"+0123456789\", expectedResult: False)","ExecutorUri":"executor://xunit/VsTestRunner2/netcoreapp","Source":"C:\\Users\\Allessi\\Downloads\\abi-gth-omnia-developer-evaluation\\template\\backend\\tests\\Ambev.DeveloperEvaluation.Unit\\bin\\Debug\\net8.0\\fine-code-coverage\\build-output\\Ambev.DeveloperEvaluation.Unit.dll","CodeFilePath":null,"LineNumber":0,"Properties":[]},"Attachments":[],"Outcome":1,"ErrorMessage":null,"ErrorStackTrace":null,"DisplayName":"Given a phone number When validating Then should validate according to regex pattern(phone: \"+0123456789\", expectedResult: False)","Messages":[],"ComputerName":"ALLESSINOTE","Duration":"00:00:00.0000463","StartTime":"2025-03-17T21:14:50.9285285+00:00","EndTime":"2025-03-17T21:14:50.9285289+00:00","Properties":[]},{"TestCase":{"Id":"b14b71c7-44c3-d50c-7843-16f1ce3874d7","FullyQualifiedName":"Ambev.DeveloperEvaluation.Unit.Domain.Validation.PhoneValidatorTests.Given_PhoneNumber_When_Validating_Then_ShouldValidateAccordingToPattern","DisplayName":"Given a phone number When validating Then should validate according to regex pattern(phone: \"0123456789\", expectedResult: False)","ExecutorUri":"executor://xunit/VsTestRunner2/netcoreapp","Source":"C:\\Users\\Allessi\\Downloads\\abi-gth-omnia-developer-evaluation\\template\\backend\\tests\\Ambev.DeveloperEvaluation.Unit\\bin\\Debug\\net8.0\\fine-code-coverage\\build-output\\Ambev.DeveloperEvaluation.Unit.dll","CodeFilePath":null,"LineNumber":0,"Properties":[]},"Attachments":[],"Outcome":1,"ErrorMessage":null,"ErrorStackTrace":null,"DisplayName":"Given a phone number When validating Then should validate according to regex pattern(phone: \"0123456789\", expectedResult: False)","Messages":[],"ComputerName":"ALLESSINOTE","Duration":"00:00:00.0000417","StartTime":"2025-03-17T21:14:50.931797+00:00","EndTime":"2025-03-17T21:14:50.9317972+00:00","Properties":[]},{"TestCase":{"Id":"e266e5da-3979-c51c-442b-30b5acd87cd7","FullyQualifiedName":"Ambev.DeveloperEvaluation.Unit.Domain.Validation.PhoneValidatorTests.Given_PhoneNumber_When_Validating_Then_ShouldValidateAccordingToPattern","DisplayName":"Given a phone number When validating Then should validate according to regex pattern(phone: \"+\", expectedResult: False)","ExecutorUri":"executor://xunit/VsTestRunner2/netcoreapp","Source":"C:\\Users\\Allessi\\Downloads\\abi-gth-omnia-developer-evaluation\\template\\backend\\tests\\Ambev.DeveloperEvaluation.Unit\\bin\\Debug\\net8.0\\fine-code-coverage\\build-output\\Ambev.DeveloperEvaluation.Unit.dll","CodeFilePath":null,"LineNumber":0,"Properties":[]},"Attachments":[],"Outcome":1,"ErrorMessage":null,"ErrorStackTrace":null,"DisplayName":"Given a phone number When validating Then should validate according to regex pattern(phone: \"+\", expectedResult: False)","Messages":[],"ComputerName":"ALLESSINOTE","Duration":"00:00:00.0000335","StartTime":"2025-03-17T21:14:50.9342367+00:00","EndTime":"2025-03-17T21:14:50.9342373+00:00","Properties":[]},{"TestCase":{"Id":"bf3f63c1-0203-8057-f7ce-a9db65c21357","FullyQualifiedName":"Ambev.DeveloperEvaluation.Unit.Domain.Validation.PhoneValidatorTests.Given_PhoneNumber_When_Validating_Then_ShouldValidateAccordingToPattern","DisplayName":"Given a phone number When validating Then should validate according to regex pattern(phone: \"123456789\", expectedResult: True)","ExecutorUri":"executor://xunit/VsTestRunner2/netcoreapp","Source":"C:\\Users\\Allessi\\Downloads\\abi-gth-omnia-developer-evaluation\\template\\backend\\tests\\Ambev.DeveloperEvaluation.Unit\\bin\\Debug\\net8.0\\fine-code-coverage\\build-output\\Ambev.DeveloperEvaluation.Unit.dll","CodeFilePath":null,"LineNumber":0,"Properties":[]},"Attachments":[],"Outcome":1,"ErrorMessage":null,"ErrorStackTrace":null,"DisplayName":"Given a phone number When validating Then should validate according to regex pattern(phone: \"123456789\", expectedResult: True)","Messages":[],"ComputerName":"ALLESSINOTE","Duration":"00:00:00.0000324","StartTime":"2025-03-17T21:14:50.9370031+00:00","EndTime":"2025-03-17T21:14:50.9370033+00:00","Properties":[]},{"TestCase":{"Id":"6bd28a6c-f75d-b7fb-fa87-6b3af7a8cc7d","FullyQualifiedName":"Ambev.DeveloperEvaluation.Unit.Domain.Validation.PhoneValidatorTests.Given_PhoneNumber_When_Validating_Then_ShouldValidateAccordingToPattern","DisplayName":"Given a phone number When validating Then should validate according to regex pattern(phone: \"abc12345678\", expectedResult: False)","ExecutorUri":"executor://xunit/VsTestRunner2/netcoreapp","Source":"C:\\Users\\Allessi\\Downloads\\abi-gth-omnia-developer-evaluation\\template\\backend\\tests\\Ambev.DeveloperEvaluation.Unit\\bin\\Debug\\net8.0\\fine-code-coverage\\build-output\\Ambev.DeveloperEvaluation.Unit.dll","CodeFilePath":null,"LineNumber":0,"Properties":[]},"Attachments":[],"Outcome":1,"ErrorMessage":null,"ErrorStackTrace":null,"DisplayName":"Given a phone number When validating Then should validate according to regex pattern(phone: \"abc12345678\", expectedResult: False)","Messages":[],"ComputerName":"ALLESSINOTE","Duration":"00:00:00.0000345","StartTime":"2025-03-17T21:14:50.939047+00:00","EndTime":"2025-03-17T21:14:50.9390471+00:00","Properties":[]},{"TestCase":{"Id":"246d76db-1813-6253-8af4-1b104421ea34","FullyQualifiedName":"Ambev.DeveloperEvaluation.Unit.Domain.Validation.PhoneValidatorTests.Given_PhoneNumber_When_Validating_Then_ShouldValidateAccordingToPattern","DisplayName":"Given a phone number When validating Then should validate according to regex pattern(phone: \"+123456789\", expectedResult: True)","ExecutorUri":"executor://xunit/VsTestRunner2/netcoreapp","Source":"C:\\Users\\Allessi\\Downloads\\abi-gth-omnia-developer-evaluation\\template\\backend\\tests\\Ambev.DeveloperEvaluation.Unit\\bin\\Debug\\net8.0\\fine-code-coverage\\build-output\\Ambev.DeveloperEvaluation.Unit.dll","CodeFilePath":null,"LineNumber":0,"Properties":[]},"Attachments":[],"Outcome":1,"ErrorMessage":null,"ErrorStackTrace":null,"DisplayName":"Given a phone number When validating Then should validate according to regex pattern(phone: \"+123456789\", expectedResult: True)","Messages":[],"ComputerName":"ALLESSINOTE","Duration":"00:00:00.0000276","StartTime":"2025-03-17T21:14:50.9413943+00:00","EndTime":"2025-03-17T21:14:50.9413944+00:00","Properties":[]},{"TestCase":{"Id":"6c2c7d48-ecb9-c7eb-fed4-5b01d8f983ef","FullyQualifiedName":"Ambev.DeveloperEvaluation.Unit.Domain.Validation.PhoneValidatorTests.Given_PhoneNumber_When_Validating_Then_ShouldValidateAccordingToPattern","DisplayName":"Given a phone number When validating Then should validate according to regex pattern(phone: \"\", expectedResult: False)","ExecutorUri":"executor://xunit/VsTestRunner2/netcoreapp","Source":"C:\\Users\\Allessi\\Downloads\\abi-gth-omnia-developer-evaluation\\template\\backend\\tests\\Ambev.DeveloperEvaluation.Unit\\bin\\Debug\\net8.0\\fine-code-coverage\\build-output\\Ambev.DeveloperEvaluation.Unit.dll","CodeFilePath":null,"LineNumber":0,"Properties":[]},"Attachments":[],"Outcome":1,"ErrorMessage":null,"ErrorStackTrace":null,"DisplayName":"Given a phone number When validating Then should validate according to regex pattern(phone: \"\", expectedResult: False)","Messages":[],"ComputerName":"ALLESSINOTE","Duration":"00:00:00.0000699","StartTime":"2025-03-17T21:14:50.9437141+00:00","EndTime":"2025-03-17T21:14:50.9437142+00:00","Properties":[]}],"TestRunStatistics":{"ExecutedTests":12,"Stats":{"Passed":12}},"ActiveTests":[{"Id":"92acb969-111b-0544-0cb7-39f63c0c9cb5","FullyQualifiedName":"Ambev.DeveloperEvaluation.Unit.Domain.Validation.PhoneValidatorTests.Given_PhoneNumber_When_Validating_Then_ShouldValidateAccordingToPattern","DisplayName":"Given a phone number When validating Then should validate according to regex pattern(phone: \"12.34567890\", expectedResult: False)","ExecutorUri":"executor://xunit/VsTestRunner2/netcoreapp","Source":"C:\\Users\\Allessi\\Downloads\\abi-gth-omnia-developer-evaluation\\template\\backend\\tests\\Ambev.DeveloperEvaluation.Unit\\bin\\Debug\\net8.0\\fine-code-coverage\\build-output\\Ambev.DeveloperEvaluation.Unit.dll","CodeFilePath":null,"LineNumber":0,"Properties":[]}]}}
TpTrace Verbose: 0 : 19592, 4, 2025/03/17, 18:14:50.949, 4687923925825, vstest.console.dll, MulticastDelegateUtilities.SafeInvoke: InternalTestLoggerEvents.SendTestResult: Invoking callback 1/1 for Microsoft.VisualStudio.TestPlatform.CommandLine.Internal.ConsoleLogger., took 3 ms.
TpTrace Verbose: 0 : 19592, 13, 2025/03/17, 18:14:50.949, 4687923928506, vstest.console.dll, TestRunRequest:SendTestRunStatsChange: Starting.
TpTrace Verbose: 0 : 19592, 13, 2025/03/17, 18:14:50.950, 4687923929317, vstest.console.dll, InProgress is Given a phone number When validating Then should validate according to regex pattern(phone: "12.34567890", expectedResult: False)
TpTrace Verbose: 0 : 19592, 4, 2025/03/17, 18:14:50.950, 4687923929333, vstest.console.dll, MulticastDelegateUtilities.SafeInvoke: InternalTestLoggerEvents.SendTestResult: Invoking callback 1/1 for Microsoft.VisualStudio.TestPlatform.CommandLine.Internal.ConsoleLogger., took 0 ms.
TpTrace Verbose: 0 : 19592, 13, 2025/03/17, 18:14:50.950, 4687923930256, vstest.console.dll, MulticastDelegateUtilities.SafeInvoke: TestRun.RunStatsChanged: Invoking callbacks was skipped because there are no subscribers.
TpTrace Verbose: 0 : 19592, 4, 2025/03/17, 18:14:50.950, 4687923930537, vstest.console.dll, MulticastDelegateUtilities.SafeInvoke: InternalTestLoggerEvents.SendTestResult: Invoking callback 1/1 for Microsoft.VisualStudio.TestPlatform.CommandLine.Internal.ConsoleLogger., took 0 ms.
TpTrace Information: 0 : 19592, 13, 2025/03/17, 18:14:50.950, 4687923930858, vstest.console.dll, TestRunRequest:SendTestRunStatsChange: Completed.
TpTrace Verbose: 0 : 19592, 4, 2025/03/17, 18:14:50.950, 4687923931295, vstest.console.dll, MulticastDelegateUtilities.SafeInvoke: InternalTestLoggerEvents.SendTestResult: Invoking callback 1/1 for Microsoft.VisualStudio.TestPlatform.CommandLine.Internal.ConsoleLogger., took 0 ms.
TpTrace Verbose: 0 : 19592, 13, 2025/03/17, 18:14:50.950, 4687923931551, vstest.console.dll, MulticastDelegateUtilities.SafeInvoke: LengthPrefixCommunicationChannel: MessageReceived: Invoking callback 1/1 for Microsoft.VisualStudio.TestPlatform.CommunicationUtilities.TestRequestSender+<>c__DisplayClass34_0., took 2 ms.
TpTrace Verbose: 0 : 19592, 4, 2025/03/17, 18:14:50.950, 4687923931775, vstest.console.dll, MulticastDelegateUtilities.SafeInvoke: InternalTestLoggerEvents.SendTestResult: Invoking callback 1/1 for Microsoft.VisualStudio.TestPlatform.CommandLine.Internal.ConsoleLogger., took 0 ms.
TpTrace Verbose: 0 : 19592, 13, 2025/03/17, 18:14:50.950, 4687923932168, vstest.console.dll, TcpClientExtensions.MessageLoopAsync: Polling on remoteEndPoint: 127.0.0.1:53069 localEndPoint: 127.0.0.1:53068 after 3 ms
TpTrace Verbose: 0 : 19592, 4, 2025/03/17, 18:14:50.950, 4687923932182, vstest.console.dll, MulticastDelegateUtilities.SafeInvoke: InternalTestLoggerEvents.SendTestResult: Invoking callback 1/1 for Microsoft.VisualStudio.TestPlatform.CommandLine.Internal.ConsoleLogger., took 0 ms.
TpTrace Verbose: 0 : 19592, 4, 2025/03/17, 18:14:50.950, 4687923933122, vstest.console.dll, MulticastDelegateUtilities.SafeInvoke: InternalTestLoggerEvents.SendTestResult: Invoking callback 1/1 for Microsoft.VisualStudio.TestPlatform.CommandLine.Internal.ConsoleLogger., took 0 ms.
TpTrace Verbose: 0 : 19592, 4, 2025/03/17, 18:14:50.950, 4687923933583, vstest.console.dll, MulticastDelegateUtilities.SafeInvoke: InternalTestLoggerEvents.SendTestResult: Invoking callback 1/1 for Microsoft.VisualStudio.TestPlatform.CommandLine.Internal.ConsoleLogger., took 0 ms.
TpTrace Verbose: 0 : 19592, 4, 2025/03/17, 18:14:50.950, 4687923934167, vstest.console.dll, MulticastDelegateUtilities.SafeInvoke: InternalTestLoggerEvents.SendTestResult: Invoking callback 1/1 for Microsoft.VisualStudio.TestPlatform.CommandLine.Internal.ConsoleLogger., took 0 ms.
TpTrace Verbose: 0 : 19592, 4, 2025/03/17, 18:14:50.950, 4687923934469, vstest.console.dll, MulticastDelegateUtilities.SafeInvoke: InternalTestLoggerEvents.SendTestResult: Invoking callback 1/1 for Microsoft.VisualStudio.TestPlatform.CommandLine.Internal.ConsoleLogger., took 0 ms.
TpTrace Verbose: 0 : 19592, 4, 2025/03/17, 18:14:50.950, 4687923934802, vstest.console.dll, MulticastDelegateUtilities.SafeInvoke: InternalTestLoggerEvents.SendTestResult: Invoking callback 1/1 for Microsoft.VisualStudio.TestPlatform.CommandLine.Internal.ConsoleLogger., took 0 ms.
TpTrace Verbose: 0 : 19592, 4, 2025/03/17, 18:14:50.950, 4687923935079, vstest.console.dll, MulticastDelegateUtilities.SafeInvoke: InternalTestLoggerEvents.SendTestResult: Invoking callback 1/1 for Microsoft.VisualStudio.TestPlatform.CommandLine.Internal.ConsoleLogger., took 0 ms.
TpTrace Verbose: 0 : 19592, 13, 2025/03/17, 18:14:50.963, 4687924060156, vstest.console.dll, TcpClientExtensions.MessageLoopAsync: NotifyDataAvailable remoteEndPoint: 127.0.0.1:53069 localEndPoint: 127.0.0.1:53068
TpTrace Verbose: 0 : 19592, 13, 2025/03/17, 18:14:50.963, 4687924064416, vstest.console.dll, TestRequestSender.OnExecutionMessageReceived: Received message: {"Version":7,"MessageType":"TestExecution.StatsChange","Payload":{"NewTestResults":[{"TestCase":{"Id":"92acb969-111b-0544-0cb7-39f63c0c9cb5","FullyQualifiedName":"Ambev.DeveloperEvaluation.Unit.Domain.Validation.PhoneValidatorTests.Given_PhoneNumber_When_Validating_Then_ShouldValidateAccordingToPattern","DisplayName":"Given a phone number When validating Then should validate according to regex pattern(phone: \"12.34567890\", expectedResult: False)","ExecutorUri":"executor://xunit/VsTestRunner2/netcoreapp","Source":"C:\\Users\\Allessi\\Downloads\\abi-gth-omnia-developer-evaluation\\template\\backend\\tests\\Ambev.DeveloperEvaluation.Unit\\bin\\Debug\\net8.0\\fine-code-coverage\\build-output\\Ambev.DeveloperEvaluation.Unit.dll","CodeFilePath":null,"LineNumber":0,"Properties":[]},"Attachments":[],"Outcome":1,"ErrorMessage":null,"ErrorStackTrace":null,"DisplayName":"Given a phone number When validating Then should validate according to regex pattern(phone: \"12.34567890\", expectedResult: False)","Messages":[],"ComputerName":"ALLESSINOTE","Duration":"00:00:00.0000411","StartTime":"2025-03-17T21:14:50.9493102+00:00","EndTime":"2025-03-17T21:14:50.9493105+00:00","Properties":[]},{"TestCase":{"Id":"7e769a8c-92b0-081d-09d2-c2a10b19fa3a","FullyQualifiedName":"Ambev.DeveloperEvaluation.Unit.Domain.Validation.PasswordValidatorTests.Given_PasswordShorterThanMinimum_When_Validated_Then_ShouldHaveError","DisplayName":"Password shorter than minimum length should fail validation(password: \"Pass#2\")","ExecutorUri":"executor://xunit/VsTestRunner2/netcoreapp","Source":"C:\\Users\\Allessi\\Downloads\\abi-gth-omnia-developer-evaluation\\template\\backend\\tests\\Ambev.DeveloperEvaluation.Unit\\bin\\Debug\\net8.0\\fine-code-coverage\\build-output\\Ambev.DeveloperEvaluation.Unit.dll","CodeFilePath":null,"LineNumber":0,"Properties":[]},"Attachments":[],"Outcome":1,"ErrorMessage":null,"ErrorStackTrace":null,"DisplayName":"Password shorter than minimum length should fail validation(password: \"Pass#2\")","Messages":[],"ComputerName":"ALLESSINOTE","Duration":"00:00:00.0672925","StartTime":"2025-03-17T21:14:50.9512731+00:00","EndTime":"2025-03-17T21:14:50.9512732+00:00","Properties":[]},{"TestCase":{"Id":"73e30014-aa3c-cdac-d389-394a6fd8de3e","FullyQualifiedName":"Ambev.DeveloperEvaluation.Unit.Domain.Validation.PasswordValidatorTests.Given_PasswordShorterThanMinimum_When_Validated_Then_ShouldHaveError","DisplayName":"Password shorter than minimum length should fail validation(password: \"Test@1\")","ExecutorUri":"executor://xunit/VsTestRunner2/netcoreapp","Source":"C:\\Users\\Allessi\\Downloads\\abi-gth-omnia-developer-evaluation\\template\\backend\\tests\\Ambev.DeveloperEvaluation.Unit\\bin\\Debug\\net8.0\\fine-code-coverage\\build-output\\Ambev.DeveloperEvaluation.Unit.dll","CodeFilePath":null,"LineNumber":0,"Properties":[]},"Attachments":[],"Outcome":1,"ErrorMessage":null,"ErrorStackTrace":null,"DisplayName":"Password shorter than minimum length should fail validation(password: \"Test@1\")","Messages":[],"ComputerName":"ALLESSINOTE","Duration":"00:00:00.0003999","StartTime":"2025-03-17T21:14:50.9533792+00:00","EndTime":"2025-03-17T21:14:50.9533793+00:00","Properties":[]},{"TestCase":{"Id":"1f1a1e1b-f054-5c2c-386a-af4ebc62ef6d","FullyQualifiedName":"Ambev.DeveloperEvaluation.Unit.Domain.Validation.PasswordValidatorTests.Given_PasswordWithoutUppercase_When_Validated_Then_ShouldHaveError","DisplayName":"Password without uppercase should fail validation","ExecutorUri":"executor://xunit/VsTestRunner2/netcoreapp","Source":"C:\\Users\\Allessi\\Downloads\\abi-gth-omnia-developer-evaluation\\template\\backend\\tests\\Ambev.DeveloperEvaluation.Unit\\bin\\Debug\\net8.0\\fine-code-coverage\\build-output\\Ambev.DeveloperEvaluation.Unit.dll","CodeFilePath":null,"LineNumber":0,"Properties":[]},"Attachments":[],"Outcome":1,"ErrorMessage":null,"ErrorStackTrace":null,"DisplayName":"Password without uppercase should fail validation","Messages":[],"ComputerName":"ALLESSINOTE","Duration":"00:00:00.0008148","StartTime":"2025-03-17T21:14:50.9549444+00:00","EndTime":"2025-03-17T21:14:50.9549444+00:00","Properties":[]},{"TestCase":{"Id":"a065223c-c107-18db-7122-758852dfb978","FullyQualifiedName":"Ambev.DeveloperEvaluation.Unit.Domain.Validation.PasswordValidatorTests.Given_EmptyPassword_When_Validated_Then_ShouldHaveError","DisplayName":"Empty password should fail validation","ExecutorUri":"executor://xunit/VsTestRunner2/netcoreapp","Source":"C:\\Users\\Allessi\\Downloads\\abi-gth-omnia-developer-evaluation\\template\\backend\\tests\\Ambev.DeveloperEvaluation.Unit\\bin\\Debug\\net8.0\\fine-code-coverage\\build-output\\Ambev.DeveloperEvaluation.Unit.dll","CodeFilePath":null,"LineNumber":0,"Properties":[]},"Attachments":[],"Outcome":1,"ErrorMessage":null,"ErrorStackTrace":null,"DisplayName":"Empty password should fail validation","Messages":[],"ComputerName":"ALLESSINOTE","Duration":"00:00:00.0003404","StartTime":"2025-03-17T21:14:50.9564295+00:00","EndTime":"2025-03-17T21:14:50.9564296+00:00","Properties":[]},{"TestCase":{"Id":"9a546018-08ae-7d6f-a87d-ea9ee71e0875","FullyQualifiedName":"Ambev.DeveloperEvaluation.Unit.Domain.Validation.PasswordValidatorTests.Given_PasswordWithoutNumber_When_Validated_Then_ShouldHaveError","DisplayName":"Password without numbers should fail validation","ExecutorUri":"executor://xunit/VsTestRunner2/netcoreapp","Source":"C:\\Users\\Allessi\\Downloads\\abi-gth-omnia-developer-evaluation\\template\\backend\\tests\\Ambev.DeveloperEvaluation.Unit\\bin\\Debug\\net8.0\\fine-code-coverage\\build-output\\Ambev.DeveloperEvaluation.Unit.dll","CodeFilePath":null,"LineNumber":0,"Properties":[]},"Attachments":[],"Outcome":1,"ErrorMessage":null,"ErrorStackTrace":null,"DisplayName":"Password without numbers should fail validation","Messages":[],"ComputerName":"ALLESSINOTE","Duration":"00:00:00.0001878","StartTime":"2025-03-17T21:14:50.9579522+00:00","EndTime":"2025-03-17T21:14:50.9579523+00:00","Properties":[]},{"TestCase":{"Id":"57bb9484-7e37-11ca-7580-c746a8edf828","FullyQualifiedName":"Ambev.DeveloperEvaluation.Unit.Domain.Validation.EmailValidatorTests.Given_ValidEmailFormat_When_Validated_Then_ShouldNotHaveErrors","DisplayName":"Valid email formats should pass validation","ExecutorUri":"executor://xunit/VsTestRunner2/netcoreapp","Source":"C:\\Users\\Allessi\\Downloads\\abi-gth-omnia-developer-evaluation\\template\\backend\\tests\\Ambev.DeveloperEvaluation.Unit\\bin\\Debug\\net8.0\\fine-code-coverage\\build-output\\Ambev.DeveloperEvaluation.Unit.dll","CodeFilePath":null,"LineNumber":0,"Properties":[]},"Attachments":[],"Outcome":1,"ErrorMessage":null,"ErrorStackTrace":null,"DisplayName":"Valid email formats should pass validation","Messages":[],"ComputerName":"ALLESSINOTE","Duration":"00:00:00.0808107","StartTime":"2025-03-17T21:14:50.9595404+00:00","EndTime":"2025-03-17T21:14:50.9595404+00:00","Properties":[]},{"TestCase":{"Id":"e659ac75-7900-a505-f27b-3a7998b2148a","FullyQualifiedName":"Ambev.DeveloperEvaluation.Unit.Domain.Validation.PasswordValidatorTests.Given_ValidPassword_When_Validated_Then_ShouldNotHaveErrors","DisplayName":"Valid passwords should pass validation","ExecutorUri":"executor://xunit/VsTestRunner2/netcoreapp","Source":"C:\\Users\\Allessi\\Downloads\\abi-gth-omnia-developer-evaluation\\template\\backend\\tests\\Ambev.DeveloperEvaluation.Unit\\bin\\Debug\\net8.0\\fine-code-coverage\\build-output\\Ambev.DeveloperEvaluation.Unit.dll","CodeFilePath":null,"LineNumber":0,"Properties":[]},"Attachments":[],"Outcome":1,"ErrorMessage":null,"ErrorStackTrace":null,"DisplayName":"Valid passwords should pass validation","Messages":[],"ComputerName":"ALLESSINOTE","Duration":"00:00:00.0115252","StartTime":"2025-03-17T21:14:50.9604224+00:00","EndTime":"2025-03-17T21:14:50.9604225+00:00","Properties":[]}],"TestRunStatistics":{"ExecutedTests":20,"Stats":{"Passed":20}},"ActiveTests":[{"Id":"46d550ab-f369-97d0-3152-aec73ee3b4f3","FullyQualifiedName":"Ambev.DeveloperEvaluation.Unit.Domain.Validation.PasswordValidatorTests.Given_PasswordWithoutSpecialCharacter_When_Validated_Then_ShouldHaveError","DisplayName":"Password without special characters should fail validation","ExecutorUri":"executor://xunit/VsTestRunner2/netcoreapp","Source":"C:\\Users\\Allessi\\Downloads\\abi-gth-omnia-developer-evaluation\\template\\backend\\tests\\Ambev.DeveloperEvaluation.Unit\\bin\\Debug\\net8.0\\fine-code-coverage\\build-output\\Ambev.DeveloperEvaluation.Unit.dll","CodeFilePath":null,"LineNumber":0,"Properties":[]},{"Id":"7852c496-12b7-4e9e-e490-c97583a2dd6a","FullyQualifiedName":"Ambev.DeveloperEvaluation.Unit.Domain.Validation.EmailValidatorTests.Given_EmailExceeding100Characters_When_Validated_Then_ShouldHaveError","DisplayName":"Email exceeding maximum length should fail validation","ExecutorUri":"executor://xunit/VsTestRunner2/netcoreapp","Source":"C:\\Users\\Allessi\\Downloads\\abi-gth-omnia-developer-evaluation\\template\\backend\\tests\\Ambev.DeveloperEvaluation.Unit\\bin\\Debug\\net8.0\\fine-code-coverage\\build-output\\Ambev.DeveloperEvaluation.Unit.dll","CodeFilePath":null,"LineNumber":0,"Properties":[]}]}}
TpTrace Verbose: 0 : 19592, 13, 2025/03/17, 18:14:50.964, 4687924071700, vstest.console.dll, TestRunRequest:SendTestRunStatsChange: Starting.
TpTrace Verbose: 0 : 19592, 13, 2025/03/17, 18:14:50.964, 4687924072296, vstest.console.dll, InProgress is Password without special characters should fail validation
TpTrace Verbose: 0 : 19592, 13, 2025/03/17, 18:14:50.964, 4687924072498, vstest.console.dll, InProgress is Email exceeding maximum length should fail validation
TpTrace Verbose: 0 : 19592, 13, 2025/03/17, 18:14:50.964, 4687924072960, vstest.console.dll, MulticastDelegateUtilities.SafeInvoke: TestRun.RunStatsChanged: Invoking callbacks was skipped because there are no subscribers.
TpTrace Information: 0 : 19592, 13, 2025/03/17, 18:14:50.964, 4687924073183, vstest.console.dll, TestRunRequest:SendTestRunStatsChange: Completed.
TpTrace Verbose: 0 : 19592, 13, 2025/03/17, 18:14:50.964, 4687924073416, vstest.console.dll, MulticastDelegateUtilities.SafeInvoke: LengthPrefixCommunicationChannel: MessageReceived: Invoking callback 1/1 for Microsoft.VisualStudio.TestPlatform.CommunicationUtilities.TestRequestSender+<>c__DisplayClass34_0., took 0 ms.
TpTrace Verbose: 0 : 19592, 13, 2025/03/17, 18:14:50.964, 4687924073694, vstest.console.dll, TcpClientExtensions.MessageLoopAsync: Polling on remoteEndPoint: 127.0.0.1:53069 localEndPoint: 127.0.0.1:53068 after 14 ms
TpTrace Verbose: 0 : 19592, 4, 2025/03/17, 18:14:50.964, 4687924073795, vstest.console.dll, MulticastDelegateUtilities.SafeInvoke: InternalTestLoggerEvents.SendTestResult: Invoking callback 1/1 for Microsoft.VisualStudio.TestPlatform.CommandLine.Internal.ConsoleLogger., took 0 ms.
TpTrace Verbose: 0 : 19592, 4, 2025/03/17, 18:14:50.964, 4687924074781, vstest.console.dll, MulticastDelegateUtilities.SafeInvoke: InternalTestLoggerEvents.SendTestResult: Invoking callback 1/1 for Microsoft.VisualStudio.TestPlatform.CommandLine.Internal.ConsoleLogger., took 0 ms.
TpTrace Verbose: 0 : 19592, 4, 2025/03/17, 18:14:50.964, 4687924075120, vstest.console.dll, MulticastDelegateUtilities.SafeInvoke: InternalTestLoggerEvents.SendTestResult: Invoking callback 1/1 for Microsoft.VisualStudio.TestPlatform.CommandLine.Internal.ConsoleLogger., took 0 ms.
TpTrace Verbose: 0 : 19592, 4, 2025/03/17, 18:14:50.964, 4687924075497, vstest.console.dll, MulticastDelegateUtilities.SafeInvoke: InternalTestLoggerEvents.SendTestResult: Invoking callback 1/1 for Microsoft.VisualStudio.TestPlatform.CommandLine.Internal.ConsoleLogger., took 0 ms.
TpTrace Verbose: 0 : 19592, 4, 2025/03/17, 18:14:50.964, 4687924075870, vstest.console.dll, MulticastDelegateUtilities.SafeInvoke: InternalTestLoggerEvents.SendTestResult: Invoking callback 1/1 for Microsoft.VisualStudio.TestPlatform.CommandLine.Internal.ConsoleLogger., took 0 ms.
TpTrace Verbose: 0 : 19592, 4, 2025/03/17, 18:14:50.964, 4687924076163, vstest.console.dll, MulticastDelegateUtilities.SafeInvoke: InternalTestLoggerEvents.SendTestResult: Invoking callback 1/1 for Microsoft.VisualStudio.TestPlatform.CommandLine.Internal.ConsoleLogger., took 0 ms.
TpTrace Verbose: 0 : 19592, 4, 2025/03/17, 18:14:50.964, 4687924076471, vstest.console.dll, MulticastDelegateUtilities.SafeInvoke: InternalTestLoggerEvents.SendTestResult: Invoking callback 1/1 for Microsoft.VisualStudio.TestPlatform.CommandLine.Internal.ConsoleLogger., took 0 ms.
TpTrace Verbose: 0 : 19592, 4, 2025/03/17, 18:14:50.964, 4687924076832, vstest.console.dll, MulticastDelegateUtilities.SafeInvoke: InternalTestLoggerEvents.SendTestResult: Invoking callback 1/1 for Microsoft.VisualStudio.TestPlatform.CommandLine.Internal.ConsoleLogger., took 0 ms.
TpTrace Verbose: 0 : 19592, 13, 2025/03/17, 18:14:50.993, 4687924364616, vstest.console.dll, TcpClientExtensions.MessageLoopAsync: NotifyDataAvailable remoteEndPoint: 127.0.0.1:53069 localEndPoint: 127.0.0.1:53068
TpTrace Verbose: 0 : 19592, 13, 2025/03/17, 18:14:50.993, 4687924366948, vstest.console.dll, TestRequestSender.OnExecutionMessageReceived: Received message: {"Version":7,"MessageType":"TestExecution.StatsChange","Payload":{"NewTestResults":[{"TestCase":{"Id":"46d550ab-f369-97d0-3152-aec73ee3b4f3","FullyQualifiedName":"Ambev.DeveloperEvaluation.Unit.Domain.Validation.PasswordValidatorTests.Given_PasswordWithoutSpecialCharacter_When_Validated_Then_ShouldHaveError","DisplayName":"Password without special characters should fail validation","ExecutorUri":"executor://xunit/VsTestRunner2/netcoreapp","Source":"C:\\Users\\Allessi\\Downloads\\abi-gth-omnia-developer-evaluation\\template\\backend\\tests\\Ambev.DeveloperEvaluation.Unit\\bin\\Debug\\net8.0\\fine-code-coverage\\build-output\\Ambev.DeveloperEvaluation.Unit.dll","CodeFilePath":null,"LineNumber":0,"Properties":[]},"Attachments":[],"Outcome":1,"ErrorMessage":null,"ErrorStackTrace":null,"DisplayName":"Password without special characters should fail validation","Messages":[],"ComputerName":"ALLESSINOTE","Duration":"00:00:00.0003734","StartTime":"2025-03-17T21:14:50.9638199+00:00","EndTime":"2025-03-17T21:14:50.96382+00:00","Properties":[]},{"TestCase":{"Id":"7852c496-12b7-4e9e-e490-c97583a2dd6a","FullyQualifiedName":"Ambev.DeveloperEvaluation.Unit.Domain.Validation.EmailValidatorTests.Given_EmailExceeding100Characters_When_Validated_Then_ShouldHaveError","DisplayName":"Email exceeding maximum length should fail validation","ExecutorUri":"executor://xunit/VsTestRunner2/netcoreapp","Source":"C:\\Users\\Allessi\\Downloads\\abi-gth-omnia-developer-evaluation\\template\\backend\\tests\\Ambev.DeveloperEvaluation.Unit\\bin\\Debug\\net8.0\\fine-code-coverage\\build-output\\Ambev.DeveloperEvaluation.Unit.dll","CodeFilePath":null,"LineNumber":0,"Properties":[]},"Attachments":[],"Outcome":1,"ErrorMessage":null,"ErrorStackTrace":null,"DisplayName":"Email exceeding maximum length should fail validation","Messages":[],"ComputerName":"ALLESSINOTE","Duration":"00:00:00.0004647","StartTime":"2025-03-17T21:14:50.9654351+00:00","EndTime":"2025-03-17T21:14:50.9654351+00:00","Properties":[]},{"TestCase":{"Id":"2da6a132-6497-d297-582b-67e46933d68a","FullyQualifiedName":"Ambev.DeveloperEvaluation.Unit.Domain.Validation.PasswordValidatorTests.Given_PasswordWithoutLowercase_When_Validated_Then_ShouldHaveError","DisplayName":"Password without lowercase should fail validation","ExecutorUri":"executor://xunit/VsTestRunner2/netcoreapp","Source":"C:\\Users\\Allessi\\Downloads\\abi-gth-omnia-developer-evaluation\\template\\backend\\tests\\Ambev.DeveloperEvaluation.Unit\\bin\\Debug\\net8.0\\fine-code-coverage\\build-output\\Ambev.DeveloperEvaluation.Unit.dll","CodeFilePath":null,"LineNumber":0,"Properties":[]},"Attachments":[],"Outcome":1,"ErrorMessage":null,"ErrorStackTrace":null,"DisplayName":"Password without lowercase should fail validation","Messages":[],"ComputerName":"ALLESSINOTE","Duration":"00:00:00.0002884","StartTime":"2025-03-17T21:14:50.967371+00:00","EndTime":"2025-03-17T21:14:50.967371+00:00","Properties":[]},{"TestCase":{"Id":"618bd327-02cc-e041-a74a-f5ba19bd4d11","FullyQualifiedName":"Ambev.DeveloperEvaluation.Unit.Domain.Validation.EmailValidatorTests.Given_InvalidEmailFormat_When_Validated_Then_ShouldHaveError","DisplayName":"Invalid email formats should fail validation(email: \"@domain.com\")","ExecutorUri":"executor://xunit/VsTestRunner2/netcoreapp","Source":"C:\\Users\\Allessi\\Downloads\\abi-gth-omnia-developer-evaluation\\template\\backend\\tests\\Ambev.DeveloperEvaluation.Unit\\bin\\Debug\\net8.0\\fine-code-coverage\\build-output\\Ambev.DeveloperEvaluation.Unit.dll","CodeFilePath":null,"LineNumber":0,"Properties":[]},"Attachments":[],"Outcome":1,"ErrorMessage":null,"ErrorStackTrace":null,"DisplayName":"Invalid email formats should fail validation(email: \"@domain.com\")","Messages":[],"ComputerName":"ALLESSINOTE","Duration":"00:00:00.0002635","StartTime":"2025-03-17T21:14:50.9682888+00:00","EndTime":"2025-03-17T21:14:50.9682889+00:00","Properties":[]},{"TestCase":{"Id":"2b7c2972-bfbf-bdea-fb42-8c84f3c0fd88","FullyQualifiedName":"Ambev.DeveloperEvaluation.Unit.Domain.Specifications.ActiveUserSpecificationTests.IsSatisfiedBy_ShouldValidateUserStatus","DisplayName":"Ambev.DeveloperEvaluation.Unit.Domain.Specifications.ActiveUserSpecificationTests.IsSatisfiedBy_ShouldValidateUserStatus(status: Inactive, expectedResult: False)","ExecutorUri":"executor://xunit/VsTestRunner2/netcoreapp","Source":"C:\\Users\\Allessi\\Downloads\\abi-gth-omnia-developer-evaluation\\template\\backend\\tests\\Ambev.DeveloperEvaluation.Unit\\bin\\Debug\\net8.0\\fine-code-coverage\\build-output\\Ambev.DeveloperEvaluation.Unit.dll","CodeFilePath":null,"LineNumber":0,"Properties":[]},"Attachments":[],"Outcome":1,"ErrorMessage":null,"ErrorStackTrace":null,"DisplayName":"Ambev.DeveloperEvaluation.Unit.Domain.Specifications.ActiveUserSpecificationTests.IsSatisfiedBy_ShouldValidateUserStatus(status: Inactive, expectedResult: False)","Messages":[],"ComputerName":"ALLESSINOTE","Duration":"00:00:00.0792342","StartTime":"2025-03-17T21:14:50.9879744+00:00","EndTime":"2025-03-17T21:14:50.9879746+00:00","Properties":[]},{"TestCase":{"Id":"ba68d805-dd06-4762-651c-f4f7f1109362","FullyQualifiedName":"Ambev.DeveloperEvaluation.Unit.Domain.Validation.EmailValidatorTests.Given_InvalidEmailFormat_When_Validated_Then_ShouldHaveError","DisplayName":"Invalid email formats should fail validation(email: \"user@\")","ExecutorUri":"executor://xunit/VsTestRunner2/netcoreapp","Source":"C:\\Users\\Allessi\\Downloads\\abi-gth-omnia-developer-evaluation\\template\\backend\\tests\\Ambev.DeveloperEvaluation.Unit\\bin\\Debug\\net8.0\\fine-code-coverage\\build-output\\Ambev.DeveloperEvaluation.Unit.dll","CodeFilePath":null,"LineNumber":0,"Properties":[]},"Attachments":[],"Outcome":1,"ErrorMessage":null,"ErrorStackTrace":null,"DisplayName":"Invalid email formats should fail validation(email: \"user@\")","Messages":[],"ComputerName":"ALLESSINOTE","Duration":"00:00:00.0002796","StartTime":"2025-03-17T21:14:50.9895199+00:00","EndTime":"2025-03-17T21:14:50.9895199+00:00","Properties":[]},{"TestCase":{"Id":"b895f0d0-7883-4ece-9ce6-231b6359895f","FullyQualifiedName":"Ambev.DeveloperEvaluation.Unit.Domain.Validation.EmailValidatorTests.Given_InvalidEmailFormat_When_Validated_Then_ShouldHaveError","DisplayName":"Invalid email formats should fail validation(email: \"user@domain.\")","ExecutorUri":"executor://xunit/VsTestRunner2/netcoreapp","Source":"C:\\Users\\Allessi\\Downloads\\abi-gth-omnia-developer-evaluation\\template\\backend\\tests\\Ambev.DeveloperEvaluation.Unit\\bin\\Debug\\net8.0\\fine-code-coverage\\build-output\\Ambev.DeveloperEvaluation.Unit.dll","CodeFilePath":null,"LineNumber":0,"Properties":[]},"Attachments":[],"Outcome":1,"ErrorMessage":null,"ErrorStackTrace":null,"DisplayName":"Invalid email formats should fail validation(email: \"user@domain.\")","Messages":[],"ComputerName":"ALLESSINOTE","Duration":"00:00:00.0000844","StartTime":"2025-03-17T21:14:50.9908239+00:00","EndTime":"2025-03-17T21:14:50.9908239+00:00","Properties":[]},{"TestCase":{"Id":"3879e25a-3b62-fec5-edc4-a67f66d29fe2","FullyQualifiedName":"Ambev.DeveloperEvaluation.Unit.Domain.Validation.EmailValidatorTests.Given_InvalidEmailFormat_When_Validated_Then_ShouldHaveError","DisplayName":"Invalid email formats should fail validation(email: \"invalid-email\")","ExecutorUri":"executor://xunit/VsTestRunner2/netcoreapp","Source":"C:\\Users\\Allessi\\Downloads\\abi-gth-omnia-developer-evaluation\\template\\backend\\tests\\Ambev.DeveloperEvaluation.Unit\\bin\\Debug\\net8.0\\fine-code-coverage\\build-output\\Ambev.DeveloperEvaluation.Unit.dll","CodeFilePath":null,"LineNumber":0,"Properties":[]},"Attachments":[],"Outcome":1,"ErrorMessage":null,"ErrorStackTrace":null,"DisplayName":"Invalid email formats should fail validation(email: \"invalid-email\")","Messages":[],"ComputerName":"ALLESSINOTE","Duration":"00:00:00.0000651","StartTime":"2025-03-17T21:14:50.9922741+00:00","EndTime":"2025-03-17T21:14:50.9922742+00:00","Properties":[]}],"TestRunStatistics":{"ExecutedTests":28,"Stats":{"Passed":28}},"ActiveTests":[{"Id":"d9409010-627b-a419-fd84-7799636acf86","FullyQualifiedName":"Ambev.DeveloperEvaluation.Unit.Domain.Specifications.ActiveUserSpecificationTests.IsSatisfiedBy_ShouldValidateUserStatus","DisplayName":"Ambev.DeveloperEvaluation.Unit.Domain.Specifications.ActiveUserSpecificationTests.IsSatisfiedBy_ShouldValidateUserStatus(status: Active, expectedResult: True)","ExecutorUri":"executor://xunit/VsTestRunner2/netcoreapp","Source":"C:\\Users\\Allessi\\Downloads\\abi-gth-omnia-developer-evaluation\\template\\backend\\tests\\Ambev.DeveloperEvaluation.Unit\\bin\\Debug\\net8.0\\fine-code-coverage\\build-output\\Ambev.DeveloperEvaluation.Unit.dll","CodeFilePath":null,"LineNumber":0,"Properties":[]},{"Id":"f1de4a3b-52bd-5d9a-48c7-b9f3beff4108","FullyQualifiedName":"Ambev.DeveloperEvaluation.Unit.Domain.Validation.EmailValidatorTests.Given_InvalidEmailFormat_When_Validated_Then_ShouldHaveError","DisplayName":"Invalid email formats should fail validation(email: \"user@.com\")","ExecutorUri":"executor://xunit/VsTestRunner2/netcoreapp","Source":"C:\\Users\\Allessi\\Downloads\\abi-gth-omnia-developer-evaluation\\template\\backend\\tests\\Ambev.DeveloperEvaluation.Unit\\bin\\Debug\\net8.0\\fine-code-coverage\\build-output\\Ambev.DeveloperEvaluation.Unit.dll","CodeFilePath":null,"LineNumber":0,"Properties":[]}]}}
TpTrace Verbose: 0 : 19592, 13, 2025/03/17, 18:14:50.994, 4687924373359, vstest.console.dll, TestRunRequest:SendTestRunStatsChange: Starting.
TpTrace Verbose: 0 : 19592, 13, 2025/03/17, 18:14:50.994, 4687924374274, vstest.console.dll, InProgress is Ambev.DeveloperEvaluation.Unit.Domain.Specifications.ActiveUserSpecificationTests.IsSatisfiedBy_ShouldValidateUserStatus(status: Active, expectedResult: True)
TpTrace Verbose: 0 : 19592, 13, 2025/03/17, 18:14:50.994, 4687924374600, vstest.console.dll, InProgress is Invalid email formats should fail validation(email: "user@.com")
TpTrace Verbose: 0 : 19592, 13, 2025/03/17, 18:14:50.994, 4687924375187, vstest.console.dll, MulticastDelegateUtilities.SafeInvoke: TestRun.RunStatsChanged: Invoking callbacks was skipped because there are no subscribers.
TpTrace Information: 0 : 19592, 13, 2025/03/17, 18:14:50.994, 4687924375500, vstest.console.dll, TestRunRequest:SendTestRunStatsChange: Completed.
TpTrace Verbose: 0 : 19592, 4, 2025/03/17, 18:14:50.994, 4687924375722, vstest.console.dll, MulticastDelegateUtilities.SafeInvoke: InternalTestLoggerEvents.SendTestResult: Invoking callback 1/1 for Microsoft.VisualStudio.TestPlatform.CommandLine.Internal.ConsoleLogger., took 0 ms.
TpTrace Verbose: 0 : 19592, 13, 2025/03/17, 18:14:50.994, 4687924375783, vstest.console.dll, MulticastDelegateUtilities.SafeInvoke: LengthPrefixCommunicationChannel: MessageReceived: Invoking callback 1/1 for Microsoft.VisualStudio.TestPlatform.CommunicationUtilities.TestRequestSender+<>c__DisplayClass34_0., took 0 ms.
TpTrace Verbose: 0 : 19592, 4, 2025/03/17, 18:14:50.994, 4687924376409, vstest.console.dll, MulticastDelegateUtilities.SafeInvoke: InternalTestLoggerEvents.SendTestResult: Invoking callback 1/1 for Microsoft.VisualStudio.TestPlatform.CommandLine.Internal.ConsoleLogger., took 0 ms.
TpTrace Verbose: 0 : 19592, 13, 2025/03/17, 18:14:50.994, 4687924376654, vstest.console.dll, TcpClientExtensions.MessageLoopAsync: Polling on remoteEndPoint: 127.0.0.1:53069 localEndPoint: 127.0.0.1:53068 after 30 ms
TpTrace Verbose: 0 : 19592, 4, 2025/03/17, 18:14:50.994, 4687924377035, vstest.console.dll, MulticastDelegateUtilities.SafeInvoke: InternalTestLoggerEvents.SendTestResult: Invoking callback 1/1 for Microsoft.VisualStudio.TestPlatform.CommandLine.Internal.ConsoleLogger., took 0 ms.
TpTrace Verbose: 0 : 19592, 4, 2025/03/17, 18:14:50.994, 4687924377634, vstest.console.dll, MulticastDelegateUtilities.SafeInvoke: InternalTestLoggerEvents.SendTestResult: Invoking callback 1/1 for Microsoft.VisualStudio.TestPlatform.CommandLine.Internal.ConsoleLogger., took 0 ms.
TpTrace Verbose: 0 : 19592, 4, 2025/03/17, 18:14:50.994, 4687924378278, vstest.console.dll, MulticastDelegateUtilities.SafeInvoke: InternalTestLoggerEvents.SendTestResult: Invoking callback 1/1 for Microsoft.VisualStudio.TestPlatform.CommandLine.Internal.ConsoleLogger., took 0 ms.
TpTrace Verbose: 0 : 19592, 4, 2025/03/17, 18:14:50.994, 4687924378943, vstest.console.dll, MulticastDelegateUtilities.SafeInvoke: InternalTestLoggerEvents.SendTestResult: Invoking callback 1/1 for Microsoft.VisualStudio.TestPlatform.CommandLine.Internal.ConsoleLogger., took 0 ms.
TpTrace Verbose: 0 : 19592, 4, 2025/03/17, 18:14:50.995, 4687924379478, vstest.console.dll, MulticastDelegateUtilities.SafeInvoke: InternalTestLoggerEvents.SendTestResult: Invoking callback 1/1 for Microsoft.VisualStudio.TestPlatform.CommandLine.Internal.ConsoleLogger., took 0 ms.
TpTrace Verbose: 0 : 19592, 4, 2025/03/17, 18:14:50.996, 4687924390936, vstest.console.dll, MulticastDelegateUtilities.SafeInvoke: InternalTestLoggerEvents.SendTestResult: Invoking callback 1/1 for Microsoft.VisualStudio.TestPlatform.CommandLine.Internal.ConsoleLogger., took 1 ms.
TpTrace Verbose: 0 : 19592, 13, 2025/03/17, 18:14:51.007, 4687924500312, vstest.console.dll, TcpClientExtensions.MessageLoopAsync: NotifyDataAvailable remoteEndPoint: 127.0.0.1:53069 localEndPoint: 127.0.0.1:53068
TpTrace Verbose: 0 : 19592, 13, 2025/03/17, 18:14:51.007, 4687924502627, vstest.console.dll, TestRequestSender.OnExecutionMessageReceived: Received message: {"Version":7,"MessageType":"TestExecution.StatsChange","Payload":{"NewTestResults":[{"TestCase":{"Id":"d9409010-627b-a419-fd84-7799636acf86","FullyQualifiedName":"Ambev.DeveloperEvaluation.Unit.Domain.Specifications.ActiveUserSpecificationTests.IsSatisfiedBy_ShouldValidateUserStatus","DisplayName":"Ambev.DeveloperEvaluation.Unit.Domain.Specifications.ActiveUserSpecificationTests.IsSatisfiedBy_ShouldValidateUserStatus(status: Active, expectedResult: True)","ExecutorUri":"executor://xunit/VsTestRunner2/netcoreapp","Source":"C:\\Users\\Allessi\\Downloads\\abi-gth-omnia-developer-evaluation\\template\\backend\\tests\\Ambev.DeveloperEvaluation.Unit\\bin\\Debug\\net8.0\\fine-code-coverage\\build-output\\Ambev.DeveloperEvaluation.Unit.dll","CodeFilePath":null,"LineNumber":0,"Properties":[]},"Attachments":[],"Outcome":1,"ErrorMessage":null,"ErrorStackTrace":null,"DisplayName":"Ambev.DeveloperEvaluation.Unit.Domain.Specifications.ActiveUserSpecificationTests.IsSatisfiedBy_ShouldValidateUserStatus(status: Active, expectedResult: True)","Messages":[],"ComputerName":"ALLESSINOTE","Duration":"00:00:00.0002877","StartTime":"2025-03-17T21:14:50.9945426+00:00","EndTime":"2025-03-17T21:14:50.9945427+00:00","Properties":[]},{"TestCase":{"Id":"f1de4a3b-52bd-5d9a-48c7-b9f3beff4108","FullyQualifiedName":"Ambev.DeveloperEvaluation.Unit.Domain.Validation.EmailValidatorTests.Given_InvalidEmailFormat_When_Validated_Then_ShouldHaveError","DisplayName":"Invalid email formats should fail validation(email: \"user@.com\")","ExecutorUri":"executor://xunit/VsTestRunner2/netcoreapp","Source":"C:\\Users\\Allessi\\Downloads\\abi-gth-omnia-developer-evaluation\\template\\backend\\tests\\Ambev.DeveloperEvaluation.Unit\\bin\\Debug\\net8.0\\fine-code-coverage\\build-output\\Ambev.DeveloperEvaluation.Unit.dll","CodeFilePath":null,"LineNumber":0,"Properties":[]},"Attachments":[],"Outcome":1,"ErrorMessage":null,"ErrorStackTrace":null,"DisplayName":"Invalid email formats should fail validation(email: \"user@.com\")","Messages":[],"ComputerName":"ALLESSINOTE","Duration":"00:00:00.0000651","StartTime":"2025-03-17T21:14:50.9964774+00:00","EndTime":"2025-03-17T21:14:50.9964775+00:00","Properties":[]},{"TestCase":{"Id":"82368ff2-1f0b-4fd1-ec3e-0d4513ba613f","FullyQualifiedName":"Ambev.DeveloperEvaluation.Unit.Domain.Specifications.ActiveUserSpecificationTests.IsSatisfiedBy_ShouldValidateUserStatus","DisplayName":"Ambev.DeveloperEvaluation.Unit.Domain.Specifications.ActiveUserSpecificationTests.IsSatisfiedBy_ShouldValidateUserStatus(status: Suspended, expectedResult: False)","ExecutorUri":"executor://xunit/VsTestRunner2/netcoreapp","Source":"C:\\Users\\Allessi\\Downloads\\abi-gth-omnia-developer-evaluation\\template\\backend\\tests\\Ambev.DeveloperEvaluation.Unit\\bin\\Debug\\net8.0\\fine-code-coverage\\build-output\\Ambev.DeveloperEvaluation.Unit.dll","CodeFilePath":null,"LineNumber":0,"Properties":[]},"Attachments":[],"Outcome":1,"ErrorMessage":null,"ErrorStackTrace":null,"DisplayName":"Ambev.DeveloperEvaluation.Unit.Domain.Specifications.ActiveUserSpecificationTests.IsSatisfiedBy_ShouldValidateUserStatus(status: Suspended, expectedResult: False)","Messages":[],"ComputerName":"ALLESSINOTE","Duration":"00:00:00.0000286","StartTime":"2025-03-17T21:14:50.999176+00:00","EndTime":"2025-03-17T21:14:50.9991762+00:00","Properties":[]},{"TestCase":{"Id":"46795771-c623-3ded-094d-e91d806f8d0e","FullyQualifiedName":"Ambev.DeveloperEvaluation.Unit.Domain.Validation.EmailValidatorTests.Given_EmptyEmail_When_Validated_Then_ShouldHaveError","DisplayName":"Empty email should fail validation","ExecutorUri":"executor://xunit/VsTestRunner2/netcoreapp","Source":"C:\\Users\\Allessi\\Downloads\\abi-gth-omnia-developer-evaluation\\template\\backend\\tests\\Ambev.DeveloperEvaluation.Unit\\bin\\Debug\\net8.0\\fine-code-coverage\\build-output\\Ambev.DeveloperEvaluation.Unit.dll","CodeFilePath":null,"LineNumber":0,"Properties":[]},"Attachments":[],"Outcome":1,"ErrorMessage":null,"ErrorStackTrace":null,"DisplayName":"Empty email should fail validation","Messages":[],"ComputerName":"ALLESSINOTE","Duration":"00:00:00.0002330","StartTime":"2025-03-17T21:14:51.000516+00:00","EndTime":"2025-03-17T21:14:51.0005161+00:00","Properties":[]},{"TestCase":{"Id":"a42901aa-5def-595a-ca0a-a860643c76e1","FullyQualifiedName":"Ambev.DeveloperEvaluation.Unit.Domain.Validation.UserValidatorTests.Given_UnknownStatus_When_Validated_Then_ShouldHaveError","DisplayName":"Unknown status should fail validation","ExecutorUri":"executor://xunit/VsTestRunner2/netcoreapp","Source":"C:\\Users\\Allessi\\Downloads\\abi-gth-omnia-developer-evaluation\\template\\backend\\tests\\Ambev.DeveloperEvaluation.Unit\\bin\\Debug\\net8.0\\fine-code-coverage\\build-output\\Ambev.DeveloperEvaluation.Unit.dll","CodeFilePath":null,"LineNumber":0,"Properties":[]},"Attachments":[],"Outcome":1,"ErrorMessage":null,"ErrorStackTrace":null,"DisplayName":"Unknown status should fail validation","Messages":[],"ComputerName":"ALLESSINOTE","Duration":"00:00:00.0894870","StartTime":"2025-03-17T21:14:51.0014328+00:00","EndTime":"2025-03-17T21:14:51.0014329+00:00","Properties":[]},{"TestCase":{"Id":"98061af3-b542-c736-cf12-3ec64d8512fe","FullyQualifiedName":"Ambev.DeveloperEvaluation.Unit.Domain.Validation.UserValidatorTests.Given_NoneRole_When_Validated_Then_ShouldHaveError","DisplayName":"None role should fail validation","ExecutorUri":"executor://xunit/VsTestRunner2/netcoreapp","Source":"C:\\Users\\Allessi\\Downloads\\abi-gth-omnia-developer-evaluation\\template\\backend\\tests\\Ambev.DeveloperEvaluation.Unit\\bin\\Debug\\net8.0\\fine-code-coverage\\build-output\\Ambev.DeveloperEvaluation.Unit.dll","CodeFilePath":null,"LineNumber":0,"Properties":[]},"Attachments":[],"Outcome":1,"ErrorMessage":null,"ErrorStackTrace":null,"DisplayName":"None role should fail validation","Messages":[],"ComputerName":"ALLESSINOTE","Duration":"00:00:00.0007898","StartTime":"2025-03-17T21:14:51.0030215+00:00","EndTime":"2025-03-17T21:14:51.0030216+00:00","Properties":[]},{"TestCase":{"Id":"5ff3020c-61b2-e302-ce89-94418b924b66","FullyQualifiedName":"Ambev.DeveloperEvaluation.Unit.Domain.Entities.UserTests.Given_InvalidUserData_When_Validated_Then_ShouldReturnInvalid","DisplayName":"Validation should fail for invalid user data","ExecutorUri":"executor://xunit/VsTestRunner2/netcoreapp","Source":"C:\\Users\\Allessi\\Downloads\\abi-gth-omnia-developer-evaluation\\template\\backend\\tests\\Ambev.DeveloperEvaluation.Unit\\bin\\Debug\\net8.0\\fine-code-coverage\\build-output\\Ambev.DeveloperEvaluation.Unit.dll","CodeFilePath":null,"LineNumber":0,"Properties":[]},"Attachments":[],"Outcome":1,"ErrorMessage":null,"ErrorStackTrace":null,"DisplayName":"Validation should fail for invalid user data","Messages":[],"ComputerName":"ALLESSINOTE","Duration":"00:00:00.0892629","StartTime":"2025-03-17T21:14:51.0044361+00:00","EndTime":"2025-03-17T21:14:51.0044362+00:00","Properties":[]},{"TestCase":{"Id":"18839a23-d822-88ff-ba81-a0c5cfc050d8","FullyQualifiedName":"Ambev.DeveloperEvaluation.Unit.Domain.Validation.UserValidatorTests.Given_InvalidPhone_When_Validated_Then_ShouldHaveError","DisplayName":"Invalid phone formats should fail validation","ExecutorUri":"executor://xunit/VsTestRunner2/netcoreapp","Source":"C:\\Users\\Allessi\\Downloads\\abi-gth-omnia-developer-evaluation\\template\\backend\\tests\\Ambev.DeveloperEvaluation.Unit\\bin\\Debug\\net8.0\\fine-code-coverage\\build-output\\Ambev.DeveloperEvaluation.Unit.dll","CodeFilePath":null,"LineNumber":0,"Properties":[]},"Attachments":[],"Outcome":1,"ErrorMessage":null,"ErrorStackTrace":null,"DisplayName":"Invalid phone formats should fail validation","Messages":[],"ComputerName":"ALLESSINOTE","Duration":"00:00:00.0027548","StartTime":"2025-03-17T21:14:51.0058435+00:00","EndTime":"2025-03-17T21:14:51.0058436+00:00","Properties":[]}],"TestRunStatistics":{"ExecutedTests":36,"Stats":{"Passed":36}},"ActiveTests":[{"Id":"7ce207c5-6046-6d5b-369c-1471dc5dcbd7","FullyQualifiedName":"Ambev.DeveloperEvaluation.Unit.Domain.Entities.UserTests.Given_SuspendedUser_When_Activated_Then_StatusShouldBeActive","DisplayName":"User status should change to Active when activated","ExecutorUri":"executor://xunit/VsTestRunner2/netcoreapp","Source":"C:\\Users\\Allessi\\Downloads\\abi-gth-omnia-developer-evaluation\\template\\backend\\tests\\Ambev.DeveloperEvaluation.Unit\\bin\\Debug\\net8.0\\fine-code-coverage\\build-output\\Ambev.DeveloperEvaluation.Unit.dll","CodeFilePath":null,"LineNumber":0,"Properties":[]},{"Id":"2dd2b807-67fb-1865-6ce2-05847fdc5f98","FullyQualifiedName":"Ambev.DeveloperEvaluation.Unit.Domain.Validation.UserValidatorTests.Given_InvalidUsername_When_Validated_Then_ShouldHaveError","DisplayName":"Invalid username formats should fail validation(username: \"\")","ExecutorUri":"executor://xunit/VsTestRunner2/netcoreapp","Source":"C:\\Users\\Allessi\\Downloads\\abi-gth-omnia-developer-evaluation\\template\\backend\\tests\\Ambev.DeveloperEvaluation.Unit\\bin\\Debug\\net8.0\\fine-code-coverage\\build-output\\Ambev.DeveloperEvaluation.Unit.dll","CodeFilePath":null,"LineNumber":0,"Properties":[]}]}}
TpTrace Verbose: 0 : 19592, 13, 2025/03/17, 18:14:51.013, 4687924569136, vstest.console.dll, TestRunRequest:SendTestRunStatsChange: Starting.
TpTrace Verbose: 0 : 19592, 13, 2025/03/17, 18:14:51.014, 4687924570400, vstest.console.dll, InProgress is User status should change to Active when activated
TpTrace Verbose: 0 : 19592, 13, 2025/03/17, 18:14:51.014, 4687924570645, vstest.console.dll, InProgress is Invalid username formats should fail validation(username: "")
TpTrace Verbose: 0 : 19592, 13, 2025/03/17, 18:14:51.014, 4687924571082, vstest.console.dll, MulticastDelegateUtilities.SafeInvoke: TestRun.RunStatsChanged: Invoking callbacks was skipped because there are no subscribers.
TpTrace Information: 0 : 19592, 13, 2025/03/17, 18:14:51.014, 4687924571292, vstest.console.dll, TestRunRequest:SendTestRunStatsChange: Completed.
TpTrace Verbose: 0 : 19592, 13, 2025/03/17, 18:14:51.014, 4687924571594, vstest.console.dll, MulticastDelegateUtilities.SafeInvoke: LengthPrefixCommunicationChannel: MessageReceived: Invoking callback 1/1 for Microsoft.VisualStudio.TestPlatform.CommunicationUtilities.TestRequestSender+<>c__DisplayClass34_0., took 6 ms.
TpTrace Verbose: 0 : 19592, 13, 2025/03/17, 18:14:51.014, 4687924571843, vstest.console.dll, TcpClientExtensions.MessageLoopAsync: Polling on remoteEndPoint: 127.0.0.1:53069 localEndPoint: 127.0.0.1:53068 after 19 ms
TpTrace Verbose: 0 : 19592, 4, 2025/03/17, 18:14:51.014, 4687924572136, vstest.console.dll, MulticastDelegateUtilities.SafeInvoke: InternalTestLoggerEvents.SendTestResult: Invoking callback 1/1 for Microsoft.VisualStudio.TestPlatform.CommandLine.Internal.ConsoleLogger., took 0 ms.
TpTrace Verbose: 0 : 19592, 4, 2025/03/17, 18:14:51.014, 4687924572793, vstest.console.dll, MulticastDelegateUtilities.SafeInvoke: InternalTestLoggerEvents.SendTestResult: Invoking callback 1/1 for Microsoft.VisualStudio.TestPlatform.CommandLine.Internal.ConsoleLogger., took 0 ms.
TpTrace Verbose: 0 : 19592, 4, 2025/03/17, 18:14:51.014, 4687924573095, vstest.console.dll, MulticastDelegateUtilities.SafeInvoke: InternalTestLoggerEvents.SendTestResult: Invoking callback 1/1 for Microsoft.VisualStudio.TestPlatform.CommandLine.Internal.ConsoleLogger., took 0 ms.
TpTrace Verbose: 0 : 19592, 4, 2025/03/17, 18:14:51.014, 4687924573367, vstest.console.dll, MulticastDelegateUtilities.SafeInvoke: InternalTestLoggerEvents.SendTestResult: Invoking callback 1/1 for Microsoft.VisualStudio.TestPlatform.CommandLine.Internal.ConsoleLogger., took 0 ms.
TpTrace Verbose: 0 : 19592, 4, 2025/03/17, 18:14:51.014, 4687924573686, vstest.console.dll, MulticastDelegateUtilities.SafeInvoke: InternalTestLoggerEvents.SendTestResult: Invoking callback 1/1 for Microsoft.VisualStudio.TestPlatform.CommandLine.Internal.ConsoleLogger., took 0 ms.
TpTrace Verbose: 0 : 19592, 4, 2025/03/17, 18:14:51.014, 4687924573964, vstest.console.dll, MulticastDelegateUtilities.SafeInvoke: InternalTestLoggerEvents.SendTestResult: Invoking callback 1/1 for Microsoft.VisualStudio.TestPlatform.CommandLine.Internal.ConsoleLogger., took 0 ms.
TpTrace Verbose: 0 : 19592, 4, 2025/03/17, 18:14:51.014, 4687924574277, vstest.console.dll, MulticastDelegateUtilities.SafeInvoke: InternalTestLoggerEvents.SendTestResult: Invoking callback 1/1 for Microsoft.VisualStudio.TestPlatform.CommandLine.Internal.ConsoleLogger., took 0 ms.
TpTrace Verbose: 0 : 19592, 4, 2025/03/17, 18:14:51.014, 4687924574581, vstest.console.dll, MulticastDelegateUtilities.SafeInvoke: InternalTestLoggerEvents.SendTestResult: Invoking callback 1/1 for Microsoft.VisualStudio.TestPlatform.CommandLine.Internal.ConsoleLogger., took 0 ms.
TpTrace Verbose: 0 : 19592, 13, 2025/03/17, 18:14:51.021, 4687924648152, vstest.console.dll, TcpClientExtensions.MessageLoopAsync: NotifyDataAvailable remoteEndPoint: 127.0.0.1:53069 localEndPoint: 127.0.0.1:53068
TpTrace Verbose: 0 : 19592, 13, 2025/03/17, 18:14:51.022, 4687924651327, vstest.console.dll, TestRequestSender.OnExecutionMessageReceived: Received message: {"Version":7,"MessageType":"TestExecution.StatsChange","Payload":{"NewTestResults":[{"TestCase":{"Id":"2dd2b807-67fb-1865-6ce2-05847fdc5f98","FullyQualifiedName":"Ambev.DeveloperEvaluation.Unit.Domain.Validation.UserValidatorTests.Given_InvalidUsername_When_Validated_Then_ShouldHaveError","DisplayName":"Invalid username formats should fail validation(username: \"\")","ExecutorUri":"executor://xunit/VsTestRunner2/netcoreapp","Source":"C:\\Users\\Allessi\\Downloads\\abi-gth-omnia-developer-evaluation\\template\\backend\\tests\\Ambev.DeveloperEvaluation.Unit\\bin\\Debug\\net8.0\\fine-code-coverage\\build-output\\Ambev.DeveloperEvaluation.Unit.dll","CodeFilePath":null,"LineNumber":0,"Properties":[]},"Attachments":[],"Outcome":1,"ErrorMessage":null,"ErrorStackTrace":null,"DisplayName":"Invalid username formats should fail validation(username: \"\")","Messages":[],"ComputerName":"ALLESSINOTE","Duration":"00:00:00.0006496","StartTime":"2025-03-17T21:14:51.00787+00:00","EndTime":"2025-03-17T21:14:51.0078702+00:00","Properties":[]},{"TestCase":{"Id":"7c390d36-7ed7-6858-eb2e-bc190f517eaa","FullyQualifiedName":"Ambev.DeveloperEvaluation.Unit.Domain.Validation.UserValidatorTests.Given_InvalidUsername_When_Validated_Then_ShouldHaveError","DisplayName":"Invalid username formats should fail validation(username: \"ab\")","ExecutorUri":"executor://xunit/VsTestRunner2/netcoreapp","Source":"C:\\Users\\Allessi\\Downloads\\abi-gth-omnia-developer-evaluation\\template\\backend\\tests\\Ambev.DeveloperEvaluation.Unit\\bin\\Debug\\net8.0\\fine-code-coverage\\build-output\\Ambev.DeveloperEvaluation.Unit.dll","CodeFilePath":null,"LineNumber":0,"Properties":[]},"Attachments":[],"Outcome":1,"ErrorMessage":null,"ErrorStackTrace":null,"DisplayName":"Invalid username formats should fail validation(username: \"ab\")","Messages":[],"ComputerName":"ALLESSINOTE","Duration":"00:00:00.0004337","StartTime":"2025-03-17T21:14:51.0095643+00:00","EndTime":"2025-03-17T21:14:51.0095644+00:00","Properties":[]},{"TestCase":{"Id":"7ce207c5-6046-6d5b-369c-1471dc5dcbd7","FullyQualifiedName":"Ambev.DeveloperEvaluation.Unit.Domain.Entities.UserTests.Given_SuspendedUser_When_Activated_Then_StatusShouldBeActive","DisplayName":"User status should change to Active when activated","ExecutorUri":"executor://xunit/VsTestRunner2/netcoreapp","Source":"C:\\Users\\Allessi\\Downloads\\abi-gth-omnia-developer-evaluation\\template\\backend\\tests\\Ambev.DeveloperEvaluation.Unit\\bin\\Debug\\net8.0\\fine-code-coverage\\build-output\\Ambev.DeveloperEvaluation.Unit.dll","CodeFilePath":null,"LineNumber":0,"Properties":[]},"Attachments":[],"Outcome":1,"ErrorMessage":null,"ErrorStackTrace":null,"DisplayName":"User status should change to Active when activated","Messages":[],"ComputerName":"ALLESSINOTE","Duration":"00:00:00.0047856","StartTime":"2025-03-17T21:14:51.0115503+00:00","EndTime":"2025-03-17T21:14:51.0115504+00:00","Properties":[]},{"TestCase":{"Id":"7fb4d165-f35d-b9ba-ff0f-709ce3a3c049","FullyQualifiedName":"Ambev.DeveloperEvaluation.Unit.Domain.Validation.UserValidatorTests.Given_InvalidPassword_When_Validated_Then_ShouldHaveError","DisplayName":"Invalid password formats should fail validation","ExecutorUri":"executor://xunit/VsTestRunner2/netcoreapp","Source":"C:\\Users\\Allessi\\Downloads\\abi-gth-omnia-developer-evaluation\\template\\backend\\tests\\Ambev.DeveloperEvaluation.Unit\\bin\\Debug\\net8.0\\fine-code-coverage\\build-output\\Ambev.DeveloperEvaluation.Unit.dll","CodeFilePath":null,"LineNumber":0,"Properties":[]},"Attachments":[],"Outcome":1,"ErrorMessage":null,"ErrorStackTrace":null,"DisplayName":"Invalid password formats should fail validation","Messages":[],"ComputerName":"ALLESSINOTE","Duration":"00:00:00.0027618","StartTime":"2025-03-17T21:14:51.0132053+00:00","EndTime":"2025-03-17T21:14:51.0132054+00:00","Properties":[]},{"TestCase":{"Id":"74623abb-e6d2-2afd-1674-775a9beb7042","FullyQualifiedName":"Ambev.DeveloperEvaluation.Unit.Domain.Entities.UserTests.Given_ActiveUser_When_Suspended_Then_StatusShouldBeSuspended","DisplayName":"User status should change to Suspended when suspended","ExecutorUri":"executor://xunit/VsTestRunner2/netcoreapp","Source":"C:\\Users\\Allessi\\Downloads\\abi-gth-omnia-developer-evaluation\\template\\backend\\tests\\Ambev.DeveloperEvaluation.Unit\\bin\\Debug\\net8.0\\fine-code-coverage\\build-output\\Ambev.DeveloperEvaluation.Unit.dll","CodeFilePath":null,"LineNumber":0,"Properties":[]},"Attachments":[],"Outcome":1,"ErrorMessage":null,"ErrorStackTrace":null,"DisplayName":"User status should change to Suspended when suspended","Messages":[],"ComputerName":"ALLESSINOTE","Duration":"00:00:00.0003131","StartTime":"2025-03-17T21:14:51.0148748+00:00","EndTime":"2025-03-17T21:14:51.0148748+00:00","Properties":[]},{"TestCase":{"Id":"6f71aa53-0f9c-b7ee-0212-fc423e072c95","FullyQualifiedName":"Ambev.DeveloperEvaluation.Unit.Domain.Entities.UserTests.Given_ValidUserData_When_Validated_Then_ShouldReturnValid","DisplayName":"Validation should pass for valid user data","ExecutorUri":"executor://xunit/VsTestRunner2/netcoreapp","Source":"C:\\Users\\Allessi\\Downloads\\abi-gth-omnia-developer-evaluation\\template\\backend\\tests\\Ambev.DeveloperEvaluation.Unit\\bin\\Debug\\net8.0\\fine-code-coverage\\build-output\\Ambev.DeveloperEvaluation.Unit.dll","CodeFilePath":null,"LineNumber":0,"Properties":[]},"Attachments":[],"Outcome":1,"ErrorMessage":null,"ErrorStackTrace":null,"DisplayName":"Validation should pass for valid user data","Messages":[],"ComputerName":"ALLESSINOTE","Duration":"00:00:00.0026822","StartTime":"2025-03-17T21:14:51.0163188+00:00","EndTime":"2025-03-17T21:14:51.0163189+00:00","Properties":[]},{"TestCase":{"Id":"7af3c47d-f404-ce73-148e-5b53b1006536","FullyQualifiedName":"Ambev.DeveloperEvaluation.Unit.Domain.Validation.UserValidatorTests.Given_UsernameLongerThanMaximum_When_Validated_Then_ShouldHaveError","DisplayName":"Username longer than maximum length should fail validation","ExecutorUri":"executor://xunit/VsTestRunner2/netcoreapp","Source":"C:\\Users\\Allessi\\Downloads\\abi-gth-omnia-developer-evaluation\\template\\backend\\tests\\Ambev.DeveloperEvaluation.Unit\\bin\\Debug\\net8.0\\fine-code-coverage\\build-output\\Ambev.DeveloperEvaluation.Unit.dll","CodeFilePath":null,"LineNumber":0,"Properties":[]},"Attachments":[],"Outcome":1,"ErrorMessage":null,"ErrorStackTrace":null,"DisplayName":"Username longer than maximum length should fail validation","Messages":[],"ComputerName":"ALLESSINOTE","Duration":"00:00:00.0029838","StartTime":"2025-03-17T21:14:51.0170396+00:00","EndTime":"2025-03-17T21:14:51.0170397+00:00","Properties":[]},{"TestCase":{"Id":"9a55738e-3a67-6af1-9797-0425a04c25e2","FullyQualifiedName":"Ambev.DeveloperEvaluation.Unit.Domain.Validation.UserValidatorTests.Given_InvalidEmail_When_Validated_Then_ShouldHaveError","DisplayName":"Invalid email formats should fail validation","ExecutorUri":"executor://xunit/VsTestRunner2/netcoreapp","Source":"C:\\Users\\Allessi\\Downloads\\abi-gth-omnia-developer-evaluation\\template\\backend\\tests\\Ambev.DeveloperEvaluation.Unit\\bin\\Debug\\net8.0\\fine-code-coverage\\build-output\\Ambev.DeveloperEvaluation.Unit.dll","CodeFilePath":null,"LineNumber":0,"Properties":[]},"Attachments":[],"Outcome":1,"ErrorMessage":null,"ErrorStackTrace":null,"DisplayName":"Invalid email formats should fail validation","Messages":[],"ComputerName":"ALLESSINOTE","Duration":"00:00:00.0025969","StartTime":"2025-03-17T21:14:51.0184047+00:00","EndTime":"2025-03-17T21:14:51.0184048+00:00","Properties":[]},{"TestCase":{"Id":"b05699ca-827e-25d2-d110-244256d184c1","FullyQualifiedName":"Ambev.DeveloperEvaluation.Unit.Domain.Validation.UserValidatorTests.Given_ValidUser_When_Validated_Then_ShouldNotHaveErrors","DisplayName":"Valid user should pass all validation rules","ExecutorUri":"executor://xunit/VsTestRunner2/netcoreapp","Source":"C:\\Users\\Allessi\\Downloads\\abi-gth-omnia-developer-evaluation\\template\\backend\\tests\\Ambev.DeveloperEvaluation.Unit\\bin\\Debug\\net8.0\\fine-code-coverage\\build-output\\Ambev.DeveloperEvaluation.Unit.dll","CodeFilePath":null,"LineNumber":0,"Properties":[]},"Attachments":[],"Outcome":1,"ErrorMessage":null,"ErrorStackTrace":null,"DisplayName":"Valid user should pass all validation rules","Messages":[],"ComputerName":"ALLESSINOTE","Duration":"00:00:00.0004750","StartTime":"2025-03-17T21:14:51.0198422+00:00","EndTime":"2025-03-17T21:14:51.0198422+00:00","Properties":[]},{"TestCase":{"Id":"01cd5714-2013-06ba-d92f-6cd03ed6bd91","FullyQualifiedName":"Ambev.DeveloperEvaluation.Unit.Application.CreateUserHandlerTests.Handle_ValidRequest_ReturnsSuccessResponse","DisplayName":"Given valid user data When creating user Then returns success response","ExecutorUri":"executor://xunit/VsTestRunner2/netcoreapp","Source":"C:\\Users\\Allessi\\Downloads\\abi-gth-omnia-developer-evaluation\\template\\backend\\tests\\Ambev.DeveloperEvaluation.Unit\\bin\\Debug\\net8.0\\fine-code-coverage\\build-output\\Ambev.DeveloperEvaluation.Unit.dll","CodeFilePath":null,"LineNumber":0,"Properties":[]},"Attachments":[],"Outcome":1,"ErrorMessage":null,"ErrorStackTrace":null,"DisplayName":"Given valid user data When creating user Then returns success response","Messages":[],"ComputerName":"ALLESSINOTE","Duration":"00:00:00.1812170","StartTime":"2025-03-17T21:14:51.020592+00:00","EndTime":"2025-03-17T21:14:51.020592+00:00","Properties":[]}],"TestRunStatistics":{"ExecutedTests":46,"Stats":{"Passed":46}},"ActiveTests":[]}}
TpTrace Verbose: 0 : 19592, 13, 2025/03/17, 18:14:51.022, 4687924656289, vstest.console.dll, TestRunRequest:SendTestRunStatsChange: Starting.
TpTrace Verbose: 0 : 19592, 13, 2025/03/17, 18:14:51.022, 4687924657087, vstest.console.dll, MulticastDelegateUtilities.SafeInvoke: TestRun.RunStatsChanged: Invoking callbacks was skipped because there are no subscribers.
TpTrace Information: 0 : 19592, 13, 2025/03/17, 18:14:51.022, 4687924657329, vstest.console.dll, TestRunRequest:SendTestRunStatsChange: Completed.
TpTrace Verbose: 0 : 19592, 13, 2025/03/17, 18:14:51.022, 4687924657535, vstest.console.dll, MulticastDelegateUtilities.SafeInvoke: LengthPrefixCommunicationChannel: MessageReceived: Invoking callback 1/1 for Microsoft.VisualStudio.TestPlatform.CommunicationUtilities.TestRequestSender+<>c__DisplayClass34_0., took 0 ms.
TpTrace Verbose: 0 : 19592, 4, 2025/03/17, 18:14:51.022, 4687924657689, vstest.console.dll, MulticastDelegateUtilities.SafeInvoke: InternalTestLoggerEvents.SendTestResult: Invoking callback 1/1 for Microsoft.VisualStudio.TestPlatform.CommandLine.Internal.ConsoleLogger., took 0 ms.
TpTrace Verbose: 0 : 19592, 13, 2025/03/17, 18:14:51.022, 4687924657751, vstest.console.dll, TcpClientExtensions.MessageLoopAsync: Polling on remoteEndPoint: 127.0.0.1:53069 localEndPoint: 127.0.0.1:53068 after 8 ms
TpTrace Verbose: 0 : 19592, 4, 2025/03/17, 18:14:51.022, 4687924658253, vstest.console.dll, MulticastDelegateUtilities.SafeInvoke: InternalTestLoggerEvents.SendTestResult: Invoking callback 1/1 for Microsoft.VisualStudio.TestPlatform.CommandLine.Internal.ConsoleLogger., took 0 ms.
TpTrace Verbose: 0 : 19592, 4, 2025/03/17, 18:14:51.023, 4687924659252, vstest.console.dll, MulticastDelegateUtilities.SafeInvoke: InternalTestLoggerEvents.SendTestResult: Invoking callback 1/1 for Microsoft.VisualStudio.TestPlatform.CommandLine.Internal.ConsoleLogger., took 0 ms.
TpTrace Verbose: 0 : 19592, 4, 2025/03/17, 18:14:51.023, 4687924659670, vstest.console.dll, MulticastDelegateUtilities.SafeInvoke: InternalTestLoggerEvents.SendTestResult: Invoking callback 1/1 for Microsoft.VisualStudio.TestPlatform.CommandLine.Internal.ConsoleLogger., took 0 ms.
TpTrace Verbose: 0 : 19592, 4, 2025/03/17, 18:14:51.023, 4687924659967, vstest.console.dll, MulticastDelegateUtilities.SafeInvoke: InternalTestLoggerEvents.SendTestResult: Invoking callback 1/1 for Microsoft.VisualStudio.TestPlatform.CommandLine.Internal.ConsoleLogger., took 0 ms.
TpTrace Verbose: 0 : 19592, 4, 2025/03/17, 18:14:51.023, 4687924660232, vstest.console.dll, MulticastDelegateUtilities.SafeInvoke: InternalTestLoggerEvents.SendTestResult: Invoking callback 1/1 for Microsoft.VisualStudio.TestPlatform.CommandLine.Internal.ConsoleLogger., took 0 ms.
TpTrace Verbose: 0 : 19592, 4, 2025/03/17, 18:14:51.023, 4687924660499, vstest.console.dll, MulticastDelegateUtilities.SafeInvoke: InternalTestLoggerEvents.SendTestResult: Invoking callback 1/1 for Microsoft.VisualStudio.TestPlatform.CommandLine.Internal.ConsoleLogger., took 0 ms.
TpTrace Verbose: 0 : 19592, 4, 2025/03/17, 18:14:51.023, 4687924660753, vstest.console.dll, MulticastDelegateUtilities.SafeInvoke: InternalTestLoggerEvents.SendTestResult: Invoking callback 1/1 for Microsoft.VisualStudio.TestPlatform.CommandLine.Internal.ConsoleLogger., took 0 ms.
TpTrace Verbose: 0 : 19592, 4, 2025/03/17, 18:14:51.023, 4687924661001, vstest.console.dll, MulticastDelegateUtilities.SafeInvoke: InternalTestLoggerEvents.SendTestResult: Invoking callback 1/1 for Microsoft.VisualStudio.TestPlatform.CommandLine.Internal.ConsoleLogger., took 0 ms.
TpTrace Verbose: 0 : 19592, 4, 2025/03/17, 18:14:51.023, 4687924661267, vstest.console.dll, MulticastDelegateUtilities.SafeInvoke: InternalTestLoggerEvents.SendTestResult: Invoking callback 1/1 for Microsoft.VisualStudio.TestPlatform.CommandLine.Internal.ConsoleLogger., took 0 ms.
TpTrace Verbose: 0 : 19592, 13, 2025/03/17, 18:14:51.028, 4687924710153, vstest.console.dll, TcpClientExtensions.MessageLoopAsync: NotifyDataAvailable remoteEndPoint: 127.0.0.1:53069 localEndPoint: 127.0.0.1:53068
TpTrace Verbose: 0 : 19592, 13, 2025/03/17, 18:14:51.028, 4687924711494, vstest.console.dll, TestRequestSender.OnExecutionMessageReceived: Received message: {"Version":7,"MessageType":"TestSession.Message","Payload":{"MessageLevel":0,"Message":"[xUnit.net 00:00:00.36]   Finished:    Ambev.DeveloperEvaluation.Unit"}}
TpTrace Verbose: 0 : 19592, 13, 2025/03/17, 18:14:51.028, 4687924712562, vstest.console.dll, TestRunRequest:SendTestRunMessage: Starting.
TpTrace Verbose: 0 : 19592, 13, 2025/03/17, 18:14:51.028, 4687924713090, vstest.console.dll, MulticastDelegateUtilities.SafeInvoke: TestRun.LogMessages: Invoking callback 1/1 for Microsoft.VisualStudio.TestPlatform.CommandLine.TestRunResultAggregator., took 0 ms.
TpTrace Information: 0 : 19592, 13, 2025/03/17, 18:14:51.028, 4687924713306, vstest.console.dll, TestRunRequest:SendTestRunMessage: Completed.
TpTrace Verbose: 0 : 19592, 4, 2025/03/17, 18:14:51.028, 4687924713401, vstest.console.dll, MulticastDelegateUtilities.SafeInvoke: InternalTestLoggerEvents.SendTestRunMessage: Invoking callback 1/1 for Microsoft.VisualStudio.TestPlatform.CommandLine.Internal.ConsoleLogger., took 0 ms.
TpTrace Verbose: 0 : 19592, 13, 2025/03/17, 18:14:51.028, 4687924713513, vstest.console.dll, MulticastDelegateUtilities.SafeInvoke: LengthPrefixCommunicationChannel: MessageReceived: Invoking callback 1/1 for Microsoft.VisualStudio.TestPlatform.CommunicationUtilities.TestRequestSender+<>c__DisplayClass34_0., took 0 ms.
TpTrace Verbose: 0 : 19592, 13, 2025/03/17, 18:14:51.028, 4687924714292, vstest.console.dll, TcpClientExtensions.MessageLoopAsync: Polling on remoteEndPoint: 127.0.0.1:53069 localEndPoint: 127.0.0.1:53068 after 5 ms
TpTrace Verbose: 0 : 19592, 13, 2025/03/17, 18:14:51.044, 4687924874895, vstest.console.dll, TcpClientExtensions.MessageLoopAsync: NotifyDataAvailable remoteEndPoint: 127.0.0.1:53069 localEndPoint: 127.0.0.1:53068
TpTrace Verbose: 0 : 19592, 13, 2025/03/17, 18:14:51.044, 4687924877207, vstest.console.dll, TestRequestSender.OnExecutionMessageReceived: Received message: {"Version":7,"MessageType":"TestExecution.Completed","Payload":{"TestRunCompleteArgs":{"TestRunStatistics":{"ExecutedTests":49,"Stats":{"Passed":49}},"IsCanceled":false,"IsAborted":false,"Error":null,"AttachmentSets":[],"InvokedDataCollectors":[],"ElapsedTimeInRunningTests":"00:00:00.3741542","Metrics":{},"DiscoveredExtensions":{"TestDiscoverers":["Xunit.Runner.VisualStudio.VsTestRunner, xunit.runner.visualstudio.testadapter, Version=2.8.2.0, Culture=neutral, PublicKeyToken=null"],"TestExecutors":["executor://xunit/VsTestRunner2/netcoreapp"],"TestExecutors2":[],"TestSettingsProviders":[]}},"LastRunTests":{"NewTestResults":[{"TestCase":{"Id":"0e2141ff-e395-84b8-0b96-9ecc0f1ee483","FullyQualifiedName":"Ambev.DeveloperEvaluation.Unit.Application.CreateUserHandlerTests.Handle_InvalidRequest_ThrowsValidationException","DisplayName":"Given invalid user data When creating user Then throws validation exception","ExecutorUri":"executor://xunit/VsTestRunner2/netcoreapp","Source":"C:\\Users\\Allessi\\Downloads\\abi-gth-omnia-developer-evaluation\\template\\backend\\tests\\Ambev.DeveloperEvaluation.Unit\\bin\\Debug\\net8.0\\fine-code-coverage\\build-output\\Ambev.DeveloperEvaluation.Unit.dll","CodeFilePath":null,"LineNumber":0,"Properties":[]},"Attachments":[],"Outcome":1,"ErrorMessage":null,"ErrorStackTrace":null,"DisplayName":"Given invalid user data When creating user Then throws validation exception","Messages":[],"ComputerName":"ALLESSINOTE","Duration":"00:00:00.0119542","StartTime":"2025-03-17T21:14:51.0227324+00:00","EndTime":"2025-03-17T21:14:51.0227325+00:00","Properties":[]},{"TestCase":{"Id":"73ae69f0-dc82-1c41-e4a3-240dd146542f","FullyQualifiedName":"Ambev.DeveloperEvaluation.Unit.Application.CreateUserHandlerTests.Handle_ValidRequest_MapsCommandToUser","DisplayName":"Given valid command When handling Then maps command to user entity","ExecutorUri":"executor://xunit/VsTestRunner2/netcoreapp","Source":"C:\\Users\\Allessi\\Downloads\\abi-gth-omnia-developer-evaluation\\template\\backend\\tests\\Ambev.DeveloperEvaluation.Unit\\bin\\Debug\\net8.0\\fine-code-coverage\\build-output\\Ambev.DeveloperEvaluation.Unit.dll","CodeFilePath":null,"LineNumber":0,"Properties":[]},"Attachments":[],"Outcome":1,"ErrorMessage":null,"ErrorStackTrace":null,"DisplayName":"Given valid command When handling Then maps command to user entity","Messages":[],"ComputerName":"ALLESSINOTE","Duration":"00:00:00.0081277","StartTime":"2025-03-17T21:14:51.0241564+00:00","EndTime":"2025-03-17T21:14:51.0241564+00:00","Properties":[]},{"TestCase":{"Id":"3f273959-9da1-d632-6ee4-bfe29dff6233","FullyQualifiedName":"Ambev.DeveloperEvaluation.Unit.Application.CreateUserHandlerTests.Handle_ValidRequest_HashesPassword","DisplayName":"Given user creation request When handling Then password is hashed","ExecutorUri":"executor://xunit/VsTestRunner2/netcoreapp","Source":"C:\\Users\\Allessi\\Downloads\\abi-gth-omnia-developer-evaluation\\template\\backend\\tests\\Ambev.DeveloperEvaluation.Unit\\bin\\Debug\\net8.0\\fine-code-coverage\\build-output\\Ambev.DeveloperEvaluation.Unit.dll","CodeFilePath":null,"LineNumber":0,"Properties":[]},"Attachments":[],"Outcome":1,"ErrorMessage":null,"ErrorStackTrace":null,"DisplayName":"Given user creation request When handling Then password is hashed","Messages":[],"ComputerName":"ALLESSINOTE","Duration":"00:00:00.0018394","StartTime":"2025-03-17T21:14:51.0254516+00:00","EndTime":"2025-03-17T21:14:51.0254517+00:00","Properties":[]}],"TestRunStatistics":{"ExecutedTests":49,"Stats":{"Passed":49}},"ActiveTests":[]},"RunAttachments":[],"ExecutorUris":["executor://xunit/VsTestRunner2/netcoreapp"]}}
TpTrace Verbose: 0 : 19592, 13, 2025/03/17, 18:14:51.044, 4687924878314, vstest.console.dll, TestRequestSender.EndSession: Sending end session.
TpTrace Verbose: 0 : 19592, 13, 2025/03/17, 18:14:51.045, 4687924880169, vstest.console.dll, ProxyOperationManager.Close: waiting for test host to exit for 100 ms
TpTrace Warning: 0 : 19592, 9, 2025/03/17, 18:14:51.080, 4687925235649, vstest.console.dll, TestHostManagerCallbacks.ErrorReceivedCallback Test host standard error line: 
TpTrace Verbose: 0 : 19592, 11, 2025/03/17, 18:14:51.080, 4687925235650, vstest.console.dll, TestHostManagerCallbacks.StandardOutputReceivedCallback Test host standard output line: 
TpTrace Verbose: 0 : 19592, 9, 2025/03/17, 18:14:51.094, 4687925372005, vstest.console.dll, TestHostProvider.ExitCallBack: Host exited starting callback.
TpTrace Information: 0 : 19592, 9, 2025/03/17, 18:14:51.094, 4687925373801, vstest.console.dll, TestHostManagerCallbacks.ExitCallBack: Testhost processId: 31220 exited with exitcode: 0 error: ''
TpTrace Verbose: 0 : 19592, 9, 2025/03/17, 18:14:51.094, 4687925374171, vstest.console.dll, DotnetTestHostManager.OnHostExited: invoking OnHostExited callback
TpTrace Verbose: 0 : 19592, 9, 2025/03/17, 18:14:51.094, 4687925374643, vstest.console.dll, CrossPlatEngine.TestHostManagerHostExited: calling on client process exit callback.
TpTrace Information: 0 : 19592, 9, 2025/03/17, 18:14:51.094, 4687925375285, vstest.console.dll, TestRequestSender.OnClientProcessExit: Test host process exited. Standard error: 
TpTrace Information: 0 : 19592, 9, 2025/03/17, 18:14:51.094, 4687925375695, vstest.console.dll, SocketServer.Stop: Stop server endPoint: 127.0.0.1:53068
TpTrace Information: 0 : 19592, 9, 2025/03/17, 18:14:51.094, 4687925375890, vstest.console.dll, SocketServer.Stop: Cancellation requested. Stopping message loop.
TpTrace Information: 0 : 19592, 13, 2025/03/17, 18:14:51.094, 4687925375797, vstest.console.dll, SocketServer.Stop: Stop server endPoint: 127.0.0.1:53068
TpTrace Verbose: 0 : 19592, 9, 2025/03/17, 18:14:51.094, 4687925376731, vstest.console.dll, MulticastDelegateUtilities.SafeInvoke: HostProviderEvents.OnHostExited: Invoking callback 1/1 for Microsoft.VisualStudio.TestPlatform.CrossPlatEngine.Client.ProxyOperationManager., took 0 ms.
TpTrace Information: 0 : 19592, 13, 2025/03/17, 18:14:51.094, 4687925376781, vstest.console.dll, SocketServer.Stop: Cancellation requested. Stopping message loop.
TpTrace Information: 0 : 19592, 13, 2025/03/17, 18:14:51.094, 4687925377628, vstest.console.dll, Closing the connection
TpTrace Verbose: 0 : 19592, 13, 2025/03/17, 18:14:51.095, 4687925379621, vstest.console.dll, ProxyDataCollectionManager.InvokeDataCollectionServiceAction: Starting.
TpTrace Information: 0 : 19592, 13, 2025/03/17, 18:14:51.095, 4687925379987, vstest.console.dll, ProxyDataCollectionManager.AfterTestRunEnd: Get attachment set and invoked data collectors processId: 18764 port: 53065
TpTrace Verbose: 0 : 19592, 13, 2025/03/17, 18:14:51.095, 4687925380341, vstest.console.dll, DataCollectionRequestSender.SendAfterTestRunStartAndGetResult: Send AfterTestRunEnd message with isCancelled: False
TpTrace Verbose: 0 : 19592, 13, 2025/03/17, 18:14:51.100, 4687925430217, vstest.console.dll, DataCollectionRequestSender.SendAfterTestRunStartAndGetResult: Received message: (DataCollection.AfterTestRunEndResult) -> {"MessageType":"DataCollection.AfterTestRunEndResult","Payload":{"AttachmentSets":[],"InvokedDataCollectors":[{"Uri":"datacollector://Microsoft/TestPlatform/Extensions/Blame/v1","FriendlyName":"Blame","AssemblyQualifiedName":"Microsoft.TestPlatform.Extensions.BlameDataCollector.BlameCollector, Microsoft.TestPlatform.Extensions.BlameDataCollector, Version=15.0.0.0, Culture=neutral, PublicKeyToken=b03f5f7f11d50a3a","FilePath":"C:\\Program Files\\dotnet\\sdk\\9.0.101\\Extensions\\Microsoft.TestPlatform.Extensions.BlameDataCollector.dll","HasAttachmentProcessor":false}],"Metrics":{}}}
TpTrace Information: 0 : 19592, 13, 2025/03/17, 18:14:51.104, 4687925470267, vstest.console.dll, ProxyDataCollectionManager.InvokeDataCollectionServiceAction: Completed.
TpTrace Warning: 0 : 19592, 10, 2025/03/17, 18:14:51.104, 4687925474129, vstest.console.dll, DataCollectionLauncher.ErrorReceivedCallback datacollector standard error line: 
TpTrace Information: 0 : 19592, 10, 2025/03/17, 18:14:51.112, 4687925550697, vstest.console.dll, DataCollectionLauncher.ExitCallBack: Data collector exited with exitcode: 0 error: ''
TpTrace Verbose: 0 : 19592, 13, 2025/03/17, 18:14:51.135, 4687925784996, vstest.console.dll, TestRunRequest:SendTestRunStatsChange: Starting.
TpTrace Verbose: 0 : 19592, 13, 2025/03/17, 18:14:51.135, 4687925786262, vstest.console.dll, MulticastDelegateUtilities.SafeInvoke: TestRun.RunStatsChanged: Invoking callbacks was skipped because there are no subscribers.
TpTrace Information: 0 : 19592, 13, 2025/03/17, 18:14:51.135, 4687925786514, vstest.console.dll, TestRunRequest:SendTestRunStatsChange: Completed.
TpTrace Verbose: 0 : 19592, 4, 2025/03/17, 18:14:51.135, 4687925787190, vstest.console.dll, MulticastDelegateUtilities.SafeInvoke: InternalTestLoggerEvents.SendTestResult: Invoking callback 1/1 for Microsoft.VisualStudio.TestPlatform.CommandLine.Internal.ConsoleLogger., took 0 ms.
TpTrace Verbose: 0 : 19592, 4, 2025/03/17, 18:14:51.135, 4687925787998, vstest.console.dll, MulticastDelegateUtilities.SafeInvoke: InternalTestLoggerEvents.SendTestResult: Invoking callback 1/1 for Microsoft.VisualStudio.TestPlatform.CommandLine.Internal.ConsoleLogger., took 0 ms.
TpTrace Verbose: 0 : 19592, 4, 2025/03/17, 18:14:51.135, 4687925788343, vstest.console.dll, MulticastDelegateUtilities.SafeInvoke: InternalTestLoggerEvents.SendTestResult: Invoking callback 1/1 for Microsoft.VisualStudio.TestPlatform.CommandLine.Internal.ConsoleLogger., took 0 ms.
TpTrace Verbose: 0 : 19592, 13, 2025/03/17, 18:14:51.135, 4687925788907, vstest.console.dll, ParallelProxyExecutionManager: HandlePartialRunComplete: Total workloads = 1, Total started clients = 1 Total completed clients = 1, Run complete = True, Run canceled: False.
TpTrace Verbose: 0 : 19592, 13, 2025/03/17, 18:14:51.136, 4687925789238, vstest.console.dll, ParallelProxyExecutionManager: HandlePartialRunComplete: All runs completed stopping all managers.
TpTrace Verbose: 0 : 19592, 13, 2025/03/17, 18:14:51.136, 4687925789513, vstest.console.dll, ParallelOperationManager.StopAllManagers: Stopping all managers.
TpTrace Verbose: 0 : 19592, 13, 2025/03/17, 18:14:51.136, 4687925789745, vstest.console.dll, ParallelOperationManager.ClearSlots: Clearing all slots. Slots should accept more work: False
TpTrace Verbose: 0 : 19592, 13, 2025/03/17, 18:14:51.136, 4687925790023, vstest.console.dll, ParallelOperationManager.SetOccupiedSlotCount: Setting slot counts AvailableSlotCount = 1, OccupiedSlotCount = 0.
TpTrace Verbose: 0 : 19592, 13, 2025/03/17, 18:14:51.136, 4687925790262, vstest.console.dll, Occupied slots:

TpTrace Verbose: 0 : 19592, 4, 2025/03/17, 18:14:51.142, 4687925853884, vstest.console.dll, MulticastDelegateUtilities.SafeInvoke: InternalTestLoggerEvents.SendTestRunComplete: Invoking callback 1/2 for Microsoft.TestPlatform.Extensions.BlameDataCollector.BlameLogger., took 0 ms.
TpTrace Verbose: 0 : 19592, 4, 2025/03/17, 18:14:51.147, 4687925900008, vstest.console.dll, MulticastDelegateUtilities.SafeInvoke: InternalTestLoggerEvents.SendTestRunComplete: Invoking callback 2/2 for Microsoft.VisualStudio.TestPlatform.CommandLine.Internal.ConsoleLogger., took 4 ms.
TpTrace Verbose: 0 : 19592, 13, 2025/03/17, 18:14:51.147, 4687925903106, vstest.console.dll, TestRunRequest:TestRunComplete: Starting. IsAborted:False IsCanceled:False.
TpTrace Verbose: 0 : 19592, 13, 2025/03/17, 18:14:51.147, 4687925904665, vstest.console.dll, ParallelOperationManager.DoActionOnAllManagers: Calling an action on all managers.
TpTrace Verbose: 0 : 19592, 13, 2025/03/17, 18:14:51.148, 4687925915251, vstest.console.dll, TestLoggerManager.HandleTestRunComplete: Ignoring as the object is disposed.
TpTrace Verbose: 0 : 19592, 13, 2025/03/17, 18:14:51.148, 4687925917042, vstest.console.dll, MulticastDelegateUtilities.SafeInvoke: TestRun.TestRunComplete: Invoking callback 1/2 for Microsoft.VisualStudio.TestPlatform.CommandLine.TestRunResultAggregator., took 0 ms.
TpTrace Verbose: 0 : 19592, 13, 2025/03/17, 18:14:51.148, 4687925918039, vstest.console.dll, MulticastDelegateUtilities.SafeInvoke: TestRun.TestRunComplete: Invoking callback 2/2 for Microsoft.VisualStudio.TestPlatform.CommandLine.Processors.RunTestsArgumentExecutor+TestRunRequestEventsRegistrar., took 0 ms.
TpTrace Information: 0 : 19592, 13, 2025/03/17, 18:14:51.148, 4687925918812, vstest.console.dll, TestRunRequest:TestRunComplete: Completed.
TpTrace Verbose: 0 : 19592, 13, 2025/03/17, 18:14:51.148, 4687925919156, vstest.console.dll, TestRequestSender.SetOperationComplete: Setting operation complete.
TpTrace Information: 0 : 19592, 13, 2025/03/17, 18:14:51.149, 4687925919423, vstest.console.dll, SocketServer.Stop: Stop server endPoint: 127.0.0.1:53068
TpTrace Information: 0 : 19592, 13, 2025/03/17, 18:14:51.149, 4687925919609, vstest.console.dll, SocketServer.Stop: Cancellation requested. Stopping message loop.
TpTrace Verbose: 0 : 19592, 1, 2025/03/17, 18:14:51.149, 4687925919610, vstest.console.dll, TestRunRequest.Dispose: Starting.
TpTrace Verbose: 0 : 19592, 13, 2025/03/17, 18:14:51.149, 4687925919839, vstest.console.dll, MulticastDelegateUtilities.SafeInvoke: LengthPrefixCommunicationChannel: MessageReceived: Invoking callback 1/1 for Microsoft.VisualStudio.TestPlatform.CommunicationUtilities.TestRequestSender+<>c__DisplayClass34_0., took 104 ms.
TpTrace Information: 0 : 19592, 1, 2025/03/17, 18:14:51.149, 4687925920458, vstest.console.dll, TestRunRequest.Dispose: Completed.
TpTrace Information: 0 : 19592, 1, 2025/03/17, 18:14:51.149, 4687925920871, vstest.console.dll, TestRequestManager.RunTests: run tests completed.
TpTrace Information: 0 : 19592, 13, 2025/03/17, 18:14:51.149, 4687925920894, vstest.console.dll, SocketServer.PrivateStop: Stopping server endPoint: 127.0.0.1:53068 error: 
TpTrace Information: 0 : 19592, 1, 2025/03/17, 18:14:51.149, 4687925921582, vstest.console.dll, RunTestsArgumentProcessor:Execute: Test run is completed.
TpTrace Verbose: 0 : 19592, 1, 2025/03/17, 18:14:51.149, 4687925923280, vstest.console.dll, Executor.Execute: Exiting with exit code of 0
TpTrace Verbose: 0 : 19592, 13, 2025/03/17, 18:14:51.149, 4687925924593, vstest.console.dll, LengthPrefixCommunicationChannel.Dispose: Dispose reader and writer.
TpTrace Information: 0 : 19592, 13, 2025/03/17, 18:14:51.149, 4687925925387, vstest.console.dll, SocketServer.Stop: Raise disconnected event endPoint: 127.0.0.1:53068 error: 
TpTrace Verbose: 0 : 19592, 13, 2025/03/17, 18:14:51.149, 4687925925964, vstest.console.dll, TestRequestSender: OnTestRunAbort: Operation is already complete. Skip error message.
TpTrace Verbose: 0 : 19592, 13, 2025/03/17, 18:14:51.149, 4687925926240, vstest.console.dll, MulticastDelegateUtilities.SafeInvoke: SocketServer: ClientDisconnected: Invoking callback 1/1 for Microsoft.VisualStudio.TestPlatform.CommunicationUtilities.TestRequestSender., took 0 ms.
TpTrace Verbose: 0 : 19592, 13, 2025/03/17, 18:14:51.149, 4687925926448, vstest.console.dll, TcpClientExtensions.MessageLoopAsync: exiting MessageLoopAsync remoteEndPoint: 127.0.0.1:53069 localEndPoint: 127.0.0.1:53068
